#
# There is insufficient memory for the Java Runtime Environment to continue.
# Native memory allocation (mmap) failed to map 34603008 bytes for Failed to commit area from 0x0000000086c00000 to 0x0000000088d00000 of length 34603008.
# Possible reasons:
#   The system is out of physical RAM or swap space
#   The process is running with CompressedOops enabled, and the Java Heap may be blocking the growth of the native heap
# Possible solutions:
#   Reduce memory load on the system
#   Increase physical memory or swap space
#   Check if swap backing store is full
#   Decrease Java heap size (-Xmx/-Xms)
#   Decrease number of Java threads
#   Decrease Java thread stack sizes (-Xss)
#   Set larger code cache with -XX:ReservedCodeCacheSize=
#   JVM is running with Unscaled Compressed Oops mode in which the Java heap is
#     placed in the first 4GB address space. The Java Heap base address is the
#     maximum limit for the native heap growth. Please use -XX:HeapBaseMinAddress
#     to set the Java Heap base and to place the Java Heap above 4GB virtual address.
# This output file may be truncated or incomplete.
#
#  Out of Memory Error (./src/hotspot/os/windows/os_windows.cpp:3386), pid=21056, tid=17288
#
# JRE version: OpenJDK Runtime Environment Microsoft-7208460 (11.0.18+10) (build 11.0.18+10-LTS)
# Java VM: OpenJDK 64-Bit Server VM Microsoft-7208460 (11.0.18+10-LTS, mixed mode, tiered, compressed oops, g1 gc, windows-amd64)
# No core dump will be written. Minidumps are not enabled by default on client versions of Windows
#

---------------  S U M M A R Y ------------

Command Line: -XX:MaxMetaspaceSize=512m --add-opens=java.base/java.util=ALL-UNNAMED --add-opens=java.base/java.lang=ALL-UNNAMED --add-opens=java.base/java.lang.invoke=ALL-UNNAMED --add-opens=java.prefs/java.util.prefs=ALL-UNNAMED --add-opens=java.base/java.nio.charset=ALL-UNNAMED --add-opens=java.base/java.net=ALL-UNNAMED --add-opens=java.base/java.util.concurrent.atomic=ALL-UNNAMED -Xmx2048m -Dfile.encoding=windows-1252 -Duser.country=US -Duser.language=en -Duser.variant org.gradle.launcher.daemon.bootstrap.GradleDaemon 8.0.1

Host: Intel(R) Core(TM) i3-6006U CPU @ 2.00GHz, 4 cores, 3G,  Windows 10 , 64 bit Build 19041 (10.0.19041.3636)
Time: Mon Jun 10 00:09:26 2024 Pacific Daylight Time elapsed time: 67.113726 seconds (0d 0h 1m 7s)

---------------  T H R E A D  ---------------

Current thread (0x0000018f32a9e800):  VMThread "VM Thread" [stack: 0x0000004135100000,0x0000004135200000] [id=17288]

Stack: [0x0000004135100000,0x0000004135200000]
[error occurred during error reporting (printing stack bounds), id 0xc0000005, EXCEPTION_ACCESS_VIOLATION (0xc0000005) at pc=0x0000018f1c9d112d]

Native frames: (J=compiled Java code, j=interpreted, Vv=VM code, C=native code)
V  [jvm.dll+0x62bf8a]
V  [jvm.dll+0x7b8fb9]
V  [jvm.dll+0x7ba6a8]
V  [jvm.dll+0x7bace5]
V  [jvm.dll+0x7bac9b]
V  [jvm.dll+0x62b317]
V  [jvm.dll+0x62ba28]
C  [ntdll.dll+0xa247f]
C  [ntdll.dll+0x514b4]
C  [ntdll.dll+0xa0f8e]
C  0x0000018f1c9d112d

VM_Operation (0x00000041365ef600): G1CollectForAllocation, mode: safepoint, requested by thread 0x0000018f348bd000


---------------  P R O C E S S  ---------------

Threads class SMR info:
_java_thread_list=0x0000018f3ab36460, length=85, elements={
0x0000018f14257800, 0x0000018f32ab3000, 0x0000018f32abc800, 0x0000018f32ac7800,
0x0000018f32ac8800, 0x0000018f32ac9800, 0x0000018f32ace800, 0x0000018f32ad3000,
0x0000018f32adc000, 0x0000018f3357e000, 0x0000018f356a5800, 0x0000018f34cd1800,
0x0000018f352cb800, 0x0000018f35877000, 0x0000018f35877800, 0x0000018f354d7800,
0x0000018f348bd000, 0x0000018f346ea800, 0x0000018f346eb000, 0x0000018f35248000,
0x0000018f334f6000, 0x0000018f334f7000, 0x0000018f334f4800, 0x0000018f334f7800,
0x0000018f334f5000, 0x0000018f334f9000, 0x0000018f334f8800, 0x0000018f334fa000,
0x0000018f334fb000, 0x0000018f36113800, 0x0000018f36116000, 0x0000018f36110800,
0x0000018f36117000, 0x0000018f36115000, 0x0000018f36117800, 0x0000018f36118800,
0x0000018f36113000, 0x0000018f36119800, 0x0000018f3611b000, 0x0000018f3611a000,
0x0000018f3611e000, 0x0000018f3611c800, 0x0000018f3611b800, 0x0000018f3611d800,
0x0000018f3611f000, 0x0000018f37420000, 0x0000018f37420800, 0x0000018f37422800,
0x0000018f37424000, 0x0000018f37425000, 0x0000018f37421800, 0x0000018f37423000,
0x0000018f3741f000, 0x0000018f37425800, 0x0000018f37429000, 0x0000018f3742a800,
0x0000018f37429800, 0x0000018f3742c000, 0x0000018f37427000, 0x0000018f37426800,
0x0000018f3742b800, 0x0000018f3742d000, 0x0000018f3742e000, 0x0000018f37428000,
0x0000018f3838c800, 0x0000018f3838e800, 0x0000018f3838b000, 0x0000018f3838d800,
0x0000018f3838f000, 0x0000018f38391800, 0x0000018f38391000, 0x0000018f3838c000,
0x0000018f38397800, 0x0000018f38396800, 0x0000018f38398000, 0x0000018f38392800,
0x0000018f38399000, 0x0000018f38393000, 0x0000018f38395800, 0x0000018f3839a000,
0x0000018f38394000, 0x0000018f38395000, 0x0000018f3a9fe800, 0x0000018f3a9ff000,
0x0000018f3aa00000
}

Java Threads: ( => current thread )
  0x0000018f14257800 JavaThread "main" [_thread_blocked, id=19576, stack(0x0000004134b00000,0x0000004134c00000)]
  0x0000018f32ab3000 JavaThread "Reference Handler" daemon [_thread_blocked, id=18720, stack(0x0000004135200000,0x0000004135300000)]
  0x0000018f32abc800 JavaThread "Finalizer" daemon [_thread_blocked, id=23180, stack(0x0000004135300000,0x0000004135400000)]
  0x0000018f32ac7800 JavaThread "Signal Dispatcher" daemon [_thread_blocked, id=11044, stack(0x0000004135400000,0x0000004135500000)]
  0x0000018f32ac8800 JavaThread "Attach Listener" daemon [_thread_blocked, id=13424, stack(0x0000004135500000,0x0000004135600000)]
  0x0000018f32ac9800 JavaThread "Service Thread" daemon [_thread_blocked, id=23664, stack(0x0000004135600000,0x0000004135700000)]
  0x0000018f32ace800 JavaThread "C2 CompilerThread0" daemon [_thread_in_native, id=14608, stack(0x0000004135700000,0x0000004135800000)]
  0x0000018f32ad3000 JavaThread "C1 CompilerThread0" daemon [_thread_blocked, id=12188, stack(0x0000004135800000,0x0000004135900000)]
  0x0000018f32adc000 JavaThread "Sweeper thread" daemon [_thread_blocked, id=23744, stack(0x0000004135900000,0x0000004135a00000)]
  0x0000018f3357e000 JavaThread "Common-Cleaner" daemon [_thread_blocked, id=24120, stack(0x0000004135a00000,0x0000004135b00000)]
  0x0000018f356a5800 JavaThread "Daemon health stats" [_thread_blocked, id=8212, stack(0x0000004135d00000,0x0000004135e00000)]
  0x0000018f34cd1800 JavaThread "Incoming local TCP Connector on port 9028" [_thread_in_native, id=23532, stack(0x0000004136000000,0x0000004136100000)]
  0x0000018f352cb800 JavaThread "Daemon periodic checks" [_thread_blocked, id=16920, stack(0x0000004136100000,0x0000004136200000)]
  0x0000018f35877000 JavaThread "Daemon" [_thread_blocked, id=15920, stack(0x0000004136200000,0x0000004136300000)]
  0x0000018f35877800 JavaThread "Handler for socket connection from /127.0.0.1:9028 to /127.0.0.1:9029" [_thread_in_native, id=13024, stack(0x0000004136300000,0x0000004136400000)]
  0x0000018f354d7800 JavaThread "Cancel handler" [_thread_blocked, id=16620, stack(0x0000004136400000,0x0000004136500000)]
  0x0000018f348bd000 JavaThread "Daemon worker" [_thread_blocked, id=12200, stack(0x0000004136500000,0x0000004136600000)]
  0x0000018f346ea800 JavaThread "Asynchronous log dispatcher for DefaultDaemonConnection: socket connection from /127.0.0.1:9028 to /127.0.0.1:9029" [_thread_blocked, id=22760, stack(0x0000004136600000,0x0000004136700000)]
  0x0000018f346eb000 JavaThread "Stdin handler" [_thread_blocked, id=2076, stack(0x0000004136700000,0x0000004136800000)]
  0x0000018f35248000 JavaThread "Daemon client event forwarder" [_thread_blocked, id=15484, stack(0x0000004136800000,0x0000004136900000)]
  0x0000018f334f6000 JavaThread "Cache worker for journal cache (C:\Users\IT Foundation\.gradle\caches\journal-1)" [_thread_blocked, id=22864, stack(0x0000004136900000,0x0000004136a00000)]
  0x0000018f334f7000 JavaThread "File lock request listener" [_thread_in_native, id=22060, stack(0x0000004136a00000,0x0000004136b00000)]
  0x0000018f334f4800 JavaThread "Cache worker for file hash cache (C:\Users\IT Foundation\.gradle\caches\8.0.1\fileHashes)" [_thread_blocked, id=2536, stack(0x0000004136b00000,0x0000004136c00000)]
  0x0000018f334f7800 JavaThread "File watcher server" daemon [_thread_in_native, id=23740, stack(0x0000004136c00000,0x0000004136d00000)]
  0x0000018f334f5000 JavaThread "File watcher consumer" daemon [_thread_blocked, id=4380, stack(0x0000004136d00000,0x0000004136e00000)]
  0x0000018f334f9000 JavaThread "Cache worker for checksums cache (D:\reactntv\Myapp\android\.gradle\8.0.1\checksums)" [_thread_blocked, id=18304, stack(0x0000004136e00000,0x0000004136f00000)]
  0x0000018f334f8800 JavaThread "Cache worker for cache directory md-rule (C:\Users\IT Foundation\.gradle\caches\8.0.1\md-rule)" [_thread_blocked, id=18584, stack(0x0000004136f00000,0x0000004137000000)]
  0x0000018f334fa000 JavaThread "Cache worker for file content cache (C:\Users\IT Foundation\.gradle\caches\8.0.1\fileContent)" [_thread_blocked, id=4976, stack(0x0000004137000000,0x0000004137100000)]
  0x0000018f334fb000 JavaThread "Cache worker for file hash cache (D:\reactntv\Myapp\android\.gradle\8.0.1\fileHashes)" [_thread_blocked, id=5588, stack(0x0000004137100000,0x0000004137200000)]
  0x0000018f36113800 JavaThread "Cache worker for cache directory md-supplier (C:\Users\IT Foundation\.gradle\caches\8.0.1\md-supplier)" [_thread_blocked, id=14104, stack(0x0000004137200000,0x0000004137300000)]
  0x0000018f36116000 JavaThread "Cache worker for execution history cache (C:\Users\IT Foundation\.gradle\caches\8.0.1\executionHistory)" [_thread_blocked, id=22352, stack(0x0000004137300000,0x0000004137400000)]
  0x0000018f36110800 JavaThread "jar transforms" [_thread_blocked, id=5232, stack(0x0000004137400000,0x0000004137500000)]
  0x0000018f36117000 JavaThread "jar transforms Thread 2" [_thread_blocked, id=18484, stack(0x0000004137500000,0x0000004137600000)]
  0x0000018f36115000 JavaThread "jar transforms Thread 3" [_thread_blocked, id=11340, stack(0x0000004137600000,0x0000004137700000)]
  0x0000018f36117800 JavaThread "jar transforms Thread 4" [_thread_blocked, id=23732, stack(0x0000004137700000,0x0000004137800000)]
  0x0000018f36118800 JavaThread "Cache worker for kotlin-dsl (C:\Users\IT Foundation\.gradle\caches\8.0.1\kotlin-dsl)" [_thread_blocked, id=22844, stack(0x0000004137800000,0x0000004137900000)]
  0x0000018f36113000 JavaThread "Cache worker for dependencies-accessors (D:\reactntv\Myapp\android\.gradle\8.0.1\dependencies-accessors)" [_thread_blocked, id=16508, stack(0x0000004137b00000,0x0000004137c00000)]
  0x0000018f36119800 JavaThread "Cache worker for Build Output Cleanup Cache (D:\reactntv\Myapp\node_modules\@react-native\gradle-plugin\.gradle\buildOutputCleanup)" [_thread_blocked, id=2268, stack(0x0000004134800000,0x0000004134900000)]
  0x0000018f3611b000 JavaThread "Unconstrained build operations" [_thread_blocked, id=12760, stack(0x0000004137d00000,0x0000004137e00000)]
  0x0000018f3611a000 JavaThread "Unconstrained build operations Thread 2" [_thread_blocked, id=15780, stack(0x0000004137e00000,0x0000004137f00000)]
  0x0000018f3611e000 JavaThread "Unconstrained build operations Thread 3" [_thread_blocked, id=6636, stack(0x0000004137f00000,0x0000004138000000)]
  0x0000018f3611c800 JavaThread "Unconstrained build operations Thread 4" [_thread_blocked, id=23300, stack(0x0000004138000000,0x0000004138100000)]
  0x0000018f3611b800 JavaThread "Unconstrained build operations Thread 5" [_thread_blocked, id=22328, stack(0x0000004138100000,0x0000004138200000)]
  0x0000018f3611d800 JavaThread "Unconstrained build operations Thread 6" [_thread_blocked, id=24424, stack(0x0000004138200000,0x0000004138300000)]
  0x0000018f3611f000 JavaThread "Unconstrained build operations Thread 7" [_thread_blocked, id=3008, stack(0x0000004138300000,0x0000004138400000)]
  0x0000018f37420000 JavaThread "Unconstrained build operations Thread 8" [_thread_blocked, id=22768, stack(0x0000004138400000,0x0000004138500000)]
  0x0000018f37420800 JavaThread "Unconstrained build operations Thread 9" [_thread_blocked, id=7832, stack(0x0000004138500000,0x0000004138600000)]
  0x0000018f37422800 JavaThread "Unconstrained build operations Thread 10" [_thread_blocked, id=11216, stack(0x0000004138600000,0x0000004138700000)]
  0x0000018f37424000 JavaThread "Unconstrained build operations Thread 11" [_thread_blocked, id=20016, stack(0x0000004138700000,0x0000004138800000)]
  0x0000018f37425000 JavaThread "Unconstrained build operations Thread 12" [_thread_blocked, id=12736, stack(0x0000004138800000,0x0000004138900000)]
  0x0000018f37421800 JavaThread "Unconstrained build operations Thread 13" [_thread_blocked, id=12892, stack(0x0000004138900000,0x0000004138a00000)]
  0x0000018f37423000 JavaThread "Unconstrained build operations Thread 14" [_thread_blocked, id=23020, stack(0x0000004138a00000,0x0000004138b00000)]
  0x0000018f3741f000 JavaThread "Unconstrained build operations Thread 15" [_thread_blocked, id=23124, stack(0x0000004138b00000,0x0000004138c00000)]
  0x0000018f37425800 JavaThread "Unconstrained build operations Thread 16" [_thread_blocked, id=23728, stack(0x0000004138c00000,0x0000004138d00000)]
  0x0000018f37429000 JavaThread "Unconstrained build operations Thread 17" [_thread_blocked, id=14380, stack(0x0000004138d00000,0x0000004138e00000)]
  0x0000018f3742a800 JavaThread "Unconstrained build operations Thread 18" [_thread_blocked, id=24536, stack(0x0000004138e00000,0x0000004138f00000)]
  0x0000018f37429800 JavaThread "Unconstrained build operations Thread 19" [_thread_blocked, id=20792, stack(0x0000004138f00000,0x0000004139000000)]
  0x0000018f3742c000 JavaThread "Unconstrained build operations Thread 20" [_thread_blocked, id=20908, stack(0x0000004139000000,0x0000004139100000)]
  0x0000018f37427000 JavaThread "Unconstrained build operations Thread 21" [_thread_blocked, id=12024, stack(0x0000004139100000,0x0000004139200000)]
  0x0000018f37426800 JavaThread "Unconstrained build operations Thread 22" [_thread_blocked, id=12332, stack(0x0000004139200000,0x0000004139300000)]
  0x0000018f3742b800 JavaThread "Unconstrained build operations Thread 23" [_thread_blocked, id=18216, stack(0x0000004139300000,0x0000004139400000)]
  0x0000018f3742d000 JavaThread "Unconstrained build operations Thread 24" [_thread_blocked, id=10800, stack(0x0000004139400000,0x0000004139500000)]
  0x0000018f3742e000 JavaThread "Unconstrained build operations Thread 25" [_thread_blocked, id=13236, stack(0x0000004139500000,0x0000004139600000)]
  0x0000018f37428000 JavaThread "Unconstrained build operations Thread 26" [_thread_blocked, id=20508, stack(0x0000004139600000,0x0000004139700000)]
  0x0000018f3838c800 JavaThread "Memory manager" [_thread_blocked, id=23868, stack(0x0000004139700000,0x0000004139800000)]
  0x0000018f3838e800 JavaThread "Cache worker for Build Output Cleanup Cache (D:\reactntv\Myapp\android\.gradle\buildOutputCleanup)" [_thread_blocked, id=8868, stack(0x0000004139800000,0x0000004139900000)]
  0x0000018f3838b000 JavaThread "included builds" [_thread_blocked, id=10052, stack(0x0000004139900000,0x0000004139a00000)]
  0x0000018f3838d800 JavaThread "Execution worker" [_thread_blocked, id=24000, stack(0x0000004139a00000,0x0000004139b00000)]
  0x0000018f3838f000 JavaThread "Execution worker Thread 2" [_thread_blocked, id=24456, stack(0x0000004139b00000,0x0000004139c00000)]
  0x0000018f38391800 JavaThread "Execution worker Thread 3" [_thread_blocked, id=21000, stack(0x0000004139c00000,0x0000004139d00000)]
  0x0000018f38391000 JavaThread "Cache worker for execution history cache (D:\reactntv\Myapp\node_modules\@react-native\gradle-plugin\.gradle\8.0.1\executionHistory)" [_thread_blocked, id=2084, stack(0x0000004139d00000,0x0000004139e00000)]
  0x0000018f3838c000 JavaThread "Unconstrained build operations Thread 27" [_thread_blocked, id=21740, stack(0x0000004139e00000,0x0000004139f00000)]
  0x0000018f38397800 JavaThread "Unconstrained build operations Thread 28" [_thread_blocked, id=10960, stack(0x0000004139f00000,0x000000413a000000)]
  0x0000018f38396800 JavaThread "Unconstrained build operations Thread 29" [_thread_blocked, id=4128, stack(0x000000413a000000,0x000000413a100000)]
  0x0000018f38398000 JavaThread "Unconstrained build operations Thread 30" [_thread_blocked, id=15200, stack(0x000000413a100000,0x000000413a200000)]
  0x0000018f38392800 JavaThread "Unconstrained build operations Thread 31" [_thread_blocked, id=21312, stack(0x000000413a200000,0x000000413a300000)]
  0x0000018f38399000 JavaThread "Unconstrained build operations Thread 32" [_thread_blocked, id=23960, stack(0x000000413a300000,0x000000413a400000)]
  0x0000018f38393000 JavaThread "Unconstrained build operations Thread 33" [_thread_blocked, id=7904, stack(0x000000413a400000,0x000000413a500000)]
  0x0000018f38395800 JavaThread "Unconstrained build operations Thread 34" [_thread_blocked, id=10308, stack(0x000000413a500000,0x000000413a600000)]
  0x0000018f3839a000 JavaThread "Unconstrained build operations Thread 35" [_thread_blocked, id=12848, stack(0x000000413a600000,0x000000413a700000)]
  0x0000018f38394000 JavaThread "Unconstrained build operations Thread 36" [_thread_blocked, id=21528, stack(0x000000413a700000,0x000000413a800000)]
  0x0000018f38395000 JavaThread "Unconstrained build operations Thread 37" [_thread_blocked, id=21024, stack(0x000000413a800000,0x000000413a900000)]
  0x0000018f3a9fe800 JavaThread "Unconstrained build operations Thread 38" [_thread_blocked, id=11148, stack(0x000000413a900000,0x000000413aa00000)]
  0x0000018f3a9ff000 JavaThread "Unconstrained build operations Thread 39" [_thread_blocked, id=22568, stack(0x000000413aa00000,0x000000413ab00000)]
  0x0000018f3aa00000 JavaThread "Unconstrained build operations Thread 40" [_thread_blocked, id=24152, stack(0x000000413ab00000,0x000000413ac00000)]

Other Threads:
=>0x0000018f32a9e800 VMThread "VM Thread" [stack: 0x0000004135100000,0x0000004135200000] [id=17288]
  0x0000018f33591000 WatcherThread [stack: 0x0000004135b00000,0x0000004135c00000] [id=5192]
  0x0000018f14271000 GCTaskThread "GC Thread#0" [stack: 0x0000004134c00000,0x0000004134d00000] [id=12868]
  0x0000018f33a59000 GCTaskThread "GC Thread#1" [stack: 0x0000004135c00000,0x0000004135d00000] [id=23592]
  0x0000018f3476c000 GCTaskThread "GC Thread#2" [stack: 0x0000004135e00000,0x0000004135f00000] [id=15352]
  0x0000018f3478f000 GCTaskThread "GC Thread#3" [stack: 0x0000004135f00000,0x0000004136000000] [id=2688]
  0x0000018f142a1000 ConcurrentGCThread "G1 Main Marker" [stack: 0x0000004134d00000,0x0000004134e00000] [id=11832]
  0x0000018f142a3800 ConcurrentGCThread "G1 Conc#0" [stack: 0x0000004134e00000,0x0000004134f00000] [id=12004]
  0x0000018f32910800 ConcurrentGCThread "G1 Refine#0" [stack: 0x0000004134f00000,0x0000004135000000] [id=23272]
  0x0000018f32911800 ConcurrentGCThread "G1 Young RemSet Sampling" [stack: 0x0000004135000000,0x0000004135100000] [id=17064]

Threads with active compile tasks:
C2 CompilerThread0    67203 8804   !   4       com.google.common.reflect.TypeVisitor::visit (244 bytes)

VM state:at safepoint (normal execution)

VM Mutex/Monitor currently owned by a thread:  ([mutex/lock_event])
[0x0000018f142527e0] Threads_lock - owner thread: 0x0000018f32a9e800
[0x0000018f14254370] Heap_lock - owner thread: 0x0000018f348bd000

Heap address: 0x0000000080000000, size: 2048 MB, Compressed Oops mode: 32-bit
Narrow klass base: 0x0000000000000000, Narrow klass shift: 3
Compressed class space size: 528482304 Address: 0x0000000100000000

Heap:
 garbage-first heap   total 144384K, used 71419K [0x0000000080000000, 0x0000000100000000)
  region size 1024K, 3 young (3072K), 3 survivors (3072K)
 Metaspace       used 84516K, capacity 86952K, committed 87068K, reserved 591872K
  class space    used 10866K, capacity 11900K, committed 11980K, reserved 516096K
Heap Regions: E=young(eden), S=young(survivor), O=old, HS=humongous(starts), HC=humongous(continues), CS=collection set, F=free, A=archive, TAMS=top-at-mark-start (previous, next)
|   0|0x0000000080000000, 0x0000000080100000, 0x0000000080100000|100%| O|  |TAMS 0x0000000080100000, 0x0000000080100000| Untracked 
|   1|0x0000000080100000, 0x0000000080200000, 0x0000000080200000|100%| O|  |TAMS 0x0000000080200000, 0x0000000080200000| Untracked 
|   2|0x0000000080200000, 0x0000000080300000, 0x0000000080300000|100%|HS|  |TAMS 0x0000000080300000, 0x0000000080300000| Complete 
|   3|0x0000000080300000, 0x0000000080400000, 0x0000000080400000|100%|HC|  |TAMS 0x0000000080400000, 0x0000000080400000| Complete 
|   4|0x0000000080400000, 0x0000000080500000, 0x0000000080500000|100%|HC|  |TAMS 0x0000000080500000, 0x0000000080500000| Complete 
|   5|0x0000000080500000, 0x0000000080600000, 0x0000000080600000|100%|HC|  |TAMS 0x0000000080600000, 0x0000000080600000| Complete 
|   6|0x0000000080600000, 0x0000000080700000, 0x0000000080700000|100%| O|  |TAMS 0x0000000080700000, 0x0000000080700000| Untracked 
|   7|0x0000000080700000, 0x0000000080800000, 0x0000000080800000|100%| O|  |TAMS 0x0000000080800000, 0x0000000080800000| Untracked 
|   8|0x0000000080800000, 0x0000000080900000, 0x0000000080900000|100%| O|  |TAMS 0x0000000080900000, 0x0000000080900000| Untracked 
|   9|0x0000000080900000, 0x0000000080a00000, 0x0000000080a00000|100%| O|  |TAMS 0x0000000080a00000, 0x0000000080a00000| Untracked 
|  10|0x0000000080a00000, 0x0000000080b00000, 0x0000000080b00000|100%| O|  |TAMS 0x0000000080b00000, 0x0000000080b00000| Untracked 
|  11|0x0000000080b00000, 0x0000000080c00000, 0x0000000080c00000|100%| O|  |TAMS 0x0000000080c00000, 0x0000000080c00000| Untracked 
|  12|0x0000000080c00000, 0x0000000080d00000, 0x0000000080d00000|100%| O|  |TAMS 0x0000000080d00000, 0x0000000080d00000| Untracked 
|  13|0x0000000080d00000, 0x0000000080e00000, 0x0000000080e00000|100%| O|  |TAMS 0x0000000080e00000, 0x0000000080e00000| Untracked 
|  14|0x0000000080e00000, 0x0000000080f00000, 0x0000000080f00000|100%| O|  |TAMS 0x0000000080f00000, 0x0000000080f00000| Untracked 
|  15|0x0000000080f00000, 0x0000000081000000, 0x0000000081000000|100%| O|  |TAMS 0x0000000081000000, 0x0000000081000000| Untracked 
|  16|0x0000000081000000, 0x0000000081100000, 0x0000000081100000|100%| O|  |TAMS 0x0000000081100000, 0x0000000081100000| Untracked 
|  17|0x0000000081100000, 0x0000000081200000, 0x0000000081200000|100%| O|  |TAMS 0x0000000081200000, 0x0000000081200000| Untracked 
|  18|0x0000000081200000, 0x0000000081300000, 0x0000000081300000|100%| O|  |TAMS 0x0000000081300000, 0x0000000081300000| Untracked 
|  19|0x0000000081300000, 0x0000000081400000, 0x0000000081400000|100%| O|  |TAMS 0x0000000081400000, 0x0000000081400000| Untracked 
|  20|0x0000000081400000, 0x0000000081500000, 0x0000000081500000|100%| O|  |TAMS 0x0000000081500000, 0x0000000081500000| Untracked 
|  21|0x0000000081500000, 0x0000000081600000, 0x0000000081600000|100%| O|  |TAMS 0x0000000081600000, 0x0000000081600000| Untracked 
|  22|0x0000000081600000, 0x0000000081700000, 0x0000000081700000|100%| O|  |TAMS 0x0000000081700000, 0x0000000081700000| Untracked 
|  23|0x0000000081700000, 0x0000000081800000, 0x0000000081800000|100%| O|  |TAMS 0x0000000081800000, 0x0000000081800000| Untracked 
|  24|0x0000000081800000, 0x0000000081900000, 0x0000000081900000|100%| O|  |TAMS 0x0000000081900000, 0x0000000081900000| Untracked 
|  25|0x0000000081900000, 0x0000000081a00000, 0x0000000081a00000|100%| O|  |TAMS 0x0000000081a00000, 0x0000000081a00000| Untracked 
|  26|0x0000000081a00000, 0x0000000081b00000, 0x0000000081b00000|100%| O|  |TAMS 0x0000000081b00000, 0x0000000081b00000| Untracked 
|  27|0x0000000081b00000, 0x0000000081c00000, 0x0000000081c00000|100%| O|  |TAMS 0x0000000081c00000, 0x0000000081c00000| Untracked 
|  28|0x0000000081c00000, 0x0000000081d00000, 0x0000000081d00000|100%| O|  |TAMS 0x0000000081d00000, 0x0000000081d00000| Untracked 
|  29|0x0000000081d00000, 0x0000000081e00000, 0x0000000081e00000|100%| O|  |TAMS 0x0000000081e00000, 0x0000000081e00000| Untracked 
|  30|0x0000000081e00000, 0x0000000081f00000, 0x0000000081f00000|100%| O|  |TAMS 0x0000000081f00000, 0x0000000081f00000| Untracked 
|  31|0x0000000081f00000, 0x0000000082000000, 0x0000000082000000|100%| O|  |TAMS 0x0000000082000000, 0x0000000082000000| Untracked 
|  32|0x0000000082000000, 0x0000000082100000, 0x0000000082100000|100%| O|  |TAMS 0x0000000082100000, 0x0000000082100000| Untracked 
|  33|0x0000000082100000, 0x0000000082200000, 0x0000000082200000|100%| O|  |TAMS 0x0000000082200000, 0x0000000082200000| Untracked 
|  34|0x0000000082200000, 0x0000000082300000, 0x0000000082300000|100%| O|  |TAMS 0x0000000082300000, 0x0000000082300000| Untracked 
|  35|0x0000000082300000, 0x0000000082400000, 0x0000000082400000|100%| O|  |TAMS 0x0000000082400000, 0x0000000082400000| Untracked 
|  36|0x0000000082400000, 0x0000000082500000, 0x0000000082500000|100%| O|  |TAMS 0x0000000082500000, 0x0000000082500000| Untracked 
|  37|0x0000000082500000, 0x0000000082600000, 0x0000000082600000|100%|HS|  |TAMS 0x0000000082600000, 0x0000000082600000| Complete 
|  38|0x0000000082600000, 0x0000000082700000, 0x0000000082700000|100%|HC|  |TAMS 0x0000000082700000, 0x0000000082700000| Complete 
|  39|0x0000000082700000, 0x0000000082800000, 0x0000000082800000|100%|HS|  |TAMS 0x0000000082800000, 0x0000000082800000| Complete 
|  40|0x0000000082800000, 0x0000000082900000, 0x0000000082900000|100%|HC|  |TAMS 0x0000000082900000, 0x0000000082900000| Complete 
|  41|0x0000000082900000, 0x0000000082a00000, 0x0000000082a00000|100%|HC|  |TAMS 0x0000000082a00000, 0x0000000082a00000| Complete 
|  42|0x0000000082a00000, 0x0000000082b00000, 0x0000000082b00000|100%|HC|  |TAMS 0x0000000082b00000, 0x0000000082b00000| Complete 
|  43|0x0000000082b00000, 0x0000000082c00000, 0x0000000082c00000|100%| O|  |TAMS 0x0000000082c00000, 0x0000000082c00000| Untracked 
|  44|0x0000000082c00000, 0x0000000082d00000, 0x0000000082d00000|100%| O|  |TAMS 0x0000000082d00000, 0x0000000082d00000| Untracked 
|  45|0x0000000082d00000, 0x0000000082e00000, 0x0000000082e00000|100%| O|  |TAMS 0x0000000082e00000, 0x0000000082e00000| Untracked 
|  46|0x0000000082e00000, 0x0000000082f00000, 0x0000000082f00000|100%| O|  |TAMS 0x0000000082f00000, 0x0000000082f00000| Untracked 
|  47|0x0000000082f00000, 0x0000000083000000, 0x0000000083000000|100%| O|  |TAMS 0x0000000083000000, 0x0000000083000000| Untracked 
|  48|0x0000000083000000, 0x0000000083100000, 0x0000000083100000|100%| O|  |TAMS 0x0000000083100000, 0x0000000083100000| Untracked 
|  49|0x0000000083100000, 0x0000000083200000, 0x0000000083200000|100%| O|  |TAMS 0x0000000083200000, 0x0000000083200000| Untracked 
|  50|0x0000000083200000, 0x0000000083300000, 0x0000000083300000|100%| O|  |TAMS 0x0000000083300000, 0x0000000083300000| Untracked 
|  51|0x0000000083300000, 0x0000000083400000, 0x0000000083400000|100%| O|  |TAMS 0x0000000083400000, 0x0000000083400000| Untracked 
|  52|0x0000000083400000, 0x0000000083500000, 0x0000000083500000|100%| O|  |TAMS 0x0000000083500000, 0x0000000083500000| Untracked 
|  53|0x0000000083500000, 0x0000000083600000, 0x0000000083600000|100%| O|  |TAMS 0x0000000083600000, 0x0000000083600000| Untracked 
|  54|0x0000000083600000, 0x0000000083700000, 0x0000000083700000|100%| O|  |TAMS 0x0000000083700000, 0x0000000083700000| Untracked 
|  55|0x0000000083700000, 0x0000000083800000, 0x0000000083800000|100%| O|  |TAMS 0x0000000083800000, 0x0000000083800000| Untracked 
|  56|0x0000000083800000, 0x0000000083900000, 0x0000000083900000|100%| O|  |TAMS 0x0000000083900000, 0x0000000083900000| Untracked 
|  57|0x0000000083900000, 0x0000000083a00000, 0x0000000083a00000|100%| O|  |TAMS 0x0000000083a00000, 0x0000000083a00000| Untracked 
|  58|0x0000000083a00000, 0x0000000083b00000, 0x0000000083b00000|100%| O|  |TAMS 0x0000000083b00000, 0x0000000083b00000| Untracked 
|  59|0x0000000083b00000, 0x0000000083c00000, 0x0000000083c00000|100%| O|  |TAMS 0x0000000083b6c400, 0x0000000083c00000| Untracked 
|  60|0x0000000083c00000, 0x0000000083d00000, 0x0000000083d00000|100%|HS|  |TAMS 0x0000000083c00000, 0x0000000083d00000| Complete 
|  61|0x0000000083d00000, 0x0000000083e00000, 0x0000000083e00000|100%|HS|  |TAMS 0x0000000083d00000, 0x0000000083e00000| Complete 
|  62|0x0000000083e00000, 0x0000000083f00000, 0x0000000083f00000|100%| O|  |TAMS 0x0000000083e00000, 0x0000000083f00000| Untracked 
|  63|0x0000000083f00000, 0x0000000084000000, 0x0000000084000000|100%| O|  |TAMS 0x0000000083f00000, 0x0000000084000000| Untracked 
|  64|0x0000000084000000, 0x0000000084100000, 0x0000000084100000|100%| O|  |TAMS 0x0000000084000000, 0x0000000084100000| Untracked 
|  65|0x0000000084100000, 0x0000000084200000, 0x0000000084200000|100%| O|  |TAMS 0x0000000084100000, 0x0000000084200000| Untracked 
|  66|0x0000000084200000, 0x00000000842c1c00, 0x0000000084300000| 75%| O|  |TAMS 0x0000000084200000, 0x00000000842c1c00| Untracked 
|  67|0x0000000084300000, 0x0000000084300000, 0x0000000084400000|  0%| F|  |TAMS 0x0000000084300000, 0x0000000084300000| Untracked 
|  68|0x0000000084400000, 0x0000000084400000, 0x0000000084500000|  0%| F|  |TAMS 0x0000000084400000, 0x0000000084400000| Untracked 
|  69|0x0000000084500000, 0x0000000084500000, 0x0000000084600000|  0%| F|  |TAMS 0x0000000084500000, 0x0000000084500000| Untracked 
|  70|0x0000000084600000, 0x0000000084600000, 0x0000000084700000|  0%| F|  |TAMS 0x0000000084600000, 0x0000000084600000| Untracked 
|  71|0x0000000084700000, 0x0000000084700000, 0x0000000084800000|  0%| F|  |TAMS 0x0000000084700000, 0x0000000084700000| Untracked 
|  72|0x0000000084800000, 0x0000000084800000, 0x0000000084900000|  0%| F|  |TAMS 0x0000000084800000, 0x0000000084800000| Untracked 
|  73|0x0000000084900000, 0x0000000084900000, 0x0000000084a00000|  0%| F|  |TAMS 0x0000000084900000, 0x0000000084900000| Untracked 
|  74|0x0000000084a00000, 0x0000000084a00000, 0x0000000084b00000|  0%| F|  |TAMS 0x0000000084a00000, 0x0000000084a00000| Untracked 
|  75|0x0000000084b00000, 0x0000000084b00000, 0x0000000084c00000|  0%| F|  |TAMS 0x0000000084b00000, 0x0000000084b00000| Untracked 
|  76|0x0000000084c00000, 0x0000000084c00000, 0x0000000084d00000|  0%| F|  |TAMS 0x0000000084c00000, 0x0000000084c00000| Untracked 
|  77|0x0000000084d00000, 0x0000000084d00000, 0x0000000084e00000|  0%| F|  |TAMS 0x0000000084d00000, 0x0000000084d00000| Untracked 
|  78|0x0000000084e00000, 0x0000000084e00000, 0x0000000084f00000|  0%| F|  |TAMS 0x0000000084e00000, 0x0000000084e00000| Untracked 
|  79|0x0000000084f00000, 0x0000000084f00000, 0x0000000085000000|  0%| F|  |TAMS 0x0000000084f00000, 0x0000000084f00000| Untracked 
|  80|0x0000000085000000, 0x0000000085000000, 0x0000000085100000|  0%| F|  |TAMS 0x0000000085000000, 0x0000000085000000| Untracked 
|  81|0x0000000085100000, 0x0000000085100000, 0x0000000085200000|  0%| F|  |TAMS 0x0000000085100000, 0x0000000085100000| Untracked 
|  82|0x0000000085200000, 0x0000000085200000, 0x0000000085300000|  0%| F|  |TAMS 0x0000000085200000, 0x0000000085200000| Untracked 
|  83|0x0000000085300000, 0x0000000085300000, 0x0000000085400000|  0%| F|  |TAMS 0x0000000085300000, 0x0000000085300000| Untracked 
|  84|0x0000000085400000, 0x00000000854fd110, 0x0000000085500000| 98%| S|CS|TAMS 0x0000000085400000, 0x0000000085400000| Complete 
|  85|0x0000000085500000, 0x0000000085600000, 0x0000000085600000|100%| S|CS|TAMS 0x0000000085500000, 0x0000000085500000| Complete 
|  86|0x0000000085600000, 0x0000000085700000, 0x0000000085700000|100%| S|CS|TAMS 0x0000000085600000, 0x0000000085600000| Complete 
|  87|0x0000000085700000, 0x0000000085700000, 0x0000000085800000|  0%| F|  |TAMS 0x0000000085700000, 0x0000000085700000| Untracked 
|  88|0x0000000085800000, 0x0000000085800000, 0x0000000085900000|  0%| F|  |TAMS 0x0000000085800000, 0x0000000085800000| Untracked 
|  89|0x0000000085900000, 0x0000000085900000, 0x0000000085a00000|  0%| F|  |TAMS 0x0000000085900000, 0x0000000085900000| Untracked 
|  90|0x0000000085a00000, 0x0000000085a00000, 0x0000000085b00000|  0%| F|  |TAMS 0x0000000085a00000, 0x0000000085a00000| Untracked 
|  91|0x0000000085b00000, 0x0000000085b00000, 0x0000000085c00000|  0%| F|  |TAMS 0x0000000085b00000, 0x0000000085b00000| Untracked 
|  92|0x0000000085c00000, 0x0000000085c00000, 0x0000000085d00000|  0%| F|  |TAMS 0x0000000085c00000, 0x0000000085c00000| Untracked 
|  93|0x0000000085d00000, 0x0000000085d00000, 0x0000000085e00000|  0%| F|  |TAMS 0x0000000085d00000, 0x0000000085d00000| Untracked 
|  94|0x0000000085e00000, 0x0000000085e00000, 0x0000000085f00000|  0%| F|  |TAMS 0x0000000085e00000, 0x0000000085e00000| Untracked 
|  95|0x0000000085f00000, 0x0000000085f00000, 0x0000000086000000|  0%| F|  |TAMS 0x0000000085f00000, 0x0000000085f00000| Untracked 
|  96|0x0000000086000000, 0x0000000086000000, 0x0000000086100000|  0%| F|  |TAMS 0x0000000086000000, 0x0000000086000000| Untracked 
|  97|0x0000000086100000, 0x0000000086100000, 0x0000000086200000|  0%| F|  |TAMS 0x0000000086100000, 0x0000000086100000| Untracked 
|  98|0x0000000086200000, 0x0000000086200000, 0x0000000086300000|  0%| F|  |TAMS 0x0000000086200000, 0x0000000086200000| Untracked 
|  99|0x0000000086300000, 0x0000000086300000, 0x0000000086400000|  0%| F|  |TAMS 0x0000000086300000, 0x0000000086300000| Untracked 
| 100|0x0000000086400000, 0x0000000086400000, 0x0000000086500000|  0%| F|  |TAMS 0x0000000086400000, 0x0000000086400000| Untracked 
| 101|0x0000000086500000, 0x0000000086500000, 0x0000000086600000|  0%| F|  |TAMS 0x0000000086500000, 0x0000000086500000| Untracked 
| 102|0x0000000086600000, 0x0000000086600000, 0x0000000086700000|  0%| F|  |TAMS 0x0000000086600000, 0x0000000086600000| Untracked 
| 103|0x0000000086700000, 0x0000000086700000, 0x0000000086800000|  0%| F|  |TAMS 0x0000000086700000, 0x0000000086700000| Untracked 
| 104|0x0000000086800000, 0x0000000086800000, 0x0000000086900000|  0%| F|  |TAMS 0x0000000086800000, 0x0000000086800000| Untracked 
| 105|0x0000000086900000, 0x0000000086900000, 0x0000000086a00000|  0%| F|  |TAMS 0x0000000086900000, 0x0000000086900000| Untracked 
| 106|0x0000000086a00000, 0x0000000086a00000, 0x0000000086b00000|  0%| F|  |TAMS 0x0000000086a00000, 0x0000000086a00000| Untracked 
| 107|0x0000000086b00000, 0x0000000086b00000, 0x0000000086c00000|  0%| F|  |TAMS 0x0000000086b00000, 0x0000000086b00000| Untracked 

Card table byte_map: [0x0000018f2bdd0000,0x0000018f2c1d0000] _byte_map_base: 0x0000018f2b9d0000

Marking Bits (Prev, Next): (CMBitMap*) 0x0000018f142983e8, (CMBitMap*) 0x0000018f14298420
 Prev Bits: [0x0000018f2c5d0000, 0x0000018f2e5d0000)
 Next Bits: [0x0000018f2e5d0000, 0x0000018f305d0000)

Polling page: 0x0000018f12400000

Metaspace:

Usage:
  Non-class:     73.29 MB capacity,    71.92 MB ( 98%) used,     1.11 MB (  2%) free+waste,   262.56 KB ( <1%) overhead. 
      Class:     11.62 MB capacity,    10.61 MB ( 91%) used,   908.30 KB (  8%) free+waste,   124.75 KB (  1%) overhead. 
       Both:     84.91 MB capacity,    82.54 MB ( 97%) used,     2.00 MB (  2%) free+waste,   387.31 KB ( <1%) overhead. 

Virtual space:
  Non-class space:       74.00 MB reserved,      73.33 MB (>99%) committed 
      Class space:      504.00 MB reserved,      11.70 MB (  2%) committed 
             Both:      578.00 MB reserved,      85.03 MB ( 15%) committed 

Chunk freelists:
   Non-Class:  36.00 KB
       Class:  4.00 KB
        Both:  40.00 KB

MaxMetaspaceSize: 512.00 MB
CompressedClassSpaceSize: 504.00 MB
Initial GC threshold: 20.80 MB
Current GC threshold: 134.63 MB
CDS: off

CodeHeap 'non-profiled nmethods': size=120064Kb used=4732Kb max_used=4732Kb free=115331Kb
 bounds [0x0000018f24490000, 0x0000018f24930000, 0x0000018f2b9d0000]
CodeHeap 'profiled nmethods': size=120000Kb used=19258Kb max_used=19258Kb free=100741Kb
 bounds [0x0000018f1cf60000, 0x0000018f1e230000, 0x0000018f24490000]
CodeHeap 'non-nmethods': size=5696Kb used=2404Kb max_used=2436Kb free=3291Kb
 bounds [0x0000018f1c9d0000, 0x0000018f1cc40000, 0x0000018f1cf60000]
 total_blobs=9765 nmethods=8833 adapters=843
 compilation: enabled
              stopped_count=0, restarted_count=0
 full_count=0

Compilation events (20 events):
Event: 66.766 Thread 0x0000018f32ad3000 8940       2       java.math.BigInteger::squareToLen (33 bytes)
Event: 66.766 Thread 0x0000018f32ad3000 nmethod 8940 0x0000018f1e229f90 code [0x0000018f1e22a160, 0x0000018f1e22a378]
Event: 66.767 Thread 0x0000018f32ad3000 8941       2       java.util.Arrays::copyOfRange (63 bytes)
Event: 66.768 Thread 0x0000018f32ad3000 nmethod 8941 0x0000018f1e22a490 code [0x0000018f1e22a6c0, 0x0000018f1e22abf8]
Event: 66.768 Thread 0x0000018f32ad3000 8942       2       java.math.MutableBigInteger::normalize (91 bytes)
Event: 66.768 Thread 0x0000018f32ad3000 nmethod 8942 0x0000018f1e22ae90 code [0x0000018f1e22b040, 0x0000018f1e22b278]
Event: 66.768 Thread 0x0000018f32ad3000 8944       2       java.math.MutableBigInteger::getLowestSetBit (74 bytes)
Event: 66.769 Thread 0x0000018f32ad3000 nmethod 8944 0x0000018f1e22b390 code [0x0000018f1e22b560, 0x0000018f1e22b788]
Event: 66.769 Thread 0x0000018f32ad3000 8943       2       java.lang.Integer::numberOfTrailingZeros (79 bytes)
Event: 66.769 Thread 0x0000018f32ad3000 nmethod 8943 0x0000018f1e22b910 code [0x0000018f1e22bac0, 0x0000018f1e22bc18]
Event: 66.797 Thread 0x0000018f32ad3000 8946       2       java.math.BigInteger::multiplyToLenCheck (28 bytes)
Event: 66.798 Thread 0x0000018f32ad3000 nmethod 8946 0x0000018f1e22bc90 code [0x0000018f1e22be60, 0x0000018f1e22c0d8]
Event: 66.846 Thread 0x0000018f32ad3000 8947       3       java.math.MutableBigInteger::mulsub (110 bytes)
Event: 66.847 Thread 0x0000018f32ad3000 nmethod 8947 0x0000018f1e22c290 code [0x0000018f1e22c460, 0x0000018f1e22c738]
Event: 66.860 Thread 0x0000018f32ad3000 8948       2       sun.security.util.SignatureFileVerifier::updateSigners (132 bytes)
Event: 66.862 Thread 0x0000018f32ad3000 nmethod 8948 0x0000018f1e22c910 code [0x0000018f1e22cb80, 0x0000018f1e22d348]
Event: 66.862 Thread 0x0000018f32ad3000 8949       2       sun.security.util.SignatureFileVerifier::matches (93 bytes)
Event: 66.864 Thread 0x0000018f32ad3000 nmethod 8949 0x0000018f1e22d890 code [0x0000018f1e22daa0, 0x0000018f1e22e1d8]
Event: 66.869 Thread 0x0000018f32ad3000 8950       2       java.security.Provider$UString::hashCode (8 bytes)
Event: 66.870 Thread 0x0000018f32ad3000 nmethod 8950 0x0000018f1e22e710 code [0x0000018f1e22e8c0, 0x0000018f1e22e9e8]

GC Heap History (20 events):
Event: 51.776 GC heap after
{Heap after GC invocations=39 (full 0):
 garbage-first heap   total 76800K, used 51808K [0x0000000080000000, 0x0000000100000000)
  region size 1024K, 2 young (2048K), 2 survivors (2048K)
 Metaspace       used 69914K, capacity 71645K, committed 71836K, reserved 579584K
  class space    used 9024K, capacity 9762K, committed 9804K, reserved 516096K
}
Event: 52.259 GC heap before
{Heap before GC invocations=39 (full 0):
 garbage-first heap   total 76800K, used 64096K [0x0000000080000000, 0x0000000100000000)
  region size 1024K, 15 young (15360K), 2 survivors (2048K)
 Metaspace       used 70827K, capacity 72678K, committed 72988K, reserved 579584K
  class space    used 9132K, capacity 9867K, committed 9932K, reserved 516096K
}
Event: 52.267 GC heap after
{Heap after GC invocations=40 (full 0):
 garbage-first heap   total 76800K, used 52755K [0x0000000080000000, 0x0000000100000000)
  region size 1024K, 2 young (2048K), 2 survivors (2048K)
 Metaspace       used 70827K, capacity 72678K, committed 72988K, reserved 579584K
  class space    used 9132K, capacity 9867K, committed 9932K, reserved 516096K
}
Event: 52.803 GC heap before
{Heap before GC invocations=41 (full 0):
 garbage-first heap   total 76800K, used 64019K [0x0000000080000000, 0x0000000100000000)
  region size 1024K, 14 young (14336K), 2 survivors (2048K)
 Metaspace       used 71456K, capacity 73368K, committed 73628K, reserved 581632K
  class space    used 9188K, capacity 10006K, committed 10060K, reserved 516096K
}
Event: 52.815 GC heap after
{Heap after GC invocations=42 (full 0):
 garbage-first heap   total 92160K, used 53360K [0x0000000080000000, 0x0000000100000000)
  region size 1024K, 2 young (2048K), 2 survivors (2048K)
 Metaspace       used 71456K, capacity 73368K, committed 73628K, reserved 581632K
  class space    used 9188K, capacity 10006K, committed 10060K, reserved 516096K
}
Event: 54.047 GC heap before
{Heap before GC invocations=42 (full 0):
 garbage-first heap   total 92160K, used 71792K [0x0000000080000000, 0x0000000100000000)
  region size 1024K, 21 young (21504K), 2 survivors (2048K)
 Metaspace       used 73055K, capacity 75061K, committed 75164K, reserved 581632K
  class space    used 9434K, capacity 10249K, committed 10316K, reserved 516096K
}
Event: 54.057 GC heap after
{Heap after GC invocations=43 (full 0):
 garbage-first heap   total 92160K, used 54219K [0x0000000080000000, 0x0000000100000000)
  region size 1024K, 3 young (3072K), 3 survivors (3072K)
 Metaspace       used 73055K, capacity 75061K, committed 75164K, reserved 581632K
  class space    used 9434K, capacity 10249K, committed 10316K, reserved 516096K
}
Event: 54.662 GC heap before
{Heap before GC invocations=44 (full 0):
 garbage-first heap   total 92160K, used 73675K [0x0000000080000000, 0x0000000100000000)
  region size 1024K, 22 young (22528K), 3 survivors (3072K)
 Metaspace       used 73873K, capacity 75974K, committed 76060K, reserved 583680K
  class space    used 9569K, capacity 10403K, committed 10444K, reserved 516096K
}
Event: 54.674 GC heap after
{Heap after GC invocations=45 (full 0):
 garbage-first heap   total 92160K, used 55331K [0x0000000080000000, 0x0000000100000000)
  region size 1024K, 3 young (3072K), 3 survivors (3072K)
 Metaspace       used 73873K, capacity 75974K, committed 76060K, reserved 583680K
  class space    used 9569K, capacity 10403K, committed 10444K, reserved 516096K
}
Event: 57.530 GC heap before
{Heap before GC invocations=45 (full 0):
 garbage-first heap   total 92160K, used 74787K [0x0000000080000000, 0x0000000100000000)
  region size 1024K, 22 young (22528K), 3 survivors (3072K)
 Metaspace       used 74938K, capacity 76964K, committed 77212K, reserved 583680K
  class space    used 9694K, capacity 10533K, committed 10572K, reserved 516096K
}
Event: 57.552 GC heap after
{Heap after GC invocations=46 (full 0):
 garbage-first heap   total 92160K, used 57006K [0x0000000080000000, 0x0000000100000000)
  region size 1024K, 3 young (3072K), 3 survivors (3072K)
 Metaspace       used 74938K, capacity 76964K, committed 77212K, reserved 583680K
  class space    used 9694K, capacity 10533K, committed 10572K, reserved 516096K
}
Event: 58.442 GC heap before
{Heap before GC invocations=47 (full 0):
 garbage-first heap   total 92160K, used 75438K [0x0000000080000000, 0x0000000100000000)
  region size 1024K, 22 young (22528K), 3 survivors (3072K)
 Metaspace       used 76511K, capacity 78796K, committed 78876K, reserved 585728K
  class space    used 9940K, capacity 10880K, committed 10956K, reserved 516096K
}
Event: 58.464 GC heap after
{Heap after GC invocations=48 (full 0):
 garbage-first heap   total 110592K, used 58617K [0x0000000080000000, 0x0000000100000000)
  region size 1024K, 3 young (3072K), 3 survivors (3072K)
 Metaspace       used 76511K, capacity 78796K, committed 78876K, reserved 585728K
  class space    used 9940K, capacity 10880K, committed 10956K, reserved 516096K
}
Event: 59.850 GC heap before
{Heap before GC invocations=48 (full 0):
 garbage-first heap   total 110592K, used 85241K [0x0000000080000000, 0x0000000100000000)
  region size 1024K, 29 young (29696K), 3 survivors (3072K)
 Metaspace       used 78331K, capacity 80484K, committed 80668K, reserved 585728K
  class space    used 10150K, capacity 11077K, committed 11212K, reserved 516096K
}
Event: 59.915 GC heap after
{Heap after GC invocations=49 (full 0):
 garbage-first heap   total 110592K, used 61045K [0x0000000080000000, 0x0000000100000000)
  region size 1024K, 4 young (4096K), 4 survivors (4096K)
 Metaspace       used 78331K, capacity 80484K, committed 80668K, reserved 585728K
  class space    used 10150K, capacity 11077K, committed 11212K, reserved 516096K
}
Event: 62.365 GC heap before
{Heap before GC invocations=50 (full 0):
 garbage-first heap   total 110592K, used 84597K [0x0000000080000000, 0x0000000100000000)
  region size 1024K, 29 young (29696K), 4 survivors (4096K)
 Metaspace       used 79405K, capacity 81726K, committed 81820K, reserved 587776K
  class space    used 10280K, capacity 11248K, committed 11340K, reserved 516096K
}
Event: 62.396 GC heap after
{Heap after GC invocations=51 (full 0):
 garbage-first heap   total 110592K, used 62602K [0x0000000080000000, 0x0000000100000000)
  region size 1024K, 2 young (2048K), 2 survivors (2048K)
 Metaspace       used 79405K, capacity 81726K, committed 81820K, reserved 587776K
  class space    used 10280K, capacity 11248K, committed 11340K, reserved 516096K
}
Event: 64.416 GC heap before
{Heap before GC invocations=52 (full 0):
 garbage-first heap   total 110592K, used 89226K [0x0000000080000000, 0x0000000100000000)
  region size 1024K, 27 young (27648K), 2 survivors (2048K)
 Metaspace       used 82351K, capacity 84779K, committed 85020K, reserved 589824K
  class space    used 10609K, capacity 11601K, committed 11724K, reserved 516096K
}
Event: 64.450 GC heap after
{Heap after GC invocations=53 (full 0):
 garbage-first heap   total 110592K, used 68371K [0x0000000080000000, 0x0000000100000000)
  region size 1024K, 4 young (4096K), 4 survivors (4096K)
 Metaspace       used 82351K, capacity 84779K, committed 85020K, reserved 589824K
  class space    used 10609K, capacity 11601K, committed 11724K, reserved 516096K
}
Event: 67.038 GC heap before
{Heap before GC invocations=53 (full 0):
 garbage-first heap   total 110592K, used 87827K [0x0000000080000000, 0x0000000100000000)
  region size 1024K, 25 young (25600K), 4 survivors (4096K)
 Metaspace       used 84516K, capacity 86952K, committed 87068K, reserved 591872K
  class space    used 10866K, capacity 11900K, committed 11980K, reserved 516096K
}

Deoptimization events (20 events):
Event: 66.883 Thread 0x0000018f348bd000 Uncommon trap: trap_request=0xffffff4d fr.pc=0x0000018f2457dee8 relative=0x0000000000000288
Event: 66.883 Thread 0x0000018f348bd000 Uncommon trap: reason=unstable_if action=reinterpret pc=0x0000018f2457dee8 method=java.util.jar.JarFile.maybeInstantiateVerifier()V @ 4 c2
Event: 66.883 Thread 0x0000018f348bd000 DEOPT PACKING pc=0x0000018f2457dee8 sp=0x00000041365f0a60
Event: 66.883 Thread 0x0000018f348bd000 DEOPT UNPACKING pc=0x0000018f1ca1a1af sp=0x00000041365f09e8 mode 2
Event: 66.884 Thread 0x0000018f348bd000 Uncommon trap: trap_request=0xffffff4d fr.pc=0x0000018f2467ff54 relative=0x00000000000013d4
Event: 66.884 Thread 0x0000018f348bd000 Uncommon trap: reason=unstable_if action=reinterpret pc=0x0000018f2467ff54 method=java.security.CodeSource.matchCerts(Ljava/security/CodeSource;Z)Z @ 11 c2
Event: 66.884 Thread 0x0000018f348bd000 DEOPT PACKING pc=0x0000018f2467ff54 sp=0x00000041365f0af0
Event: 66.893 Thread 0x0000018f348bd000 DEOPT UNPACKING pc=0x0000018f1ca1a1af sp=0x00000041365f0980 mode 2
Event: 66.893 Thread 0x0000018f348bd000 Uncommon trap: trap_request=0xffffff4d fr.pc=0x0000018f245b2200 relative=0x0000000000000060
Event: 66.893 Thread 0x0000018f348bd000 Uncommon trap: reason=unstable_if action=reinterpret pc=0x0000018f245b2200 method=java.security.CodeSource.getCertificates()[Ljava/security/cert/Certificate; @ 4 c2
Event: 66.893 Thread 0x0000018f348bd000 DEOPT PACKING pc=0x0000018f245b2200 sp=0x00000041365f08e0
Event: 66.893 Thread 0x0000018f348bd000 DEOPT UNPACKING pc=0x0000018f1ca1a1af sp=0x00000041365f0868 mode 2
Event: 66.893 Thread 0x0000018f348bd000 Uncommon trap: trap_request=0xffffff4d fr.pc=0x0000018f246cf700 relative=0x0000000000000060
Event: 66.893 Thread 0x0000018f348bd000 Uncommon trap: reason=unstable_if action=reinterpret pc=0x0000018f246cf700 method=java.lang.ClassLoader.compareCerts([Ljava/security/cert/Certificate;[Ljava/security/cert/Certificate;)Z @ 1 c2
Event: 66.893 Thread 0x0000018f348bd000 DEOPT PACKING pc=0x0000018f246cf700 sp=0x00000041365f08e0
Event: 66.893 Thread 0x0000018f348bd000 DEOPT UNPACKING pc=0x0000018f1ca1a1af sp=0x00000041365f0820 mode 2
Event: 66.894 Thread 0x0000018f348bd000 Uncommon trap: trap_request=0xffffff4d fr.pc=0x0000018f246ef3e4 relative=0x0000000000001024
Event: 66.894 Thread 0x0000018f348bd000 Uncommon trap: reason=unstable_if action=reinterpret pc=0x0000018f246ef3e4 method=java.security.CodeSource.getCertificates()[Ljava/security/cert/Certificate; @ 4 c2
Event: 66.894 Thread 0x0000018f348bd000 DEOPT PACKING pc=0x0000018f246ef3e4 sp=0x00000041365f0aa0
Event: 66.894 Thread 0x0000018f348bd000 DEOPT UNPACKING pc=0x0000018f1ca1a1af sp=0x00000041365f0a38 mode 2

Classes redefined (0 events):
No events

Internal exceptions (20 events):
Event: 62.534 Thread 0x0000018f348bd000 Exception <a 'java/security/PrivilegedActionException'{0x0000000086960d58}> (0x0000000086960d58) thrown at [./src/hotspot/share/prims/jvm.cpp, line 1306]
Event: 62.534 Thread 0x0000018f348bd000 Exception <a 'java/security/PrivilegedActionException'{0x00000000869622c0}> (0x00000000869622c0) thrown at [./src/hotspot/share/prims/jvm.cpp, line 1306]
Event: 62.860 Thread 0x0000018f348bd000 Exception <a 'java/security/PrivilegedActionException'{0x0000000086377fb8}> (0x0000000086377fb8) thrown at [./src/hotspot/share/prims/jvm.cpp, line 1306]
Event: 62.861 Thread 0x0000018f348bd000 Exception <a 'java/security/PrivilegedActionException'{0x0000000086379520}> (0x0000000086379520) thrown at [./src/hotspot/share/prims/jvm.cpp, line 1306]
Event: 62.861 Thread 0x0000018f348bd000 Exception <a 'java/security/PrivilegedActionException'{0x000000008637c9c0}> (0x000000008637c9c0) thrown at [./src/hotspot/share/prims/jvm.cpp, line 1306]
Event: 62.861 Thread 0x0000018f348bd000 Exception <a 'java/security/PrivilegedActionException'{0x000000008637df28}> (0x000000008637df28) thrown at [./src/hotspot/share/prims/jvm.cpp, line 1306]
Event: 62.861 Thread 0x0000018f348bd000 Exception <a 'java/security/PrivilegedActionException'{0x00000000863814e8}> (0x00000000863814e8) thrown at [./src/hotspot/share/prims/jvm.cpp, line 1306]
Event: 62.862 Thread 0x0000018f348bd000 Exception <a 'java/security/PrivilegedActionException'{0x0000000086382a50}> (0x0000000086382a50) thrown at [./src/hotspot/share/prims/jvm.cpp, line 1306]
Event: 62.862 Thread 0x0000018f348bd000 Exception <a 'java/security/PrivilegedActionException'{0x0000000086385f28}> (0x0000000086385f28) thrown at [./src/hotspot/share/prims/jvm.cpp, line 1306]
Event: 62.862 Thread 0x0000018f348bd000 Exception <a 'java/security/PrivilegedActionException'{0x0000000086387490}> (0x0000000086387490) thrown at [./src/hotspot/share/prims/jvm.cpp, line 1306]
Event: 62.862 Thread 0x0000018f348bd000 Exception <a 'java/security/PrivilegedActionException'{0x000000008638a9b0}> (0x000000008638a9b0) thrown at [./src/hotspot/share/prims/jvm.cpp, line 1306]
Event: 62.862 Thread 0x0000018f348bd000 Exception <a 'java/security/PrivilegedActionException'{0x000000008638bf18}> (0x000000008638bf18) thrown at [./src/hotspot/share/prims/jvm.cpp, line 1306]
Event: 62.864 Thread 0x0000018f348bd000 Exception <a 'java/security/PrivilegedActionException'{0x000000008638f4d8}> (0x000000008638f4d8) thrown at [./src/hotspot/share/prims/jvm.cpp, line 1306]
Event: 62.864 Thread 0x0000018f348bd000 Exception <a 'java/security/PrivilegedActionException'{0x0000000086390a40}> (0x0000000086390a40) thrown at [./src/hotspot/share/prims/jvm.cpp, line 1306]
Event: 63.918 Thread 0x0000018f348bd000 Exception <a 'java/lang/NoSuchMethodError'{0x00000000857e1130}: 'java.lang.Object java.lang.invoke.DirectMethodHandle$Holder.invokeStatic(java.lang.Object, java.lang.Object, java.lang.Object, java.lang.Object, java.lang.Object, java.lang.Object, java.lang.Object, java.lang.Object, java.lang.Object, java.lang.Object, java.lang.Object, java.lang.Object, java.lang.Object, int)'> (0x00000000857e1130) thrown at [./src/hotspot/share/interpreter/linkResolver.cpp, line 773]
Event: 63.929 Thread 0x0000018f348bd000 Exception <a 'java/lang/NoSuchMethodError'{0x00000000857eeb18}: 'java.lang.Object java.lang.invoke.DirectMethodHandle$Holder.invokeStatic(java.lang.Object, java.lang.Object, java.lang.Object, java.lang.Object, java.lang.Object, java.lang.Object, java.lang.Object, java.lang.Object, java.lang.Object, java.lang.Object, java.lang.Object, java.lang.Object, java.lang.Object, int, int)'> (0x00000000857eeb18) thrown at [./src/hotspot/share/interpreter/linkResolver.cpp, line 773]
Event: 66.002 Thread 0x0000018f348bd000 Exception <a 'java/lang/NoSuchMethodError'{0x00000000860d84f8}: 'java.lang.Object java.lang.invoke.DirectMethodHandle$Holder.invokeSpecial(java.lang.Object, java.lang.Object, int, int, int, java.lang.Object, java.lang.Object, java.lang.Object, java.lang.Object)'> (0x00000000860d84f8) thrown at [./src/hotspot/share/interpreter/linkResolver.cpp, line 773]
Event: 66.002 Thread 0x0000018f348bd000 Exception <a 'java/lang/NoSuchMethodError'{0x00000000860dcf48}: 'java.lang.Object java.lang.invoke.DelegatingMethodHandle$Holder.reinvoke_L(java.lang.Object, int, int, int, java.lang.Object, java.lang.Object, java.lang.Object, java.lang.Object)'> (0x00000000860dcf48) thrown at [./src/hotspot/share/interpreter/linkResolver.cpp, line 773]
Event: 66.588 Thread 0x0000018f348bd000 Implicit null exception at 0x0000018f247603ad to 0x0000018f24760680
Event: 66.634 Thread 0x0000018f348bd000 Implicit null exception at 0x0000018f2460cc2c to 0x0000018f2460cd5a

Events (20 events):
Event: 66.746 loading class java/time/Instant$1 done
Event: 66.746 loading class java/security/cert/CertPathValidatorException$BasicReason
Event: 66.747 loading class java/security/cert/CertPathValidatorException$Reason
Event: 66.747 loading class java/security/cert/CertPathValidatorException$Reason done
Event: 66.747 loading class java/security/cert/CertPathValidatorException$BasicReason done
Event: 66.849 loading class java/util/Base64
Event: 66.850 loading class java/util/Base64 done
Event: 66.850 loading class java/util/Base64$Decoder
Event: 66.855 loading class java/util/Base64$Decoder done
Event: 66.855 loading class java/util/Base64$Encoder
Event: 66.859 loading class java/util/Base64$Encoder done
Event: 66.862 loading class java/util/jar/JarVerifier$VerifierStream
Event: 66.868 loading class java/util/jar/JarVerifier$VerifierStream done
Event: 66.868 loading class sun/security/util/ManifestEntryVerifier$SunProviderHolder
Event: 66.868 loading class sun/security/util/ManifestEntryVerifier$SunProviderHolder done
Event: 66.882 loading class org/bouncycastle/operator/OperatorException
Event: 66.882 loading class org/bouncycastle/operator/OperatorException done
Event: 66.898 loading class org/bouncycastle/jce/provider/BouncyCastleProvider
Event: 66.899 loading class org/bouncycastle/jce/provider/BouncyCastleProvider done
Event: 67.036 Executing VM operation: G1CollectForAllocation


Dynamic libraries:
0x00007ff79d090000 - 0x00007ff79d09d000 	C:\Program Files\Microsoft\jdk-11.0.18.10-hotspot\bin\java.exe
0x00007ffd47790000 - 0x00007ffd47988000 	C:\WINDOWS\SYSTEM32\ntdll.dll
0x00007ffd466e0000 - 0x00007ffd4679d000 	C:\WINDOWS\System32\KERNEL32.DLL
0x00007ffd44ee0000 - 0x00007ffd451d6000 	C:\WINDOWS\System32\KERNELBASE.dll
0x00007ffd454f0000 - 0x00007ffd455f0000 	C:\WINDOWS\System32\ucrtbase.dll
0x00007ffd3e030000 - 0x00007ffd3e047000 	C:\Program Files\Microsoft\jdk-11.0.18.10-hotspot\bin\jli.dll
0x00007ffd3e0b0000 - 0x00007ffd3e0c5000 	C:\Program Files\Microsoft\jdk-11.0.18.10-hotspot\bin\VCRUNTIME140.dll
0x00007ffd457c0000 - 0x00007ffd4595f000 	C:\WINDOWS\System32\USER32.dll
0x00007ffd3a710000 - 0x00007ffd3a9aa000 	C:\WINDOWS\WinSxS\amd64_microsoft.windows.common-controls_6595b64144ccf1df_6.0.19041.4355_none_60b8b9eb71f62e16\COMCTL32.dll
0x00007ffd460f0000 - 0x00007ffd4618e000 	C:\WINDOWS\System32\msvcrt.dll
0x00007ffd45960000 - 0x00007ffd4598b000 	C:\WINDOWS\System32\GDI32.dll
0x00007ffd45270000 - 0x00007ffd45292000 	C:\WINDOWS\System32\win32u.dll
0x00007ffd452a0000 - 0x00007ffd453b7000 	C:\WINDOWS\System32\gdi32full.dll
0x00007ffd44e40000 - 0x00007ffd44edd000 	C:\WINDOWS\System32\msvcp_win.dll
0x00007ffd45d00000 - 0x00007ffd45d32000 	C:\WINDOWS\System32\IMM32.DLL
0x00007ffd25490000 - 0x00007ffd2552b000 	C:\Program Files\Microsoft\jdk-11.0.18.10-hotspot\bin\msvcp140.dll
0x00007ffcf8f80000 - 0x00007ffcf9b12000 	C:\Program Files\Microsoft\jdk-11.0.18.10-hotspot\bin\server\jvm.dll
0x00007ffd465a0000 - 0x00007ffd46650000 	C:\WINDOWS\System32\ADVAPI32.dll
0x00007ffd46190000 - 0x00007ffd46230000 	C:\WINDOWS\System32\sechost.dll
0x00007ffd45fa0000 - 0x00007ffd460c3000 	C:\WINDOWS\System32\RPCRT4.dll
0x00007ffd45410000 - 0x00007ffd45437000 	C:\WINDOWS\System32\bcrypt.dll
0x00007ffd47430000 - 0x00007ffd47438000 	C:\WINDOWS\System32\PSAPI.DLL
0x00007ffd38d60000 - 0x00007ffd38d69000 	C:\WINDOWS\SYSTEM32\WSOCK32.dll
0x00007ffd47660000 - 0x00007ffd476cb000 	C:\WINDOWS\System32\WS2_32.dll
0x00007ffd3a9c0000 - 0x00007ffd3a9ca000 	C:\WINDOWS\SYSTEM32\VERSION.dll
0x00007ffd2a340000 - 0x00007ffd2a367000 	C:\WINDOWS\SYSTEM32\WINMM.dll
0x00007ffd43650000 - 0x00007ffd43662000 	C:\WINDOWS\SYSTEM32\kernel.appcore.dll
0x00007ffd3edd0000 - 0x00007ffd3ede0000 	C:\Program Files\Microsoft\jdk-11.0.18.10-hotspot\bin\verify.dll
0x00007ffd42bb0000 - 0x00007ffd42d94000 	C:\WINDOWS\SYSTEM32\DBGHELP.DLL
0x00007ffd3d410000 - 0x00007ffd3d444000 	C:\WINDOWS\SYSTEM32\dbgcore.DLL
0x00007ffd451e0000 - 0x00007ffd45262000 	C:\WINDOWS\System32\bcryptPrimitives.dll
0x00007ffd2a130000 - 0x00007ffd2a158000 	C:\Program Files\Microsoft\jdk-11.0.18.10-hotspot\bin\java.dll
0x00007ffd3ec40000 - 0x00007ffd3ec4a000 	C:\Program Files\Microsoft\jdk-11.0.18.10-hotspot\bin\jimage.dll
0x00007ffd3bce0000 - 0x00007ffd3bcf8000 	C:\Program Files\Microsoft\jdk-11.0.18.10-hotspot\bin\zip.dll
0x00007ffd46cc0000 - 0x00007ffd4742b000 	C:\WINDOWS\System32\SHELL32.dll
0x00007ffd42da0000 - 0x00007ffd4353d000 	C:\WINDOWS\SYSTEM32\windows.storage.dll
0x00007ffd459a0000 - 0x00007ffd45cf3000 	C:\WINDOWS\System32\combase.dll
0x00007ffd44790000 - 0x00007ffd447be000 	C:\WINDOWS\SYSTEM32\Wldp.dll
0x00007ffd45ed0000 - 0x00007ffd45f9d000 	C:\WINDOWS\System32\OLEAUT32.dll
0x00007ffd46c10000 - 0x00007ffd46cbd000 	C:\WINDOWS\System32\SHCORE.dll
0x00007ffd46350000 - 0x00007ffd463a5000 	C:\WINDOWS\System32\shlwapi.dll
0x00007ffd44d70000 - 0x00007ffd44d94000 	C:\WINDOWS\SYSTEM32\profapi.dll
0x00007ffd31ed0000 - 0x00007ffd31ee9000 	C:\Program Files\Microsoft\jdk-11.0.18.10-hotspot\bin\net.dll
0x00007ffd3b740000 - 0x00007ffd3b84a000 	C:\WINDOWS\SYSTEM32\WINHTTP.dll
0x00007ffd444f0000 - 0x00007ffd4455a000 	C:\WINDOWS\system32\mswsock.dll
0x00007ffd2a1f0000 - 0x00007ffd2a203000 	C:\Program Files\Microsoft\jdk-11.0.18.10-hotspot\bin\nio.dll
0x00007ffd25460000 - 0x00007ffd25487000 	C:\Users\IT Foundation\.gradle\native\68d5fa5c4cc2d200863cafc0d521ce42e7d3e7ee720ec0a83991735586a16f82\windows-amd64\native-platform.dll
0x00007ffd136b0000 - 0x00007ffd137f4000 	C:\Users\IT Foundation\.gradle\native\e376f236ea51e6404a007f0833ffe2c6e607c4080706a723a18a27aeea778392\windows-amd64\native-platform-file-events.dll
0x00007ffd3dba0000 - 0x00007ffd3dba9000 	C:\Program Files\Microsoft\jdk-11.0.18.10-hotspot\bin\management.dll
0x00007ffd3c6f0000 - 0x00007ffd3c6fb000 	C:\Program Files\Microsoft\jdk-11.0.18.10-hotspot\bin\management_ext.dll
0x00007ffd446e0000 - 0x00007ffd446f8000 	C:\WINDOWS\SYSTEM32\CRYPTSP.dll
0x00007ffd43e10000 - 0x00007ffd43e44000 	C:\WINDOWS\system32\rsaenh.dll
0x00007ffd44d20000 - 0x00007ffd44d4e000 	C:\WINDOWS\SYSTEM32\USERENV.dll
0x00007ffd44700000 - 0x00007ffd4470c000 	C:\WINDOWS\SYSTEM32\CRYPTBASE.dll
0x00007ffd441d0000 - 0x00007ffd4420b000 	C:\WINDOWS\SYSTEM32\IPHLPAPI.DLL
0x00007ffd45990000 - 0x00007ffd45998000 	C:\WINDOWS\System32\NSI.dll
0x00007ffd3ba10000 - 0x00007ffd3ba27000 	C:\WINDOWS\SYSTEM32\dhcpcsvc6.DLL
0x00007ffd3c960000 - 0x00007ffd3c97d000 	C:\WINDOWS\SYSTEM32\dhcpcsvc.DLL
0x00007ffd44210000 - 0x00007ffd442db000 	C:\WINDOWS\SYSTEM32\DNSAPI.dll
0x00007ffd3a320000 - 0x00007ffd3a32e000 	C:\Program Files\Microsoft\jdk-11.0.18.10-hotspot\bin\sunmscapi.dll
0x00007ffd45660000 - 0x00007ffd457be000 	C:\WINDOWS\System32\CRYPT32.dll
0x00007ffd44800000 - 0x00007ffd44829000 	C:\WINDOWS\SYSTEM32\ncrypt.dll
0x00007ffd447c0000 - 0x00007ffd447fb000 	C:\WINDOWS\SYSTEM32\NTASN1.dll
0x00007ffd25430000 - 0x00007ffd25455000 	C:\Program Files\Microsoft\jdk-11.0.18.10-hotspot\bin\sunec.dll
0x00007ffd3a1a0000 - 0x00007ffd3a1aa000 	C:\Windows\System32\rasadhlp.dll
0x00007ffd3ab80000 - 0x00007ffd3ac00000 	C:\WINDOWS\System32\fwpuclnt.dll

dbghelp: loaded successfully - version: 4.0.5 - missing functions: none
symbol engine: initialized successfully - sym options: 0x614 - pdb path: .;C:\Program Files\Microsoft\jdk-11.0.18.10-hotspot\bin;C:\WINDOWS\SYSTEM32;C:\WINDOWS\WinSxS\amd64_microsoft.windows.common-controls_6595b64144ccf1df_6.0.19041.4355_none_60b8b9eb71f62e16;C:\Program Files\Microsoft\jdk-11.0.18.10-hotspot\bin\server;C:\Users\IT Foundation\.gradle\native\68d5fa5c4cc2d200863cafc0d521ce42e7d3e7ee720ec0a83991735586a16f82\windows-amd64;C:\Users\IT Foundation\.gradle\native\e376f236ea51e6404a007f0833ffe2c6e607c4080706a723a18a27aeea778392\windows-amd64

VM Arguments:
jvm_args: -XX:MaxMetaspaceSize=512m --add-opens=java.base/java.util=ALL-UNNAMED --add-opens=java.base/java.lang=ALL-UNNAMED --add-opens=java.base/java.lang.invoke=ALL-UNNAMED --add-opens=java.prefs/java.util.prefs=ALL-UNNAMED --add-opens=java.base/java.nio.charset=ALL-UNNAMED --add-opens=java.base/java.net=ALL-UNNAMED --add-opens=java.base/java.util.concurrent.atomic=ALL-UNNAMED -Xmx2048m -Dfile.encoding=windows-1252 -Duser.country=US -Duser.language=en -Duser.variant 
java_command: org.gradle.launcher.daemon.bootstrap.GradleDaemon 8.0.1
java_class_path (initial): C:\Users\IT Foundation\.gradle\wrapper\dists\gradle-8.0.1-all\aro4hu1c3oeioove7l0i4i14o\gradle-8.0.1\lib\gradle-launcher-8.0.1.jar
Launcher Type: SUN_STANDARD

[Global flags]
     intx CICompilerCount                          = 3                                         {product} {ergonomic}
   size_t CompressedClassSpaceSize                 = 528482304                                 {product} {ergonomic}
     uint ConcGCThreads                            = 1                                         {product} {ergonomic}
     uint G1ConcRefinementThreads                  = 4                                         {product} {ergonomic}
   size_t G1HeapRegionSize                         = 1048576                                   {product} {ergonomic}
    uintx GCDrainStackTargetSize                   = 64                                        {product} {ergonomic}
   size_t InitialHeapSize                          = 65011712                                  {product} {ergonomic}
   size_t MarkStackSize                            = 4194304                                   {product} {ergonomic}
   size_t MaxHeapSize                              = 2147483648                                {product} {command line}
   size_t MaxMetaspaceSize                         = 536870912                                 {product} {command line}
   size_t MaxNewSize                               = 1287651328                                {product} {ergonomic}
   size_t MinHeapDeltaBytes                        = 1048576                                   {product} {ergonomic}
    uintx NonNMethodCodeHeapSize                   = 5830732                                {pd product} {ergonomic}
    uintx NonProfiledCodeHeapSize                  = 122913754                              {pd product} {ergonomic}
    uintx ProfiledCodeHeapSize                     = 122913754                              {pd product} {ergonomic}
    uintx ReservedCodeCacheSize                    = 251658240                              {pd product} {ergonomic}
     bool SegmentedCodeCache                       = true                                      {product} {ergonomic}
     bool UseCompressedClassPointers               = true                                 {lp64_product} {ergonomic}
     bool UseCompressedOops                        = true                                 {lp64_product} {ergonomic}
     bool UseG1GC                                  = true                                      {product} {ergonomic}
     bool UseLargePagesIndividualAllocation        = false                                  {pd product} {ergonomic}

Logging:
Log output configuration:
 #0: stdout all=warning uptime,level,tags
 #1: stderr all=off uptime,level,tags

Environment Variables:
JAVA_HOME=C:\Program Files\Microsoft\jdk-11.0.18.10-hotspot\
CLASSPATH=D:\reactntv\Myapp\android\\gradle\wrapper\gradle-wrapper.jar
PATH=D:\reactntv\Myapp\node_modules\.bin;D:\reactntv\node_modules\.bin;D:\node_modules\.bin;C:\Users\IT Foundation\AppData\Roaming\npm\node_modules\npm\node_modules\@npmcli\run-script\lib\node-gyp-bin;C:\Program Files\Microsoft\jdk-11.0.18.10-hotspot\bin;C:\Python310\Scripts\;C:\Python310\;C:\WINDOWS\system32;C:\WINDOWS;C:\WINDOWS\System32\Wbem;C:\WINDOWS\System32\WindowsPowerShell\v1.0\;C:\WINDOWS\System32\OpenSSH\;C:\ProgramData\chocolatey\bin;C:\Users\IT Foundation\AppData\Local\Android\Sdk\platform-tools;C:\Program Files\dotnet\;D:\node\;C:\Program Files\MongoDB\Server\7.0\bin;C:\Users\IT Foundation\AppData\Local\Programs\Microsoft VS Code\bin;C:\Users\IT Foundation\AppData\Local\Microsoft\WindowsApps;C:\Users\IT Foundation\AppData\Local\GitHubDesktop\bin;C:\Users\IT Foundation\AppData\Local\Android\Sdk\platform-tools;C:\MinGW\bin;C:\Program Files\MongoDB\Server\7.0\bin;C:\Users\IT Foundation\AppData\Roaming\npm
USERNAME=IT Foundation
LANG=en_US.UTF-8
OS=Windows_NT
PROCESSOR_IDENTIFIER=Intel64 Family 6 Model 78 Stepping 3, GenuineIntel
TMP=C:\Users\ITFOUN~1\AppData\Local\Temp
TEMP=C:\Users\ITFOUN~1\AppData\Local\Temp



---------------  S Y S T E M  ---------------

OS: Windows 10 , 64 bit Build 19041 (10.0.19041.3636)
OS uptime: 5 days 20:34 hours

CPU:total 4 (initial active 4) (2 cores per cpu, 2 threads per core) family 6 model 78 stepping 3 microcode 0xcc, cmov, cx8, fxsr, mmx, sse, sse2, sse3, ssse3, sse4.1, sse4.2, popcnt, avx, avx2, aes, clmul, erms, 3dnowpref, lzcnt, ht, tsc, tscinvbit, bmi1, bmi2, adx, fma

Memory: 4k page, system-wide physical 3879M (180M free)
TotalPageFile size 13856M (AvailPageFile size 22M)
current process WorkingSet (physical memory assigned to process): 192M, peak: 261M
current process commit charge ("private bytes"): 365M, peak: 398M

vm_info: OpenJDK 64-Bit Server VM (11.0.18+10-LTS) for windows-amd64 JRE (11.0.18+10-LTS), built on Jan 18 2023 15:56:47 by "MicrosoftCorporation" with MS VC++ 15.9 (VS2017)

END.
