#
# There is insufficient memory for the Java Runtime Environment to continue.
# Native memory allocation (malloc) failed to allocate 1392816 bytes for Chunk::new
# Possible reasons:
#   The system is out of physical RAM or swap space
#   The process is running with CompressedOops enabled, and the Java Heap may be blocking the growth of the native heap
# Possible solutions:
#   Reduce memory load on the system
#   Increase physical memory or swap space
#   Check if swap backing store is full
#   Decrease Java heap size (-Xmx/-Xms)
#   Decrease number of Java threads
#   Decrease Java thread stack sizes (-Xss)
#   Set larger code cache with -XX:ReservedCodeCacheSize=
#   JVM is running with Unscaled Compressed Oops mode in which the Java heap is
#     placed in the first 4GB address space. The Java Heap base address is the
#     maximum limit for the native heap growth. Please use -XX:HeapBaseMinAddress
#     to set the Java Heap base and to place the Java Heap above 4GB virtual address.
# This output file may be truncated or incomplete.
#
#  Out of Memory Error (./src/hotspot/share/memory/arena.cpp:197), pid=30956, tid=16704
#
# JRE version: OpenJDK Runtime Environment Microsoft-7208460 (11.0.18+10) (build 11.0.18+10-LTS)
# Java VM: OpenJDK 64-Bit Server VM Microsoft-7208460 (11.0.18+10-LTS, mixed mode, tiered, compressed oops, g1 gc, windows-amd64)
# No core dump will be written. Minidumps are not enabled by default on client versions of Windows
#

---------------  S U M M A R Y ------------

Command Line: -XX:MaxMetaspaceSize=512m --add-opens=java.base/java.util=ALL-UNNAMED --add-opens=java.base/java.lang=ALL-UNNAMED --add-opens=java.base/java.lang.invoke=ALL-UNNAMED --add-opens=java.prefs/java.util.prefs=ALL-UNNAMED --add-opens=java.base/java.nio.charset=ALL-UNNAMED --add-opens=java.base/java.net=ALL-UNNAMED --add-opens=java.base/java.util.concurrent.atomic=ALL-UNNAMED -Xmx2048m -Dfile.encoding=windows-1252 -Duser.country=US -Duser.language=en -Duser.variant org.gradle.launcher.daemon.bootstrap.GradleDaemon 8.0.1

Host: Intel(R) Core(TM) i3-6006U CPU @ 2.00GHz, 4 cores, 3G,  Windows 10 , 64 bit Build 19041 (10.0.19041.3031)
Time: Wed Aug  2 08:15:36 2023 Pacific Daylight Time elapsed time: 534.801276 seconds (0d 0h 8m 54s)

---------------  T H R E A D  ---------------

Current thread (0x000001c87fc2f000):  JavaThread "C2 CompilerThread0" daemon [_thread_in_native, id=16704, stack(0x0000000a4f700000,0x0000000a4f800000)]


Current CompileTask:
C2: 534801 12857 %     4       org.objectweb.asm.ClassReader::accept @ 194 (1412 bytes)

Stack: [0x0000000a4f700000,0x0000000a4f800000]
Native frames: (J=compiled Java code, j=interpreted, Vv=VM code, C=native code)
V  [jvm.dll+0x62bf8a]
V  [jvm.dll+0x7b8fb9]
V  [jvm.dll+0x7ba6a8]
V  [jvm.dll+0x7bad83]
V  [jvm.dll+0x250248]
V  [jvm.dll+0xc260c]
V  [jvm.dll+0xc2bcc]
V  [jvm.dll+0x35e182]
V  [jvm.dll+0x19ede1]
V  [jvm.dll+0x209495]
V  [jvm.dll+0x20850d]
V  [jvm.dll+0x18a4b1]
V  [jvm.dll+0x217eec]
V  [jvm.dll+0x21612b]
V  [jvm.dll+0x77bac0]
V  [jvm.dll+0x7749f4]
V  [jvm.dll+0x62adf5]
C  [ucrtbase.dll+0x21bb2]
C  [KERNEL32.DLL+0x17614]
C  [ntdll.dll+0x526f1]


---------------  P R O C E S S  ---------------

Threads class SMR info:
_java_thread_list=0x000001c81b6bcc60, length=91, elements={
0x000001c8743be000, 0x000001c87fbda000, 0x000001c87fbcf000, 0x000001c87fc29000,
0x000001c87fc2b000, 0x000001c87fc2c000, 0x000001c87fc2f000, 0x000001c87fc30800,
0x000001c87fc31800, 0x000001c81392e800, 0x000001c8149d1000, 0x000001c815116800,
0x000001c814710800, 0x000001c81571c800, 0x000001c81571c000, 0x000001c815717000,
0x000001c81571b000, 0x000001c815717800, 0x000001c815719800, 0x000001c81780a000,
0x000001c81780b000, 0x000001c81780c800, 0x000001c81780e000, 0x000001c817808800,
0x000001c817812000, 0x000001c81780b800, 0x000001c817809000, 0x000001c817814800,
0x000001c81780f800, 0x000001c817811800, 0x000001c81780f000, 0x000001c817813800,
0x000001c817815800, 0x000001c817816000, 0x000001c817810800, 0x000001c81571a000,
0x000001c81571d800, 0x000001c815718800, 0x000001c8178da000, 0x000001c8178d7800,
0x000001c8178d8000, 0x000001c8178d9000, 0x000001c8178da800, 0x000001c8178db800,
0x000001c8178d5800, 0x000001c8178dc800, 0x000001c8178d6800, 0x000001c8178de000,
0x000001c8178e2000, 0x000001c8178e3000, 0x000001c8178dd000, 0x000001c8178e3800,
0x000001c8178e4800, 0x000001c8178de800, 0x000001c8178e0800, 0x000001c8178df800,
0x000001c8178e1000, 0x000001c814e7b000, 0x000001c814e79800, 0x000001c814e7c000,
0x000001c814e77800, 0x000001c814e78800, 0x000001c814e7c800, 0x000001c814e7d800,
0x000001c814e7e000, 0x000001c814e80000, 0x000001c814e7a000, 0x000001c814e84000,
0x000001c814e7f000, 0x000001c814e84800, 0x000001c814e86800, 0x000001c814e80800,
0x000001c814e81800, 0x000001c814e82800, 0x000001c814e85800, 0x000001c814e83000,
0x000001c815a87000, 0x000001c815a81800, 0x000001c815a84800, 0x000001c815a86800,
0x000001c815a82800, 0x000001c815a85800, 0x000001c815a88000, 0x000001c815a84000,
0x000001c815a89000, 0x000001c815a83000, 0x000001c815a89800, 0x000001c815a8c000,
0x000001c815a8e800, 0x000001c815a8a800, 0x000001c815a8d000
}

Java Threads: ( => current thread )
  0x000001c8743be000 JavaThread "main" [_thread_blocked, id=5656, stack(0x0000000a4eb00000,0x0000000a4ec00000)]
  0x000001c87fbda000 JavaThread "Reference Handler" daemon [_thread_blocked, id=19540, stack(0x0000000a4f200000,0x0000000a4f300000)]
  0x000001c87fbcf000 JavaThread "Finalizer" daemon [_thread_blocked, id=18008, stack(0x0000000a4f300000,0x0000000a4f400000)]
  0x000001c87fc29000 JavaThread "Signal Dispatcher" daemon [_thread_blocked, id=6864, stack(0x0000000a4f400000,0x0000000a4f500000)]
  0x000001c87fc2b000 JavaThread "Attach Listener" daemon [_thread_blocked, id=19908, stack(0x0000000a4f500000,0x0000000a4f600000)]
  0x000001c87fc2c000 JavaThread "Service Thread" daemon [_thread_blocked, id=31612, stack(0x0000000a4f600000,0x0000000a4f700000)]
=>0x000001c87fc2f000 JavaThread "C2 CompilerThread0" daemon [_thread_in_native, id=16704, stack(0x0000000a4f700000,0x0000000a4f800000)]
  0x000001c87fc30800 JavaThread "C1 CompilerThread0" daemon [_thread_blocked, id=27496, stack(0x0000000a4f800000,0x0000000a4f900000)]
  0x000001c87fc31800 JavaThread "Sweeper thread" daemon [_thread_blocked, id=8668, stack(0x0000000a4f900000,0x0000000a4fa00000)]
  0x000001c81392e800 JavaThread "Common-Cleaner" daemon [_thread_blocked, id=17080, stack(0x0000000a4fa00000,0x0000000a4fb00000)]
  0x000001c8149d1000 JavaThread "Daemon health stats" [_thread_blocked, id=30264, stack(0x0000000a4fd00000,0x0000000a4fe00000)]
  0x000001c815116800 JavaThread "Incoming local TCP Connector on port 4121" [_thread_in_native, id=12384, stack(0x0000000a50000000,0x0000000a50100000)]
  0x000001c814710800 JavaThread "Daemon periodic checks" [_thread_blocked, id=12920, stack(0x0000000a50100000,0x0000000a50200000)]
  0x000001c81571c800 JavaThread "Cache worker for journal cache (C:\Users\IT Foundation\.gradle\caches\journal-1)" [_thread_blocked, id=20340, stack(0x0000000a50900000,0x0000000a50a00000)]
  0x000001c81571c000 JavaThread "File lock request listener" [_thread_in_native, id=5280, stack(0x0000000a50a00000,0x0000000a50b00000)]
  0x000001c815717000 JavaThread "Cache worker for file hash cache (C:\Users\IT Foundation\.gradle\caches\8.0.1\fileHashes)" [_thread_blocked, id=7672, stack(0x0000000a50b00000,0x0000000a50c00000)]
  0x000001c81571b000 JavaThread "File watcher server" daemon [_thread_in_native, id=8912, stack(0x0000000a50c00000,0x0000000a50d00000)]
  0x000001c815717800 JavaThread "File watcher consumer" daemon [_thread_blocked, id=25124, stack(0x0000000a50d00000,0x0000000a50e00000)]
  0x000001c815719800 JavaThread "Cache worker for file content cache (C:\Users\IT Foundation\.gradle\caches\8.0.1\fileContent)" [_thread_blocked, id=7064, stack(0x0000000a51000000,0x0000000a51100000)]
  0x000001c81780a000 JavaThread "Cache worker for execution history cache (C:\Users\IT Foundation\.gradle\caches\8.0.1\executionHistory)" [_thread_blocked, id=15296, stack(0x0000000a51300000,0x0000000a51400000)]
  0x000001c81780b000 JavaThread "jar transforms" [_thread_in_native, id=21028, stack(0x0000000a51500000,0x0000000a51600000)]
  0x000001c81780c800 JavaThread "jar transforms Thread 2" [_thread_in_native, id=30932, stack(0x0000000a51600000,0x0000000a51700000)]
  0x000001c81780e000 JavaThread "jar transforms Thread 3" [_thread_in_Java, id=22148, stack(0x0000000a51700000,0x0000000a51800000)]
  0x000001c817808800 JavaThread "jar transforms Thread 4" [_thread_in_native, id=5500, stack(0x0000000a51800000,0x0000000a51900000)]
  0x000001c817812000 JavaThread "Cache worker for kotlin-dsl (C:\Users\IT Foundation\.gradle\caches\8.0.1\kotlin-dsl)" [_thread_blocked, id=30664, stack(0x0000000a4ea00000,0x0000000a4eb00000)]
  0x000001c81780b800 JavaThread "Daemon Thread 2" [_thread_blocked, id=19116, stack(0x0000000a4e800000,0x0000000a4e900000)]
  0x000001c817809000 JavaThread "Handler for socket connection from /127.0.0.1:4121 to /127.0.0.1:4171" [_thread_in_native, id=5456, stack(0x0000000a50200000,0x0000000a50300000)]
  0x000001c817814800 JavaThread "Cancel handler" [_thread_blocked, id=11404, stack(0x0000000a50300000,0x0000000a50400000)]
  0x000001c81780f800 JavaThread "Daemon worker Thread 2" [_thread_blocked, id=16944, stack(0x0000000a50400000,0x0000000a50500000)]
  0x000001c817811800 JavaThread "Asynchronous log dispatcher for DefaultDaemonConnection: socket connection from /127.0.0.1:4121 to /127.0.0.1:4171" [_thread_blocked, id=31468, stack(0x0000000a50500000,0x0000000a50600000)]
  0x000001c81780f000 JavaThread "Daemon client event forwarder" [_thread_blocked, id=19144, stack(0x0000000a50700000,0x0000000a50800000)]
  0x000001c817813800 JavaThread "Cache worker for checksums cache (D:\reactntv\Myapp\android\.gradle\8.0.1\checksums)" [_thread_blocked, id=26096, stack(0x0000000a50800000,0x0000000a50900000)]
  0x000001c817815800 JavaThread "Cache worker for cache directory md-rule (C:\Users\IT Foundation\.gradle\caches\8.0.1\md-rule)" [_thread_blocked, id=22624, stack(0x0000000a50e00000,0x0000000a50f00000)]
  0x000001c817816000 JavaThread "Cache worker for file hash cache (D:\reactntv\Myapp\android\.gradle\8.0.1\fileHashes)" [_thread_blocked, id=19028, stack(0x0000000a50f00000,0x0000000a51000000)]
  0x000001c817810800 JavaThread "Cache worker for cache directory md-supplier (C:\Users\IT Foundation\.gradle\caches\8.0.1\md-supplier)" [_thread_blocked, id=4960, stack(0x0000000a51100000,0x0000000a51200000)]
  0x000001c81571a000 JavaThread "Cache worker for dependencies-accessors (D:\reactntv\Myapp\android\.gradle\8.0.1\dependencies-accessors)" [_thread_blocked, id=29964, stack(0x0000000a51400000,0x0000000a51500000)]
  0x000001c81571d800 JavaThread "Cache worker for Build Output Cleanup Cache (D:\reactntv\Myapp\node_modules\@react-native\gradle-plugin\.gradle\buildOutputCleanup)" [_thread_blocked, id=11708, stack(0x0000000a51900000,0x0000000a51a00000)]
  0x000001c815718800 JavaThread "Unconstrained build operations" [_thread_blocked, id=13796, stack(0x0000000a51a00000,0x0000000a51b00000)]
  0x000001c8178da000 JavaThread "Unconstrained build operations Thread 2" [_thread_blocked, id=18280, stack(0x0000000a51b00000,0x0000000a51c00000)]
  0x000001c8178d7800 JavaThread "Unconstrained build operations Thread 3" [_thread_blocked, id=11720, stack(0x0000000a51c00000,0x0000000a51d00000)]
  0x000001c8178d8000 JavaThread "Unconstrained build operations Thread 4" [_thread_blocked, id=24536, stack(0x0000000a51d00000,0x0000000a51e00000)]
  0x000001c8178d9000 JavaThread "Unconstrained build operations Thread 5" [_thread_blocked, id=14160, stack(0x0000000a51e00000,0x0000000a51f00000)]
  0x000001c8178da800 JavaThread "Unconstrained build operations Thread 6" [_thread_blocked, id=30300, stack(0x0000000a51f00000,0x0000000a52000000)]
  0x000001c8178db800 JavaThread "Unconstrained build operations Thread 7" [_thread_blocked, id=8572, stack(0x0000000a52000000,0x0000000a52100000)]
  0x000001c8178d5800 JavaThread "Unconstrained build operations Thread 8" [_thread_blocked, id=10312, stack(0x0000000a52100000,0x0000000a52200000)]
  0x000001c8178dc800 JavaThread "Unconstrained build operations Thread 9" [_thread_blocked, id=11048, stack(0x0000000a52200000,0x0000000a52300000)]
  0x000001c8178d6800 JavaThread "Unconstrained build operations Thread 10" [_thread_blocked, id=21032, stack(0x0000000a52300000,0x0000000a52400000)]
  0x000001c8178de000 JavaThread "Unconstrained build operations Thread 11" [_thread_blocked, id=17332, stack(0x0000000a52400000,0x0000000a52500000)]
  0x000001c8178e2000 JavaThread "Unconstrained build operations Thread 12" [_thread_blocked, id=31124, stack(0x0000000a52500000,0x0000000a52600000)]
  0x000001c8178e3000 JavaThread "Unconstrained build operations Thread 13" [_thread_blocked, id=19580, stack(0x0000000a52600000,0x0000000a52700000)]
  0x000001c8178dd000 JavaThread "Unconstrained build operations Thread 14" [_thread_blocked, id=12932, stack(0x0000000a52700000,0x0000000a52800000)]
  0x000001c8178e3800 JavaThread "Unconstrained build operations Thread 15" [_thread_blocked, id=30748, stack(0x0000000a52800000,0x0000000a52900000)]
  0x000001c8178e4800 JavaThread "Unconstrained build operations Thread 16" [_thread_blocked, id=22648, stack(0x0000000a52900000,0x0000000a52a00000)]
  0x000001c8178de800 JavaThread "Unconstrained build operations Thread 17" [_thread_blocked, id=29772, stack(0x0000000a52a00000,0x0000000a52b00000)]
  0x000001c8178e0800 JavaThread "Unconstrained build operations Thread 18" [_thread_blocked, id=27592, stack(0x0000000a52b00000,0x0000000a52c00000)]
  0x000001c8178df800 JavaThread "Unconstrained build operations Thread 19" [_thread_blocked, id=17748, stack(0x0000000a52c00000,0x0000000a52d00000)]
  0x000001c8178e1000 JavaThread "Unconstrained build operations Thread 20" [_thread_blocked, id=25032, stack(0x0000000a52d00000,0x0000000a52e00000)]
  0x000001c814e7b000 JavaThread "Unconstrained build operations Thread 21" [_thread_blocked, id=17828, stack(0x0000000a52e00000,0x0000000a52f00000)]
  0x000001c814e79800 JavaThread "Unconstrained build operations Thread 22" [_thread_blocked, id=13440, stack(0x0000000a52f00000,0x0000000a53000000)]
  0x000001c814e7c000 JavaThread "Unconstrained build operations Thread 23" [_thread_blocked, id=6884, stack(0x0000000a53000000,0x0000000a53100000)]
  0x000001c814e77800 JavaThread "Unconstrained build operations Thread 24" [_thread_blocked, id=30576, stack(0x0000000a53100000,0x0000000a53200000)]
  0x000001c814e78800 JavaThread "Unconstrained build operations Thread 25" [_thread_blocked, id=12216, stack(0x0000000a53200000,0x0000000a53300000)]
  0x000001c814e7c800 JavaThread "Unconstrained build operations Thread 26" [_thread_blocked, id=17556, stack(0x0000000a53300000,0x0000000a53400000)]
  0x000001c814e7d800 JavaThread "Memory manager" [_thread_blocked, id=304, stack(0x0000000a53400000,0x0000000a53500000)]
  0x000001c814e7e000 JavaThread "Cache worker for Build Output Cleanup Cache (D:\reactntv\Myapp\android\.gradle\buildOutputCleanup)" [_thread_blocked, id=1248, stack(0x0000000a53500000,0x0000000a53600000)]
  0x000001c814e80000 JavaThread "included builds" [_thread_blocked, id=29164, stack(0x0000000a53600000,0x0000000a53700000)]
  0x000001c814e7a000 JavaThread "Execution worker" [_thread_blocked, id=7508, stack(0x0000000a53700000,0x0000000a53800000)]
  0x000001c814e84000 JavaThread "Execution worker Thread 2" [_thread_blocked, id=11168, stack(0x0000000a53800000,0x0000000a53900000)]
  0x000001c814e7f000 JavaThread "Execution worker Thread 3" [_thread_blocked, id=30600, stack(0x0000000a53900000,0x0000000a53a00000)]
  0x000001c814e84800 JavaThread "Cache worker for execution history cache (D:\reactntv\Myapp\node_modules\@react-native\gradle-plugin\.gradle\8.0.1\executionHistory)" [_thread_blocked, id=12464, stack(0x0000000a53a00000,0x0000000a53b00000)]
  0x000001c814e86800 JavaThread "Unconstrained build operations Thread 27" [_thread_blocked, id=25140, stack(0x0000000a53b00000,0x0000000a53c00000)]
  0x000001c814e80800 JavaThread "Unconstrained build operations Thread 28" [_thread_blocked, id=10296, stack(0x0000000a53c00000,0x0000000a53d00000)]
  0x000001c814e81800 JavaThread "Unconstrained build operations Thread 29" [_thread_blocked, id=6404, stack(0x0000000a53d00000,0x0000000a53e00000)]
  0x000001c814e82800 JavaThread "Unconstrained build operations Thread 30" [_thread_blocked, id=25288, stack(0x0000000a53e00000,0x0000000a53f00000)]
  0x000001c814e85800 JavaThread "Unconstrained build operations Thread 31" [_thread_blocked, id=6272, stack(0x0000000a53f00000,0x0000000a54000000)]
  0x000001c814e83000 JavaThread "Unconstrained build operations Thread 32" [_thread_blocked, id=13656, stack(0x0000000a54000000,0x0000000a54100000)]
  0x000001c815a87000 JavaThread "Unconstrained build operations Thread 33" [_thread_blocked, id=13356, stack(0x0000000a54100000,0x0000000a54200000)]
  0x000001c815a81800 JavaThread "Unconstrained build operations Thread 34" [_thread_blocked, id=21684, stack(0x0000000a54200000,0x0000000a54300000)]
  0x000001c815a84800 JavaThread "Unconstrained build operations Thread 35" [_thread_blocked, id=22448, stack(0x0000000a54300000,0x0000000a54400000)]
  0x000001c815a86800 JavaThread "Unconstrained build operations Thread 36" [_thread_blocked, id=22680, stack(0x0000000a54400000,0x0000000a54500000)]
  0x000001c815a82800 JavaThread "Unconstrained build operations Thread 37" [_thread_blocked, id=31736, stack(0x0000000a54500000,0x0000000a54600000)]
  0x000001c815a85800 JavaThread "Unconstrained build operations Thread 38" [_thread_blocked, id=18488, stack(0x0000000a54600000,0x0000000a54700000)]
  0x000001c815a88000 JavaThread "Unconstrained build operations Thread 39" [_thread_blocked, id=12652, stack(0x0000000a54700000,0x0000000a54800000)]
  0x000001c815a84000 JavaThread "Unconstrained build operations Thread 40" [_thread_blocked, id=23656, stack(0x0000000a54800000,0x0000000a54900000)]
  0x000001c815a89000 JavaThread "WorkerExecutor Queue" [_thread_blocked, id=25640, stack(0x0000000a54900000,0x0000000a54a00000)]
  0x000001c815a83000 JavaThread "RMI Scheduler(0)" daemon [_thread_blocked, id=1740, stack(0x0000000a54a00000,0x0000000a54b00000)]
  0x000001c815a89800 JavaThread "RMI GC Daemon" daemon [_thread_blocked, id=26040, stack(0x0000000a54c00000,0x0000000a54d00000)]
  0x000001c815a8c000 JavaThread "RMI TCP Accept-0" daemon [_thread_in_native, id=12028, stack(0x0000000a54d00000,0x0000000a54e00000)]
  0x000001c815a8e800 JavaThread "RMI Reaper" [_thread_blocked, id=30148, stack(0x0000000a54e00000,0x0000000a54f00000)]
  0x000001c815a8a800 JavaThread "RMI TCP Connection(idle)" daemon [_thread_blocked, id=15880, stack(0x0000000a4e900000,0x0000000a4ea00000)]
  0x000001c815a8d000 JavaThread "File lock release action executor Thread 5" [_thread_blocked, id=25812, stack(0x0000000a50600000,0x0000000a50700000)]

Other Threads:
  0x000001c87fbc5800 VMThread "VM Thread" [stack: 0x0000000a4f100000,0x0000000a4f200000] [id=29564]
  0x000001c813984800 WatcherThread [stack: 0x0000000a4fb00000,0x0000000a4fc00000] [id=19284]
  0x000001c8743d8000 GCTaskThread "GC Thread#0" [stack: 0x0000000a4ec00000,0x0000000a4ed00000] [id=21888]
  0x000001c814037800 GCTaskThread "GC Thread#1" [stack: 0x0000000a4fc00000,0x0000000a4fd00000] [id=6936]
  0x000001c814ed0000 GCTaskThread "GC Thread#2" [stack: 0x0000000a4fe00000,0x0000000a4ff00000] [id=27848]
  0x000001c815586000 GCTaskThread "GC Thread#3" [stack: 0x0000000a4ff00000,0x0000000a50000000] [id=24532]
  0x000001c87440a000 ConcurrentGCThread "G1 Main Marker" [stack: 0x0000000a4ed00000,0x0000000a4ee00000] [id=29360]
  0x000001c87440c800 ConcurrentGCThread "G1 Conc#0" [stack: 0x0000000a4ee00000,0x0000000a4ef00000] [id=17404]
  0x000001c874461800 ConcurrentGCThread "G1 Refine#0" [stack: 0x0000000a4ef00000,0x0000000a4f000000] [id=14040]
  0x000001c874462800 ConcurrentGCThread "G1 Young RemSet Sampling" [stack: 0x0000000a4f000000,0x0000000a4f100000] [id=9540]

Threads with active compile tasks:
C2 CompilerThread0   534956 12857 %     4       org.objectweb.asm.ClassReader::accept @ 194 (1412 bytes)

VM state:not at safepoint (normal execution)

VM Mutex/Monitor currently owned by a thread: None

Heap address: 0x0000000080000000, size: 2048 MB, Compressed Oops mode: 32-bit
Narrow klass base: 0x0000000000000000, Narrow klass shift: 3
Compressed class space size: 528482304 Address: 0x0000000100000000

Heap:
 garbage-first heap   total 334848K, used 177044K [0x0000000080000000, 0x0000000100000000)
  region size 1024K, 86 young (88064K), 3 survivors (3072K)
 Metaspace       used 90973K, capacity 93816K, committed 93992K, reserved 598016K
  class space    used 11662K, capacity 12780K, committed 12876K, reserved 516096K
Heap Regions: E=young(eden), S=young(survivor), O=old, HS=humongous(starts), HC=humongous(continues), CS=collection set, F=free, A=archive, TAMS=top-at-mark-start (previous, next)
|   0|0x0000000080000000, 0x0000000080100000, 0x0000000080100000|100%| O|  |TAMS 0x0000000080100000, 0x0000000080000000| Untracked 
|   1|0x0000000080100000, 0x0000000080200000, 0x0000000080200000|100%| O|  |TAMS 0x0000000080200000, 0x0000000080100000| Untracked 
|   2|0x0000000080200000, 0x0000000080300000, 0x0000000080300000|100%|HS|  |TAMS 0x0000000080300000, 0x0000000080200000| Complete 
|   3|0x0000000080300000, 0x0000000080400000, 0x0000000080400000|100%|HC|  |TAMS 0x0000000080400000, 0x0000000080300000| Complete 
|   4|0x0000000080400000, 0x0000000080500000, 0x0000000080500000|100%|HC|  |TAMS 0x0000000080500000, 0x0000000080400000| Complete 
|   5|0x0000000080500000, 0x0000000080600000, 0x0000000080600000|100%|HC|  |TAMS 0x0000000080600000, 0x0000000080500000| Complete 
|   6|0x0000000080600000, 0x0000000080700000, 0x0000000080700000|100%| O|  |TAMS 0x0000000080700000, 0x0000000080600000| Untracked 
|   7|0x0000000080700000, 0x0000000080800000, 0x0000000080800000|100%| O|  |TAMS 0x0000000080800000, 0x0000000080700000| Untracked 
|   8|0x0000000080800000, 0x0000000080900000, 0x0000000080900000|100%| O|  |TAMS 0x0000000080900000, 0x0000000080800000| Untracked 
|   9|0x0000000080900000, 0x0000000080a00000, 0x0000000080a00000|100%| O|  |TAMS 0x0000000080a00000, 0x0000000080900000| Untracked 
|  10|0x0000000080a00000, 0x0000000080b00000, 0x0000000080b00000|100%| O|  |TAMS 0x0000000080b00000, 0x0000000080a00000| Untracked 
|  11|0x0000000080b00000, 0x0000000080c00000, 0x0000000080c00000|100%| O|  |TAMS 0x0000000080c00000, 0x0000000080b00000| Untracked 
|  12|0x0000000080c00000, 0x0000000080d00000, 0x0000000080d00000|100%| O|  |TAMS 0x0000000080d00000, 0x0000000080c00000| Untracked 
|  13|0x0000000080d00000, 0x0000000080e00000, 0x0000000080e00000|100%| O|  |TAMS 0x0000000080e00000, 0x0000000080d00000| Untracked 
|  14|0x0000000080e00000, 0x0000000080f00000, 0x0000000080f00000|100%| O|  |TAMS 0x0000000080f00000, 0x0000000080e00000| Untracked 
|  15|0x0000000080f00000, 0x0000000081000000, 0x0000000081000000|100%| O|  |TAMS 0x0000000081000000, 0x0000000080f00000| Untracked 
|  16|0x0000000081000000, 0x0000000081100000, 0x0000000081100000|100%| O|  |TAMS 0x0000000081100000, 0x0000000081000000| Untracked 
|  17|0x0000000081100000, 0x0000000081200000, 0x0000000081200000|100%| O|  |TAMS 0x0000000081200000, 0x0000000081100000| Untracked 
|  18|0x0000000081200000, 0x0000000081300000, 0x0000000081300000|100%| O|  |TAMS 0x0000000081300000, 0x0000000081200000| Untracked 
|  19|0x0000000081300000, 0x0000000081400000, 0x0000000081400000|100%| O|  |TAMS 0x0000000081400000, 0x0000000081300000| Untracked 
|  20|0x0000000081400000, 0x0000000081500000, 0x0000000081500000|100%| O|  |TAMS 0x0000000081500000, 0x0000000081400000| Untracked 
|  21|0x0000000081500000, 0x0000000081600000, 0x0000000081600000|100%| O|  |TAMS 0x0000000081600000, 0x0000000081500000| Untracked 
|  22|0x0000000081600000, 0x0000000081700000, 0x0000000081700000|100%| O|  |TAMS 0x0000000081700000, 0x0000000081600000| Untracked 
|  23|0x0000000081700000, 0x0000000081800000, 0x0000000081800000|100%| O|  |TAMS 0x0000000081800000, 0x0000000081700000| Untracked 
|  24|0x0000000081800000, 0x0000000081900000, 0x0000000081900000|100%| O|  |TAMS 0x0000000081900000, 0x0000000081800000| Untracked 
|  25|0x0000000081900000, 0x0000000081a00000, 0x0000000081a00000|100%| O|  |TAMS 0x0000000081a00000, 0x0000000081900000| Untracked 
|  26|0x0000000081a00000, 0x0000000081b00000, 0x0000000081b00000|100%| O|  |TAMS 0x0000000081b00000, 0x0000000081a00000| Untracked 
|  27|0x0000000081b00000, 0x0000000081c00000, 0x0000000081c00000|100%| O|  |TAMS 0x0000000081c00000, 0x0000000081b00000| Untracked 
|  28|0x0000000081c00000, 0x0000000081d00000, 0x0000000081d00000|100%| O|  |TAMS 0x0000000081d00000, 0x0000000081c00000| Untracked 
|  29|0x0000000081d00000, 0x0000000081e00000, 0x0000000081e00000|100%| O|  |TAMS 0x0000000081e00000, 0x0000000081d00000| Untracked 
|  30|0x0000000081e00000, 0x0000000081f00000, 0x0000000081f00000|100%| O|  |TAMS 0x0000000081f00000, 0x0000000081e00000| Untracked 
|  31|0x0000000081f00000, 0x0000000082000000, 0x0000000082000000|100%| O|  |TAMS 0x0000000082000000, 0x0000000081f00000| Untracked 
|  32|0x0000000082000000, 0x0000000082100000, 0x0000000082100000|100%| O|  |TAMS 0x0000000082100000, 0x0000000082000000| Untracked 
|  33|0x0000000082100000, 0x0000000082200000, 0x0000000082200000|100%| O|  |TAMS 0x0000000082200000, 0x0000000082100000| Untracked 
|  34|0x0000000082200000, 0x0000000082300000, 0x0000000082300000|100%| O|  |TAMS 0x0000000082300000, 0x0000000082200000| Untracked 
|  35|0x0000000082300000, 0x0000000082400000, 0x0000000082400000|100%| O|  |TAMS 0x0000000082400000, 0x0000000082300000| Untracked 
|  36|0x0000000082400000, 0x0000000082500000, 0x0000000082500000|100%| O|  |TAMS 0x0000000082500000, 0x0000000082400000| Untracked 
|  37|0x0000000082500000, 0x0000000082600000, 0x0000000082600000|100%| O|  |TAMS 0x0000000082600000, 0x0000000082500000| Untracked 
|  38|0x0000000082600000, 0x0000000082700000, 0x0000000082700000|100%| O|  |TAMS 0x0000000082700000, 0x0000000082600000| Untracked 
|  39|0x0000000082700000, 0x0000000082800000, 0x0000000082800000|100%| O|  |TAMS 0x0000000082800000, 0x0000000082700000| Untracked 
|  40|0x0000000082800000, 0x0000000082900000, 0x0000000082900000|100%| O|  |TAMS 0x0000000082900000, 0x0000000082800000| Untracked 
|  41|0x0000000082900000, 0x0000000082a00000, 0x0000000082a00000|100%| O|  |TAMS 0x0000000082a00000, 0x0000000082900000| Untracked 
|  42|0x0000000082a00000, 0x0000000082b00000, 0x0000000082b00000|100%| O|  |TAMS 0x0000000082a00000, 0x0000000082a00000| Untracked 
|  43|0x0000000082b00000, 0x0000000082c00000, 0x0000000082c00000|100%| O|  |TAMS 0x0000000082b00000, 0x0000000082b00000| Untracked 
|  44|0x0000000082c00000, 0x0000000082d00000, 0x0000000082d00000|100%| O|  |TAMS 0x0000000082d00000, 0x0000000082c00000| Untracked 
|  45|0x0000000082d00000, 0x0000000082e00000, 0x0000000082e00000|100%| O|  |TAMS 0x0000000082e00000, 0x0000000082d00000| Untracked 
|  46|0x0000000082e00000, 0x0000000082f00000, 0x0000000082f00000|100%| O|  |TAMS 0x0000000082f00000, 0x0000000082e00000| Untracked 
|  47|0x0000000082f00000, 0x0000000083000000, 0x0000000083000000|100%| O|  |TAMS 0x0000000083000000, 0x0000000082f00000| Untracked 
|  48|0x0000000083000000, 0x0000000083100000, 0x0000000083100000|100%| O|  |TAMS 0x0000000083100000, 0x0000000083000000| Untracked 
|  49|0x0000000083100000, 0x0000000083200000, 0x0000000083200000|100%| O|  |TAMS 0x0000000083200000, 0x0000000083100000| Untracked 
|  50|0x0000000083200000, 0x0000000083300000, 0x0000000083300000|100%| O|  |TAMS 0x0000000083300000, 0x0000000083200000| Untracked 
|  51|0x0000000083300000, 0x0000000083400000, 0x0000000083400000|100%| O|  |TAMS 0x0000000083400000, 0x0000000083300000| Untracked 
|  52|0x0000000083400000, 0x0000000083500000, 0x0000000083500000|100%| O|  |TAMS 0x0000000083500000, 0x0000000083400000| Untracked 
|  53|0x0000000083500000, 0x0000000083600000, 0x0000000083600000|100%| O|  |TAMS 0x0000000083600000, 0x0000000083500000| Untracked 
|  54|0x0000000083600000, 0x0000000083700000, 0x0000000083700000|100%| O|  |TAMS 0x0000000083600000, 0x0000000083600000| Untracked 
|  55|0x0000000083700000, 0x0000000083800000, 0x0000000083800000|100%| O|  |TAMS 0x0000000083800000, 0x0000000083700000| Untracked 
|  56|0x0000000083800000, 0x0000000083900000, 0x0000000083900000|100%| O|  |TAMS 0x0000000083800000, 0x0000000083800000| Untracked 
|  57|0x0000000083900000, 0x0000000083a00000, 0x0000000083a00000|100%| O|  |TAMS 0x00000000839bcc00, 0x0000000083900000| Untracked 
|  58|0x0000000083a00000, 0x0000000083b00000, 0x0000000083b00000|100%|HS|  |TAMS 0x0000000083b00000, 0x0000000083a00000| Complete 
|  59|0x0000000083b00000, 0x0000000083c00000, 0x0000000083c00000|100%|HC|  |TAMS 0x0000000083c00000, 0x0000000083b00000| Complete 
|  60|0x0000000083c00000, 0x0000000083d00000, 0x0000000083d00000|100%|HS|  |TAMS 0x0000000083d00000, 0x0000000083c00000| Complete 
|  61|0x0000000083d00000, 0x0000000083e00000, 0x0000000083e00000|100%|HC|  |TAMS 0x0000000083e00000, 0x0000000083d00000| Complete 
|  62|0x0000000083e00000, 0x0000000083f00000, 0x0000000083f00000|100%|HC|  |TAMS 0x0000000083f00000, 0x0000000083e00000| Complete 
|  63|0x0000000083f00000, 0x0000000084000000, 0x0000000084000000|100%|HC|  |TAMS 0x0000000084000000, 0x0000000083f00000| Complete 
|  64|0x0000000084000000, 0x0000000084100000, 0x0000000084100000|100%| O|  |TAMS 0x0000000084000000, 0x0000000084000000| Untracked 
|  65|0x0000000084100000, 0x0000000084200000, 0x0000000084200000|100%| O|  |TAMS 0x0000000084100000, 0x0000000084100000| Untracked 
|  66|0x0000000084200000, 0x0000000084300000, 0x0000000084300000|100%| O|  |TAMS 0x0000000084200000, 0x0000000084200000| Untracked 
|  67|0x0000000084300000, 0x0000000084400000, 0x0000000084400000|100%| O|  |TAMS 0x0000000084300000, 0x0000000084300000| Untracked 
|  68|0x0000000084400000, 0x0000000084500000, 0x0000000084500000|100%| O|  |TAMS 0x0000000084400000, 0x0000000084400000| Untracked 
|  69|0x0000000084500000, 0x0000000084600000, 0x0000000084600000|100%| O|  |TAMS 0x0000000084500000, 0x0000000084500000| Untracked 
|  70|0x0000000084600000, 0x0000000084700000, 0x0000000084700000|100%| O|  |TAMS 0x0000000084600000, 0x0000000084600000| Untracked 
|  71|0x0000000084700000, 0x0000000084800000, 0x0000000084800000|100%| O|  |TAMS 0x0000000084700000, 0x0000000084700000| Untracked 
|  72|0x0000000084800000, 0x0000000084900000, 0x0000000084900000|100%| O|  |TAMS 0x0000000084800000, 0x0000000084800000| Untracked 
|  73|0x0000000084900000, 0x0000000084a00000, 0x0000000084a00000|100%| O|  |TAMS 0x0000000084900000, 0x0000000084900000| Untracked 
|  74|0x0000000084a00000, 0x0000000084b00000, 0x0000000084b00000|100%| O|  |TAMS 0x0000000084a00000, 0x0000000084a00000| Untracked 
|  75|0x0000000084b00000, 0x0000000084c00000, 0x0000000084c00000|100%| O|  |TAMS 0x0000000084b00000, 0x0000000084b00000| Untracked 
|  76|0x0000000084c00000, 0x0000000084d00000, 0x0000000084d00000|100%| O|  |TAMS 0x0000000084c00000, 0x0000000084c00000| Untracked 
|  77|0x0000000084d00000, 0x0000000084e00000, 0x0000000084e00000|100%| O|  |TAMS 0x0000000084d00000, 0x0000000084d00000| Untracked 
|  78|0x0000000084e00000, 0x0000000084f00000, 0x0000000084f00000|100%| O|  |TAMS 0x0000000084e00000, 0x0000000084e00000| Untracked 
|  79|0x0000000084f00000, 0x0000000085000000, 0x0000000085000000|100%| O|  |TAMS 0x0000000084f00000, 0x0000000084f00000| Untracked 
|  80|0x0000000085000000, 0x0000000085100000, 0x0000000085100000|100%| O|  |TAMS 0x0000000085000000, 0x0000000085000000| Untracked 
|  81|0x0000000085100000, 0x0000000085200000, 0x0000000085200000|100%| O|  |TAMS 0x0000000085100000, 0x0000000085100000| Untracked 
|  82|0x0000000085200000, 0x0000000085300000, 0x0000000085300000|100%| O|  |TAMS 0x0000000085200000, 0x0000000085200000| Untracked 
|  83|0x0000000085300000, 0x0000000085400000, 0x0000000085400000|100%| O|  |TAMS 0x0000000085300000, 0x0000000085300000| Untracked 
|  84|0x0000000085400000, 0x0000000085500000, 0x0000000085500000|100%| O|  |TAMS 0x0000000085400000, 0x0000000085400000| Untracked 
|  85|0x0000000085500000, 0x0000000085600000, 0x0000000085600000|100%| O|  |TAMS 0x0000000085500000, 0x0000000085500000| Untracked 
|  86|0x0000000085600000, 0x0000000085700000, 0x0000000085700000|100%|HS|  |TAMS 0x0000000085600000, 0x0000000085600000| Complete 
|  87|0x0000000085700000, 0x0000000085800000, 0x0000000085800000|100%| O|  |TAMS 0x0000000085700000, 0x0000000085700000| Untracked 
|  88|0x0000000085800000, 0x00000000858a1800, 0x0000000085900000| 63%| O|  |TAMS 0x0000000085800000, 0x0000000085800000| Untracked 
|  89|0x0000000085900000, 0x0000000085900000, 0x0000000085a00000|  0%| F|  |TAMS 0x0000000085900000, 0x0000000085900000| Untracked 
|  90|0x0000000085a00000, 0x0000000085b00000, 0x0000000085b00000|100%|HS|  |TAMS 0x0000000085a00000, 0x0000000085a00000| Complete 
|  91|0x0000000085b00000, 0x0000000085b00000, 0x0000000085c00000|  0%| F|  |TAMS 0x0000000085b00000, 0x0000000085b00000| Untracked 
|  92|0x0000000085c00000, 0x0000000085c00000, 0x0000000085d00000|  0%| F|  |TAMS 0x0000000085c00000, 0x0000000085c00000| Untracked 
|  93|0x0000000085d00000, 0x0000000085d00000, 0x0000000085e00000|  0%| F|  |TAMS 0x0000000085d00000, 0x0000000085d00000| Untracked 
|  94|0x0000000085e00000, 0x0000000085e00000, 0x0000000085f00000|  0%| F|  |TAMS 0x0000000085e00000, 0x0000000085e00000| Untracked 
|  95|0x0000000085f00000, 0x0000000085f00000, 0x0000000086000000|  0%| F|  |TAMS 0x0000000085f00000, 0x0000000085f00000| Untracked 
|  96|0x0000000086000000, 0x0000000086000000, 0x0000000086100000|  0%| F|  |TAMS 0x0000000086000000, 0x0000000086000000| Untracked 
|  97|0x0000000086100000, 0x0000000086100000, 0x0000000086200000|  0%| F|  |TAMS 0x0000000086100000, 0x0000000086100000| Untracked 
|  98|0x0000000086200000, 0x0000000086200000, 0x0000000086300000|  0%| F|  |TAMS 0x0000000086200000, 0x0000000086200000| Untracked 
|  99|0x0000000086300000, 0x0000000086300000, 0x0000000086400000|  0%| F|  |TAMS 0x0000000086300000, 0x0000000086300000| Untracked 
| 100|0x0000000086400000, 0x0000000086400000, 0x0000000086500000|  0%| F|  |TAMS 0x0000000086400000, 0x0000000086400000| Untracked 
| 101|0x0000000086500000, 0x0000000086500000, 0x0000000086600000|  0%| F|  |TAMS 0x0000000086500000, 0x0000000086500000| Untracked 
| 102|0x0000000086600000, 0x0000000086600000, 0x0000000086700000|  0%| F|  |TAMS 0x0000000086600000, 0x0000000086600000| Untracked 
| 103|0x0000000086700000, 0x0000000086700000, 0x0000000086800000|  0%| F|  |TAMS 0x0000000086700000, 0x0000000086700000| Untracked 
| 104|0x0000000086800000, 0x0000000086800000, 0x0000000086900000|  0%| F|  |TAMS 0x0000000086800000, 0x0000000086800000| Untracked 
| 105|0x0000000086900000, 0x0000000086900000, 0x0000000086a00000|  0%| F|  |TAMS 0x0000000086900000, 0x0000000086900000| Untracked 
| 106|0x0000000086a00000, 0x0000000086a00000, 0x0000000086b00000|  0%| F|  |TAMS 0x0000000086a00000, 0x0000000086a00000| Untracked 
| 107|0x0000000086b00000, 0x0000000086b00000, 0x0000000086c00000|  0%| F|  |TAMS 0x0000000086b00000, 0x0000000086b00000| Untracked 
| 108|0x0000000086c00000, 0x0000000086c00000, 0x0000000086d00000|  0%| F|  |TAMS 0x0000000086c00000, 0x0000000086c00000| Untracked 
| 109|0x0000000086d00000, 0x0000000086d00000, 0x0000000086e00000|  0%| F|  |TAMS 0x0000000086d00000, 0x0000000086d00000| Untracked 
| 110|0x0000000086e00000, 0x0000000086e00000, 0x0000000086f00000|  0%| F|  |TAMS 0x0000000086e00000, 0x0000000086e00000| Untracked 
| 111|0x0000000086f00000, 0x0000000086f00000, 0x0000000087000000|  0%| F|  |TAMS 0x0000000086f00000, 0x0000000086f00000| Untracked 
| 112|0x0000000087000000, 0x0000000087000000, 0x0000000087100000|  0%| F|  |TAMS 0x0000000087000000, 0x0000000087000000| Untracked 
| 113|0x0000000087100000, 0x0000000087100000, 0x0000000087200000|  0%| F|  |TAMS 0x0000000087100000, 0x0000000087100000| Untracked 
| 114|0x0000000087200000, 0x0000000087200000, 0x0000000087300000|  0%| F|  |TAMS 0x0000000087200000, 0x0000000087200000| Untracked 
| 115|0x0000000087300000, 0x0000000087300000, 0x0000000087400000|  0%| F|  |TAMS 0x0000000087300000, 0x0000000087300000| Untracked 
| 116|0x0000000087400000, 0x0000000087400000, 0x0000000087500000|  0%| F|  |TAMS 0x0000000087400000, 0x0000000087400000| Untracked 
| 117|0x0000000087500000, 0x0000000087500000, 0x0000000087600000|  0%| F|  |TAMS 0x0000000087500000, 0x0000000087500000| Untracked 
| 118|0x0000000087600000, 0x0000000087600000, 0x0000000087700000|  0%| F|  |TAMS 0x0000000087600000, 0x0000000087600000| Untracked 
| 119|0x0000000087700000, 0x0000000087700000, 0x0000000087800000|  0%| F|  |TAMS 0x0000000087700000, 0x0000000087700000| Untracked 
| 120|0x0000000087800000, 0x0000000087800000, 0x0000000087900000|  0%| F|  |TAMS 0x0000000087800000, 0x0000000087800000| Untracked 
| 121|0x0000000087900000, 0x0000000087900000, 0x0000000087a00000|  0%| F|  |TAMS 0x0000000087900000, 0x0000000087900000| Untracked 
| 122|0x0000000087a00000, 0x0000000087a00000, 0x0000000087b00000|  0%| F|  |TAMS 0x0000000087a00000, 0x0000000087a00000| Untracked 
| 123|0x0000000087b00000, 0x0000000087b00000, 0x0000000087c00000|  0%| F|  |TAMS 0x0000000087b00000, 0x0000000087b00000| Untracked 
| 124|0x0000000087c00000, 0x0000000087c00000, 0x0000000087d00000|  0%| F|  |TAMS 0x0000000087c00000, 0x0000000087c00000| Untracked 
| 125|0x0000000087d00000, 0x0000000087d00000, 0x0000000087e00000|  0%| F|  |TAMS 0x0000000087d00000, 0x0000000087d00000| Untracked 
| 126|0x0000000087e00000, 0x0000000087e00000, 0x0000000087f00000|  0%| F|  |TAMS 0x0000000087e00000, 0x0000000087e00000| Untracked 
| 127|0x0000000087f00000, 0x0000000087f00000, 0x0000000088000000|  0%| F|  |TAMS 0x0000000087f00000, 0x0000000087f00000| Untracked 
| 128|0x0000000088000000, 0x0000000088000000, 0x0000000088100000|  0%| F|  |TAMS 0x0000000088000000, 0x0000000088000000| Untracked 
| 129|0x0000000088100000, 0x0000000088100000, 0x0000000088200000|  0%| F|  |TAMS 0x0000000088100000, 0x0000000088100000| Untracked 
| 130|0x0000000088200000, 0x0000000088200000, 0x0000000088300000|  0%| F|  |TAMS 0x0000000088200000, 0x0000000088200000| Untracked 
| 131|0x0000000088300000, 0x0000000088300000, 0x0000000088400000|  0%| F|  |TAMS 0x0000000088300000, 0x0000000088300000| Untracked 
| 132|0x0000000088400000, 0x0000000088400000, 0x0000000088500000|  0%| F|  |TAMS 0x0000000088400000, 0x0000000088400000| Untracked 
| 133|0x0000000088500000, 0x0000000088500000, 0x0000000088600000|  0%| F|  |TAMS 0x0000000088500000, 0x0000000088500000| Untracked 
| 134|0x0000000088600000, 0x0000000088600000, 0x0000000088700000|  0%| F|  |TAMS 0x0000000088600000, 0x0000000088600000| Untracked 
| 135|0x0000000088700000, 0x0000000088700000, 0x0000000088800000|  0%| F|  |TAMS 0x0000000088700000, 0x0000000088700000| Untracked 
| 136|0x0000000088800000, 0x0000000088800000, 0x0000000088900000|  0%| F|  |TAMS 0x0000000088800000, 0x0000000088800000| Untracked 
| 137|0x0000000088900000, 0x0000000088900000, 0x0000000088a00000|  0%| F|  |TAMS 0x0000000088900000, 0x0000000088900000| Untracked 
| 138|0x0000000088a00000, 0x0000000088a00000, 0x0000000088b00000|  0%| F|  |TAMS 0x0000000088a00000, 0x0000000088a00000| Untracked 
| 139|0x0000000088b00000, 0x0000000088b00000, 0x0000000088c00000|  0%| F|  |TAMS 0x0000000088b00000, 0x0000000088b00000| Untracked 
| 140|0x0000000088c00000, 0x0000000088c00000, 0x0000000088d00000|  0%| F|  |TAMS 0x0000000088c00000, 0x0000000088c00000| Untracked 
| 141|0x0000000088d00000, 0x0000000088d00000, 0x0000000088e00000|  0%| F|  |TAMS 0x0000000088d00000, 0x0000000088d00000| Untracked 
| 142|0x0000000088e00000, 0x0000000088e00000, 0x0000000088f00000|  0%| F|  |TAMS 0x0000000088e00000, 0x0000000088e00000| Untracked 
| 143|0x0000000088f00000, 0x0000000088f00000, 0x0000000089000000|  0%| F|  |TAMS 0x0000000088f00000, 0x0000000088f00000| Untracked 
| 144|0x0000000089000000, 0x0000000089000000, 0x0000000089100000|  0%| F|  |TAMS 0x0000000089000000, 0x0000000089000000| Untracked 
| 145|0x0000000089100000, 0x0000000089100000, 0x0000000089200000|  0%| F|  |TAMS 0x0000000089100000, 0x0000000089100000| Untracked 
| 146|0x0000000089200000, 0x0000000089200000, 0x0000000089300000|  0%| F|  |TAMS 0x0000000089200000, 0x0000000089200000| Untracked 
| 147|0x0000000089300000, 0x0000000089300000, 0x0000000089400000|  0%| F|  |TAMS 0x0000000089300000, 0x0000000089300000| Untracked 
| 148|0x0000000089400000, 0x0000000089400000, 0x0000000089500000|  0%| F|  |TAMS 0x0000000089400000, 0x0000000089400000| Untracked 
| 149|0x0000000089500000, 0x0000000089500000, 0x0000000089600000|  0%| F|  |TAMS 0x0000000089500000, 0x0000000089500000| Untracked 
| 150|0x0000000089600000, 0x0000000089600000, 0x0000000089700000|  0%| F|  |TAMS 0x0000000089600000, 0x0000000089600000| Untracked 
| 151|0x0000000089700000, 0x0000000089700000, 0x0000000089800000|  0%| F|  |TAMS 0x0000000089700000, 0x0000000089700000| Untracked 
| 152|0x0000000089800000, 0x0000000089800000, 0x0000000089900000|  0%| F|  |TAMS 0x0000000089800000, 0x0000000089800000| Untracked 
| 153|0x0000000089900000, 0x0000000089900000, 0x0000000089a00000|  0%| F|  |TAMS 0x0000000089900000, 0x0000000089900000| Untracked 
| 154|0x0000000089a00000, 0x0000000089a00000, 0x0000000089b00000|  0%| F|  |TAMS 0x0000000089a00000, 0x0000000089a00000| Untracked 
| 155|0x0000000089b00000, 0x0000000089b00000, 0x0000000089c00000|  0%| F|  |TAMS 0x0000000089b00000, 0x0000000089b00000| Untracked 
| 156|0x0000000089c00000, 0x0000000089c00000, 0x0000000089d00000|  0%| F|  |TAMS 0x0000000089c00000, 0x0000000089c00000| Untracked 
| 157|0x0000000089d00000, 0x0000000089d00000, 0x0000000089e00000|  0%| F|  |TAMS 0x0000000089d00000, 0x0000000089d00000| Untracked 
| 158|0x0000000089e00000, 0x0000000089e00000, 0x0000000089f00000|  0%| F|  |TAMS 0x0000000089e00000, 0x0000000089e00000| Untracked 
| 159|0x0000000089f00000, 0x0000000089f00000, 0x000000008a000000|  0%| F|  |TAMS 0x0000000089f00000, 0x0000000089f00000| Untracked 
| 160|0x000000008a000000, 0x000000008a0438c0, 0x000000008a100000| 26%| S|CS|TAMS 0x000000008a000000, 0x000000008a000000| Complete 
| 161|0x000000008a100000, 0x000000008a200000, 0x000000008a200000|100%| S|CS|TAMS 0x000000008a100000, 0x000000008a100000| Complete 
| 162|0x000000008a200000, 0x000000008a300000, 0x000000008a300000|100%| S|CS|TAMS 0x000000008a200000, 0x000000008a200000| Complete 
| 163|0x000000008a300000, 0x000000008a300000, 0x000000008a400000|  0%| F|  |TAMS 0x000000008a300000, 0x000000008a300000| Untracked 
| 164|0x000000008a400000, 0x000000008a400000, 0x000000008a500000|  0%| F|  |TAMS 0x000000008a400000, 0x000000008a400000| Untracked 
| 165|0x000000008a500000, 0x000000008a500000, 0x000000008a600000|  0%| F|  |TAMS 0x000000008a500000, 0x000000008a500000| Untracked 
| 166|0x000000008a600000, 0x000000008a600000, 0x000000008a700000|  0%| F|  |TAMS 0x000000008a600000, 0x000000008a600000| Untracked 
| 167|0x000000008a700000, 0x000000008a700000, 0x000000008a800000|  0%| F|  |TAMS 0x000000008a700000, 0x000000008a700000| Untracked 
| 168|0x000000008a800000, 0x000000008a800000, 0x000000008a900000|  0%| F|  |TAMS 0x000000008a800000, 0x000000008a800000| Untracked 
| 169|0x000000008a900000, 0x000000008a900000, 0x000000008aa00000|  0%| F|  |TAMS 0x000000008a900000, 0x000000008a900000| Untracked 
| 170|0x000000008aa00000, 0x000000008aa00000, 0x000000008ab00000|  0%| F|  |TAMS 0x000000008aa00000, 0x000000008aa00000| Untracked 
| 171|0x000000008ab00000, 0x000000008ab00000, 0x000000008ac00000|  0%| F|  |TAMS 0x000000008ab00000, 0x000000008ab00000| Untracked 
| 172|0x000000008ac00000, 0x000000008ac00000, 0x000000008ad00000|  0%| F|  |TAMS 0x000000008ac00000, 0x000000008ac00000| Untracked 
| 173|0x000000008ad00000, 0x000000008ad00000, 0x000000008ae00000|  0%| F|  |TAMS 0x000000008ad00000, 0x000000008ad00000| Untracked 
| 174|0x000000008ae00000, 0x000000008ae00000, 0x000000008af00000|  0%| F|  |TAMS 0x000000008ae00000, 0x000000008ae00000| Untracked 
| 175|0x000000008af00000, 0x000000008af00000, 0x000000008b000000|  0%| F|  |TAMS 0x000000008af00000, 0x000000008af00000| Untracked 
| 176|0x000000008b000000, 0x000000008b000000, 0x000000008b100000|  0%| F|  |TAMS 0x000000008b000000, 0x000000008b000000| Untracked 
| 177|0x000000008b100000, 0x000000008b100000, 0x000000008b200000|  0%| F|  |TAMS 0x000000008b100000, 0x000000008b100000| Untracked 
| 178|0x000000008b200000, 0x000000008b200000, 0x000000008b300000|  0%| F|  |TAMS 0x000000008b200000, 0x000000008b200000| Untracked 
| 179|0x000000008b300000, 0x000000008b300000, 0x000000008b400000|  0%| F|  |TAMS 0x000000008b300000, 0x000000008b300000| Untracked 
| 180|0x000000008b400000, 0x000000008b400000, 0x000000008b500000|  0%| F|  |TAMS 0x000000008b400000, 0x000000008b400000| Untracked 
| 181|0x000000008b500000, 0x000000008b500000, 0x000000008b600000|  0%| F|  |TAMS 0x000000008b500000, 0x000000008b500000| Untracked 
| 182|0x000000008b600000, 0x000000008b600000, 0x000000008b700000|  0%| F|  |TAMS 0x000000008b600000, 0x000000008b600000| Untracked 
| 183|0x000000008b700000, 0x000000008b700000, 0x000000008b800000|  0%| F|  |TAMS 0x000000008b700000, 0x000000008b700000| Untracked 
| 184|0x000000008b800000, 0x000000008b800000, 0x000000008b900000|  0%| F|  |TAMS 0x000000008b800000, 0x000000008b800000| Untracked 
| 185|0x000000008b900000, 0x000000008b900000, 0x000000008ba00000|  0%| F|  |TAMS 0x000000008b900000, 0x000000008b900000| Untracked 
| 186|0x000000008ba00000, 0x000000008ba00000, 0x000000008bb00000|  0%| F|  |TAMS 0x000000008ba00000, 0x000000008ba00000| Untracked 
| 187|0x000000008bb00000, 0x000000008bb00000, 0x000000008bc00000|  0%| F|  |TAMS 0x000000008bb00000, 0x000000008bb00000| Untracked 
| 188|0x000000008bc00000, 0x000000008bc00000, 0x000000008bd00000|  0%| F|  |TAMS 0x000000008bc00000, 0x000000008bc00000| Untracked 
| 189|0x000000008bd00000, 0x000000008bd00000, 0x000000008be00000|  0%| F|  |TAMS 0x000000008bd00000, 0x000000008bd00000| Untracked 
| 190|0x000000008be00000, 0x000000008be00000, 0x000000008bf00000|  0%| F|  |TAMS 0x000000008be00000, 0x000000008be00000| Untracked 
| 191|0x000000008bf00000, 0x000000008bf00000, 0x000000008c000000|  0%| F|  |TAMS 0x000000008bf00000, 0x000000008bf00000| Untracked 
| 192|0x000000008c000000, 0x000000008c000000, 0x000000008c100000|  0%| F|  |TAMS 0x000000008c000000, 0x000000008c000000| Untracked 
| 193|0x000000008c100000, 0x000000008c100000, 0x000000008c200000|  0%| F|  |TAMS 0x000000008c100000, 0x000000008c100000| Untracked 
| 194|0x000000008c200000, 0x000000008c200000, 0x000000008c300000|  0%| F|  |TAMS 0x000000008c200000, 0x000000008c200000| Untracked 
| 195|0x000000008c300000, 0x000000008c300000, 0x000000008c400000|  0%| F|  |TAMS 0x000000008c300000, 0x000000008c300000| Untracked 
| 196|0x000000008c400000, 0x000000008c400000, 0x000000008c500000|  0%| F|  |TAMS 0x000000008c400000, 0x000000008c400000| Untracked 
| 197|0x000000008c500000, 0x000000008c500000, 0x000000008c600000|  0%| F|  |TAMS 0x000000008c500000, 0x000000008c500000| Untracked 
| 198|0x000000008c600000, 0x000000008c600000, 0x000000008c700000|  0%| F|  |TAMS 0x000000008c600000, 0x000000008c600000| Untracked 
| 199|0x000000008c700000, 0x000000008c700000, 0x000000008c800000|  0%| F|  |TAMS 0x000000008c700000, 0x000000008c700000| Untracked 
| 200|0x000000008c800000, 0x000000008c800000, 0x000000008c900000|  0%| F|  |TAMS 0x000000008c800000, 0x000000008c800000| Untracked 
| 201|0x000000008c900000, 0x000000008c900000, 0x000000008ca00000|  0%| F|  |TAMS 0x000000008c900000, 0x000000008c900000| Untracked 
| 202|0x000000008ca00000, 0x000000008ca00000, 0x000000008cb00000|  0%| F|  |TAMS 0x000000008ca00000, 0x000000008ca00000| Untracked 
| 203|0x000000008cb00000, 0x000000008cb00000, 0x000000008cc00000|  0%| F|  |TAMS 0x000000008cb00000, 0x000000008cb00000| Untracked 
| 204|0x000000008cc00000, 0x000000008cc00000, 0x000000008cd00000|  0%| F|  |TAMS 0x000000008cc00000, 0x000000008cc00000| Untracked 
| 205|0x000000008cd00000, 0x000000008cd00000, 0x000000008ce00000|  0%| F|  |TAMS 0x000000008cd00000, 0x000000008cd00000| Untracked 
| 206|0x000000008ce00000, 0x000000008ce00000, 0x000000008cf00000|  0%| F|  |TAMS 0x000000008ce00000, 0x000000008ce00000| Untracked 
| 207|0x000000008cf00000, 0x000000008cf00000, 0x000000008d000000|  0%| F|  |TAMS 0x000000008cf00000, 0x000000008cf00000| Untracked 
| 208|0x000000008d000000, 0x000000008d000000, 0x000000008d100000|  0%| F|  |TAMS 0x000000008d000000, 0x000000008d000000| Untracked 
| 209|0x000000008d100000, 0x000000008d100000, 0x000000008d200000|  0%| F|  |TAMS 0x000000008d100000, 0x000000008d100000| Untracked 
| 210|0x000000008d200000, 0x000000008d200000, 0x000000008d300000|  0%| F|  |TAMS 0x000000008d200000, 0x000000008d200000| Untracked 
| 211|0x000000008d300000, 0x000000008d300000, 0x000000008d400000|  0%| F|  |TAMS 0x000000008d300000, 0x000000008d300000| Untracked 
| 212|0x000000008d400000, 0x000000008d400000, 0x000000008d500000|  0%| F|  |TAMS 0x000000008d400000, 0x000000008d400000| Untracked 
| 213|0x000000008d500000, 0x000000008d500000, 0x000000008d600000|  0%| F|  |TAMS 0x000000008d500000, 0x000000008d500000| Untracked 
| 214|0x000000008d600000, 0x000000008d600000, 0x000000008d700000|  0%| F|  |TAMS 0x000000008d600000, 0x000000008d600000| Untracked 
| 215|0x000000008d700000, 0x000000008d700000, 0x000000008d800000|  0%| F|  |TAMS 0x000000008d700000, 0x000000008d700000| Untracked 
| 216|0x000000008d800000, 0x000000008d800000, 0x000000008d900000|  0%| F|  |TAMS 0x000000008d800000, 0x000000008d800000| Untracked 
| 217|0x000000008d900000, 0x000000008d900000, 0x000000008da00000|  0%| F|  |TAMS 0x000000008d900000, 0x000000008d900000| Untracked 
| 218|0x000000008da00000, 0x000000008da00000, 0x000000008db00000|  0%| F|  |TAMS 0x000000008da00000, 0x000000008da00000| Untracked 
| 219|0x000000008db00000, 0x000000008db00000, 0x000000008dc00000|  0%| F|  |TAMS 0x000000008db00000, 0x000000008db00000| Untracked 
| 220|0x000000008dc00000, 0x000000008dc00000, 0x000000008dd00000|  0%| F|  |TAMS 0x000000008dc00000, 0x000000008dc00000| Untracked 
| 221|0x000000008dd00000, 0x000000008dd00000, 0x000000008de00000|  0%| F|  |TAMS 0x000000008dd00000, 0x000000008dd00000| Untracked 
| 222|0x000000008de00000, 0x000000008de00000, 0x000000008df00000|  0%| F|  |TAMS 0x000000008de00000, 0x000000008de00000| Untracked 
| 223|0x000000008df00000, 0x000000008df00000, 0x000000008e000000|  0%| F|  |TAMS 0x000000008df00000, 0x000000008df00000| Untracked 
| 224|0x000000008e000000, 0x000000008e000000, 0x000000008e100000|  0%| F|  |TAMS 0x000000008e000000, 0x000000008e000000| Untracked 
| 225|0x000000008e100000, 0x000000008e100000, 0x000000008e200000|  0%| F|  |TAMS 0x000000008e100000, 0x000000008e100000| Untracked 
| 226|0x000000008e200000, 0x000000008e200000, 0x000000008e300000|  0%| F|  |TAMS 0x000000008e200000, 0x000000008e200000| Untracked 
| 227|0x000000008e300000, 0x000000008e300000, 0x000000008e400000|  0%| F|  |TAMS 0x000000008e300000, 0x000000008e300000| Untracked 
| 228|0x000000008e400000, 0x000000008e400000, 0x000000008e500000|  0%| F|  |TAMS 0x000000008e400000, 0x000000008e400000| Untracked 
| 229|0x000000008e500000, 0x000000008e500000, 0x000000008e600000|  0%| F|  |TAMS 0x000000008e500000, 0x000000008e500000| Untracked 
| 230|0x000000008e600000, 0x000000008e600000, 0x000000008e700000|  0%| F|  |TAMS 0x000000008e600000, 0x000000008e600000| Untracked 
| 231|0x000000008e700000, 0x000000008e700000, 0x000000008e800000|  0%| F|  |TAMS 0x000000008e700000, 0x000000008e700000| Untracked 
| 232|0x000000008e800000, 0x000000008e800000, 0x000000008e900000|  0%| F|  |TAMS 0x000000008e800000, 0x000000008e800000| Untracked 
| 233|0x000000008e900000, 0x000000008e900000, 0x000000008ea00000|  0%| F|  |TAMS 0x000000008e900000, 0x000000008e900000| Untracked 
| 234|0x000000008ea00000, 0x000000008ea00000, 0x000000008eb00000|  0%| F|  |TAMS 0x000000008ea00000, 0x000000008ea00000| Untracked 
| 235|0x000000008eb00000, 0x000000008eb00000, 0x000000008ec00000|  0%| F|  |TAMS 0x000000008eb00000, 0x000000008eb00000| Untracked 
| 236|0x000000008ec00000, 0x000000008ec00000, 0x000000008ed00000|  0%| F|  |TAMS 0x000000008ec00000, 0x000000008ec00000| Untracked 
| 237|0x000000008ed00000, 0x000000008ed00000, 0x000000008ee00000|  0%| F|  |TAMS 0x000000008ed00000, 0x000000008ed00000| Untracked 
| 238|0x000000008ee00000, 0x000000008ee00000, 0x000000008ef00000|  0%| F|  |TAMS 0x000000008ee00000, 0x000000008ee00000| Untracked 
| 239|0x000000008ef00000, 0x000000008ef00000, 0x000000008f000000|  0%| F|  |TAMS 0x000000008ef00000, 0x000000008ef00000| Untracked 
| 240|0x000000008f000000, 0x000000008f000000, 0x000000008f100000|  0%| F|  |TAMS 0x000000008f000000, 0x000000008f000000| Untracked 
| 241|0x000000008f100000, 0x000000008f100000, 0x000000008f200000|  0%| F|  |TAMS 0x000000008f100000, 0x000000008f100000| Untracked 
| 242|0x000000008f200000, 0x000000008f200000, 0x000000008f300000|  0%| F|  |TAMS 0x000000008f200000, 0x000000008f200000| Untracked 
| 243|0x000000008f300000, 0x000000008f400000, 0x000000008f400000|100%| E|  |TAMS 0x000000008f300000, 0x000000008f300000| Complete 
| 244|0x000000008f400000, 0x000000008f500000, 0x000000008f500000|100%| E|CS|TAMS 0x000000008f400000, 0x000000008f400000| Complete 
| 245|0x000000008f500000, 0x000000008f600000, 0x000000008f600000|100%| E|CS|TAMS 0x000000008f500000, 0x000000008f500000| Complete 
| 246|0x000000008f600000, 0x000000008f700000, 0x000000008f700000|100%| E|CS|TAMS 0x000000008f600000, 0x000000008f600000| Complete 
| 247|0x000000008f700000, 0x000000008f800000, 0x000000008f800000|100%| E|CS|TAMS 0x000000008f700000, 0x000000008f700000| Complete 
| 248|0x000000008f800000, 0x000000008f900000, 0x000000008f900000|100%| E|CS|TAMS 0x000000008f800000, 0x000000008f800000| Complete 
| 249|0x000000008f900000, 0x000000008fa00000, 0x000000008fa00000|100%| E|CS|TAMS 0x000000008f900000, 0x000000008f900000| Complete 
| 250|0x000000008fa00000, 0x000000008fb00000, 0x000000008fb00000|100%| E|CS|TAMS 0x000000008fa00000, 0x000000008fa00000| Complete 
| 251|0x000000008fb00000, 0x000000008fc00000, 0x000000008fc00000|100%| E|CS|TAMS 0x000000008fb00000, 0x000000008fb00000| Complete 
| 252|0x000000008fc00000, 0x000000008fd00000, 0x000000008fd00000|100%| E|CS|TAMS 0x000000008fc00000, 0x000000008fc00000| Complete 
| 253|0x000000008fd00000, 0x000000008fe00000, 0x000000008fe00000|100%| E|CS|TAMS 0x000000008fd00000, 0x000000008fd00000| Complete 
| 254|0x000000008fe00000, 0x000000008ff00000, 0x000000008ff00000|100%| E|CS|TAMS 0x000000008fe00000, 0x000000008fe00000| Complete 
| 255|0x000000008ff00000, 0x0000000090000000, 0x0000000090000000|100%| E|CS|TAMS 0x000000008ff00000, 0x000000008ff00000| Complete 
| 256|0x0000000090000000, 0x0000000090100000, 0x0000000090100000|100%| E|CS|TAMS 0x0000000090000000, 0x0000000090000000| Complete 
| 257|0x0000000090100000, 0x0000000090200000, 0x0000000090200000|100%| E|CS|TAMS 0x0000000090100000, 0x0000000090100000| Complete 
| 258|0x0000000090200000, 0x0000000090300000, 0x0000000090300000|100%| E|CS|TAMS 0x0000000090200000, 0x0000000090200000| Complete 
| 259|0x0000000090300000, 0x0000000090400000, 0x0000000090400000|100%| E|CS|TAMS 0x0000000090300000, 0x0000000090300000| Complete 
| 260|0x0000000090400000, 0x0000000090500000, 0x0000000090500000|100%| E|CS|TAMS 0x0000000090400000, 0x0000000090400000| Complete 
| 261|0x0000000090500000, 0x0000000090600000, 0x0000000090600000|100%| E|CS|TAMS 0x0000000090500000, 0x0000000090500000| Complete 
| 262|0x0000000090600000, 0x0000000090700000, 0x0000000090700000|100%| E|CS|TAMS 0x0000000090600000, 0x0000000090600000| Complete 
| 263|0x0000000090700000, 0x0000000090800000, 0x0000000090800000|100%| E|CS|TAMS 0x0000000090700000, 0x0000000090700000| Complete 
| 264|0x0000000090800000, 0x0000000090900000, 0x0000000090900000|100%| E|CS|TAMS 0x0000000090800000, 0x0000000090800000| Complete 
| 265|0x0000000090900000, 0x0000000090a00000, 0x0000000090a00000|100%| E|CS|TAMS 0x0000000090900000, 0x0000000090900000| Complete 
| 266|0x0000000090a00000, 0x0000000090b00000, 0x0000000090b00000|100%| E|CS|TAMS 0x0000000090a00000, 0x0000000090a00000| Complete 
| 267|0x0000000090b00000, 0x0000000090c00000, 0x0000000090c00000|100%| E|CS|TAMS 0x0000000090b00000, 0x0000000090b00000| Complete 
| 268|0x0000000090c00000, 0x0000000090d00000, 0x0000000090d00000|100%| E|CS|TAMS 0x0000000090c00000, 0x0000000090c00000| Complete 
| 269|0x0000000090d00000, 0x0000000090e00000, 0x0000000090e00000|100%| E|CS|TAMS 0x0000000090d00000, 0x0000000090d00000| Complete 
| 270|0x0000000090e00000, 0x0000000090f00000, 0x0000000090f00000|100%| E|CS|TAMS 0x0000000090e00000, 0x0000000090e00000| Complete 
| 271|0x0000000090f00000, 0x0000000091000000, 0x0000000091000000|100%| E|CS|TAMS 0x0000000090f00000, 0x0000000090f00000| Complete 
| 272|0x0000000091000000, 0x0000000091100000, 0x0000000091100000|100%| E|CS|TAMS 0x0000000091000000, 0x0000000091000000| Complete 
| 273|0x0000000091100000, 0x0000000091200000, 0x0000000091200000|100%| E|CS|TAMS 0x0000000091100000, 0x0000000091100000| Complete 
| 274|0x0000000091200000, 0x0000000091300000, 0x0000000091300000|100%| E|CS|TAMS 0x0000000091200000, 0x0000000091200000| Complete 
| 275|0x0000000091300000, 0x0000000091400000, 0x0000000091400000|100%| E|CS|TAMS 0x0000000091300000, 0x0000000091300000| Complete 
| 276|0x0000000091400000, 0x0000000091500000, 0x0000000091500000|100%| E|CS|TAMS 0x0000000091400000, 0x0000000091400000| Complete 
| 277|0x0000000091500000, 0x0000000091600000, 0x0000000091600000|100%| E|CS|TAMS 0x0000000091500000, 0x0000000091500000| Complete 
| 278|0x0000000091600000, 0x0000000091700000, 0x0000000091700000|100%| E|CS|TAMS 0x0000000091600000, 0x0000000091600000| Complete 
| 279|0x0000000091700000, 0x0000000091800000, 0x0000000091800000|100%| E|CS|TAMS 0x0000000091700000, 0x0000000091700000| Complete 
| 280|0x0000000091800000, 0x0000000091900000, 0x0000000091900000|100%| E|CS|TAMS 0x0000000091800000, 0x0000000091800000| Complete 
| 281|0x0000000091900000, 0x0000000091a00000, 0x0000000091a00000|100%| E|CS|TAMS 0x0000000091900000, 0x0000000091900000| Complete 
| 282|0x0000000091a00000, 0x0000000091b00000, 0x0000000091b00000|100%| E|CS|TAMS 0x0000000091a00000, 0x0000000091a00000| Complete 
| 283|0x0000000091b00000, 0x0000000091c00000, 0x0000000091c00000|100%| E|CS|TAMS 0x0000000091b00000, 0x0000000091b00000| Complete 
| 284|0x0000000091c00000, 0x0000000091d00000, 0x0000000091d00000|100%| E|CS|TAMS 0x0000000091c00000, 0x0000000091c00000| Complete 
| 285|0x0000000091d00000, 0x0000000091e00000, 0x0000000091e00000|100%| E|CS|TAMS 0x0000000091d00000, 0x0000000091d00000| Complete 
| 286|0x0000000091e00000, 0x0000000091f00000, 0x0000000091f00000|100%| E|CS|TAMS 0x0000000091e00000, 0x0000000091e00000| Complete 
| 287|0x0000000091f00000, 0x0000000092000000, 0x0000000092000000|100%| E|CS|TAMS 0x0000000091f00000, 0x0000000091f00000| Complete 
| 288|0x0000000092000000, 0x0000000092100000, 0x0000000092100000|100%| E|CS|TAMS 0x0000000092000000, 0x0000000092000000| Complete 
| 289|0x0000000092100000, 0x0000000092200000, 0x0000000092200000|100%| E|CS|TAMS 0x0000000092100000, 0x0000000092100000| Complete 
| 290|0x0000000092200000, 0x0000000092300000, 0x0000000092300000|100%| E|CS|TAMS 0x0000000092200000, 0x0000000092200000| Complete 
| 291|0x0000000092300000, 0x0000000092400000, 0x0000000092400000|100%| E|CS|TAMS 0x0000000092300000, 0x0000000092300000| Complete 
| 292|0x0000000092400000, 0x0000000092500000, 0x0000000092500000|100%| E|CS|TAMS 0x0000000092400000, 0x0000000092400000| Complete 
| 293|0x0000000092500000, 0x0000000092600000, 0x0000000092600000|100%| E|CS|TAMS 0x0000000092500000, 0x0000000092500000| Complete 
| 294|0x0000000092600000, 0x0000000092700000, 0x0000000092700000|100%| E|CS|TAMS 0x0000000092600000, 0x0000000092600000| Complete 
| 295|0x0000000092700000, 0x0000000092800000, 0x0000000092800000|100%| E|CS|TAMS 0x0000000092700000, 0x0000000092700000| Complete 
| 296|0x0000000092800000, 0x0000000092900000, 0x0000000092900000|100%| E|CS|TAMS 0x0000000092800000, 0x0000000092800000| Complete 
| 297|0x0000000092900000, 0x0000000092a00000, 0x0000000092a00000|100%| E|CS|TAMS 0x0000000092900000, 0x0000000092900000| Complete 
| 298|0x0000000092a00000, 0x0000000092b00000, 0x0000000092b00000|100%| E|CS|TAMS 0x0000000092a00000, 0x0000000092a00000| Complete 
| 299|0x0000000092b00000, 0x0000000092c00000, 0x0000000092c00000|100%| E|CS|TAMS 0x0000000092b00000, 0x0000000092b00000| Complete 
| 300|0x0000000092c00000, 0x0000000092d00000, 0x0000000092d00000|100%| E|CS|TAMS 0x0000000092c00000, 0x0000000092c00000| Complete 
| 301|0x0000000092d00000, 0x0000000092e00000, 0x0000000092e00000|100%| E|CS|TAMS 0x0000000092d00000, 0x0000000092d00000| Complete 
| 302|0x0000000092e00000, 0x0000000092f00000, 0x0000000092f00000|100%| E|CS|TAMS 0x0000000092e00000, 0x0000000092e00000| Complete 
| 303|0x0000000092f00000, 0x0000000093000000, 0x0000000093000000|100%| E|CS|TAMS 0x0000000092f00000, 0x0000000092f00000| Complete 
| 304|0x0000000093000000, 0x0000000093100000, 0x0000000093100000|100%| E|CS|TAMS 0x0000000093000000, 0x0000000093000000| Complete 
| 305|0x0000000093100000, 0x0000000093200000, 0x0000000093200000|100%| E|CS|TAMS 0x0000000093100000, 0x0000000093100000| Complete 
| 306|0x0000000093200000, 0x0000000093300000, 0x0000000093300000|100%| E|CS|TAMS 0x0000000093200000, 0x0000000093200000| Complete 
| 307|0x0000000093300000, 0x0000000093400000, 0x0000000093400000|100%| E|CS|TAMS 0x0000000093300000, 0x0000000093300000| Complete 
| 308|0x0000000093400000, 0x0000000093500000, 0x0000000093500000|100%| E|CS|TAMS 0x0000000093400000, 0x0000000093400000| Complete 
| 309|0x0000000093500000, 0x0000000093600000, 0x0000000093600000|100%| E|CS|TAMS 0x0000000093500000, 0x0000000093500000| Complete 
| 310|0x0000000093600000, 0x0000000093700000, 0x0000000093700000|100%| E|CS|TAMS 0x0000000093600000, 0x0000000093600000| Complete 
| 311|0x0000000093700000, 0x0000000093800000, 0x0000000093800000|100%| E|CS|TAMS 0x0000000093700000, 0x0000000093700000| Complete 
| 312|0x0000000093800000, 0x0000000093900000, 0x0000000093900000|100%| E|CS|TAMS 0x0000000093800000, 0x0000000093800000| Complete 
| 313|0x0000000093900000, 0x0000000093a00000, 0x0000000093a00000|100%| E|CS|TAMS 0x0000000093900000, 0x0000000093900000| Complete 
| 314|0x0000000093a00000, 0x0000000093b00000, 0x0000000093b00000|100%| E|CS|TAMS 0x0000000093a00000, 0x0000000093a00000| Complete 
| 315|0x0000000093b00000, 0x0000000093c00000, 0x0000000093c00000|100%| E|  |TAMS 0x0000000093b00000, 0x0000000093b00000| Complete 
| 316|0x0000000093c00000, 0x0000000093d00000, 0x0000000093d00000|100%| E|CS|TAMS 0x0000000093c00000, 0x0000000093c00000| Complete 
| 317|0x0000000093d00000, 0x0000000093e00000, 0x0000000093e00000|100%| E|CS|TAMS 0x0000000093d00000, 0x0000000093d00000| Complete 
| 318|0x0000000093e00000, 0x0000000093f00000, 0x0000000093f00000|100%| E|CS|TAMS 0x0000000093e00000, 0x0000000093e00000| Complete 
| 319|0x0000000093f00000, 0x0000000094000000, 0x0000000094000000|100%| E|CS|TAMS 0x0000000093f00000, 0x0000000093f00000| Complete 
| 320|0x0000000094000000, 0x0000000094100000, 0x0000000094100000|100%| E|CS|TAMS 0x0000000094000000, 0x0000000094000000| Complete 
| 321|0x0000000094100000, 0x0000000094200000, 0x0000000094200000|100%| E|CS|TAMS 0x0000000094100000, 0x0000000094100000| Complete 
| 322|0x0000000094200000, 0x0000000094300000, 0x0000000094300000|100%| E|CS|TAMS 0x0000000094200000, 0x0000000094200000| Complete 
| 323|0x0000000094300000, 0x0000000094400000, 0x0000000094400000|100%| E|CS|TAMS 0x0000000094300000, 0x0000000094300000| Complete 
| 324|0x0000000094400000, 0x0000000094500000, 0x0000000094500000|100%| E|CS|TAMS 0x0000000094400000, 0x0000000094400000| Complete 
| 325|0x0000000094500000, 0x0000000094600000, 0x0000000094600000|100%| E|CS|TAMS 0x0000000094500000, 0x0000000094500000| Complete 
| 326|0x0000000094600000, 0x0000000094700000, 0x0000000094700000|100%| E|CS|TAMS 0x0000000094600000, 0x0000000094600000| Complete 

Card table byte_map: [0x000001c87cf40000,0x000001c87d340000] _byte_map_base: 0x000001c87cb40000

Marking Bits (Prev, Next): (CMBitMap*) 0x000001c8744012d8, (CMBitMap*) 0x000001c874401310
 Prev Bits: [0x000001c87d740000, 0x000001c87f740000)
 Next Bits: [0x000001c80f000000, 0x000001c811000000)

Polling page: 0x000001c8723b0000

Metaspace:

Usage:
  Non-class:     79.14 MB capacity,    77.45 MB ( 98%) used,     1.38 MB (  2%) free+waste,   315.38 KB ( <1%) overhead. 
      Class:     12.48 MB capacity,    11.39 MB ( 91%) used,   967.89 KB (  8%) free+waste,   149.31 KB (  1%) overhead. 
       Both:     91.62 MB capacity,    88.84 MB ( 97%) used,     2.32 MB (  3%) free+waste,   464.69 KB ( <1%) overhead. 

Virtual space:
  Non-class space:       80.00 MB reserved,      79.21 MB (>99%) committed 
      Class space:      504.00 MB reserved,      12.57 MB (  2%) committed 
             Both:      584.00 MB reserved,      91.79 MB ( 16%) committed 

Chunk freelists:
   Non-Class:  16.00 KB
       Class:  20.00 KB
        Both:  36.00 KB

MaxMetaspaceSize: 512.00 MB
CompressedClassSpaceSize: 504.00 MB
Initial GC threshold: 20.80 MB
Current GC threshold: 106.52 MB
CDS: off

CodeHeap 'non-profiled nmethods': size=120064Kb used=9909Kb max_used=9909Kb free=110154Kb
 bounds [0x000001c807ac0000, 0x000001c8084a0000, 0x000001c80f000000]
CodeHeap 'profiled nmethods': size=120000Kb used=26640Kb max_used=28479Kb free=93359Kb
 bounds [0x000001c800590000, 0x000001c802160000, 0x000001c807ac0000]
CodeHeap 'non-nmethods': size=5696Kb used=2429Kb max_used=2481Kb free=3266Kb
 bounds [0x000001c800000000, 0x000001c800280000, 0x000001c800590000]
 total_blobs=12868 nmethods=11899 adapters=881
 compilation: enabled
              stopped_count=0, restarted_count=0
 full_count=0

Compilation events (20 events):
Event: 532.821 Thread 0x000001c87fc2f000 nmethod 12838 0x000001c807b70390 code [0x000001c807b705a0, 0x000001c807b71670]
Event: 532.822 Thread 0x000001c87fc2f000 12849       4       org.objectweb.asm.MethodWriter::visitMaxs (60 bytes)
Event: 532.825 Thread 0x000001c87fc2f000 nmethod 12849 0x000001c807c21e90 code [0x000001c807c22040, 0x000001c807c22118]
Event: 532.825 Thread 0x000001c87fc2f000 12826       4       org.objectweb.asm.ClassVisitor::visitSource (17 bytes)
Event: 532.844 Thread 0x000001c87fc2f000 nmethod 12826 0x000001c807c44910 code [0x000001c807c44b20, 0x000001c807c45260]
Event: 532.845 Thread 0x000001c87fc2f000 12840       4       org.objectweb.asm.ClassVisitor::visit (50 bytes)
Event: 532.885 Thread 0x000001c87fc2f000 nmethod 12840 0x000001c807b92d10 code [0x000001c807b92f20, 0x000001c807b93840]
Event: 532.885 Thread 0x000001c87fc2f000 12833       4       org.gradle.internal.classpath.InstrumentingBackwardsCompatibilityVisitor$BackwardCompatibilityMethodVisitor::visitMethodInsn (26 bytes)
Event: 532.888 Thread 0x000001c87fc2f000 nmethod 12833 0x000001c807b2e690 code [0x000001c807b2e840, 0x000001c807b2e978]
Event: 532.888 Thread 0x000001c87fc2f000 12834       4       org.gradle.internal.classpath.InstrumentingBackwardsCompatibilityVisitor$BackwardCompatibilityMethodVisitor::visitFieldInsn (24 bytes)
Event: 532.890 Thread 0x000001c87fc2f000 nmethod 12834 0x000001c807c75e10 code [0x000001c807c75fc0, 0x000001c807c760d8]
Event: 532.890 Thread 0x000001c87fc2f000 12835       4       org.gradle.internal.classpath.InstrumentingTransformer$InstrumentingMethodVisitor::visitINVOKEVIRTUAL (130 bytes)
Event: 532.987 Thread 0x000001c87fc2f000 nmethod 12835 0x000001c807c67c10 code [0x000001c807c67ee0, 0x000001c807c69b70]
Event: 532.987 Thread 0x000001c87fc2f000 12855 %     4       java.util.zip.ZipFile$Source::initCEN @ 228 (697 bytes)
Event: 533.135 Thread 0x000001c87fc2f000 nmethod 12855% 0x000001c807db4310 code [0x000001c807db4580, 0x000001c807db6378]
Event: 533.136 Thread 0x000001c87fc2f000 12857 %     4       org.objectweb.asm.ClassReader::accept @ 194 (1412 bytes)
Event: 533.885 Thread 0x000001c87fc30800 12867       2       org.objectweb.asm.Type::getClassName (180 bytes)
Event: 533.913 Thread 0x000001c87fc30800 nmethod 12867 0x000001c800d20290 code [0x000001c800d20540, 0x000001c800d20e98]
Event: 534.001 Thread 0x000001c87fc30800 12868   !   2       java.util.zip.ZipFile::entries (39 bytes)
Event: 534.127 Thread 0x000001c87fc30800 nmethod 12868 0x000001c8006ecb90 code [0x000001c8006ecd60, 0x000001c8006ed148]

GC Heap History (20 events):
Event: 378.558 GC heap before
{Heap before GC invocations=81 (full 0):
 garbage-first heap   total 334848K, used 264862K [0x0000000080000000, 0x0000000100000000)
  region size 1024K, 196 young (200704K), 16 survivors (16384K)
 Metaspace       used 80069K, capacity 82556K, committed 82856K, reserved 587776K
  class space    used 10334K, capacity 11346K, committed 11468K, reserved 516096K
}
Event: 378.629 GC heap after
{Heap after GC invocations=82 (full 0):
 garbage-first heap   total 334848K, used 87300K [0x0000000080000000, 0x0000000100000000)
  region size 1024K, 15 young (15360K), 15 survivors (15360K)
 Metaspace       used 80069K, capacity 82556K, committed 82856K, reserved 587776K
  class space    used 10334K, capacity 11346K, committed 11468K, reserved 516096K
}
Event: 382.245 GC heap before
{Heap before GC invocations=82 (full 0):
 garbage-first heap   total 334848K, used 272644K [0x0000000080000000, 0x0000000100000000)
  region size 1024K, 196 young (200704K), 15 survivors (15360K)
 Metaspace       used 80069K, capacity 82556K, committed 82856K, reserved 587776K
  class space    used 10334K, capacity 11346K, committed 11468K, reserved 516096K
}
Event: 382.292 GC heap after
{Heap after GC invocations=83 (full 0):
 garbage-first heap   total 334848K, used 89525K [0x0000000080000000, 0x0000000100000000)
  region size 1024K, 9 young (9216K), 9 survivors (9216K)
 Metaspace       used 80069K, capacity 82556K, committed 82856K, reserved 587776K
  class space    used 10334K, capacity 11346K, committed 11468K, reserved 516096K
}
Event: 498.175 GC heap before
{Heap before GC invocations=83 (full 0):
 garbage-first heap   total 334848K, used 277941K [0x0000000080000000, 0x0000000100000000)
  region size 1024K, 194 young (198656K), 9 survivors (9216K)
 Metaspace       used 90576K, capacity 93418K, committed 93736K, reserved 598016K
  class space    used 11644K, capacity 12779K, committed 12876K, reserved 516096K
}
Event: 498.479 GC heap after
{Heap after GC invocations=84 (full 0):
 garbage-first heap   total 334848K, used 87932K [0x0000000080000000, 0x0000000100000000)
  region size 1024K, 11 young (11264K), 11 survivors (11264K)
 Metaspace       used 90576K, capacity 93418K, committed 93736K, reserved 598016K
  class space    used 11644K, capacity 12779K, committed 12876K, reserved 516096K
}
Event: 509.271 GC heap before
{Heap before GC invocations=84 (full 0):
 garbage-first heap   total 334848K, used 132988K [0x0000000080000000, 0x0000000100000000)
  region size 1024K, 56 young (57344K), 11 survivors (11264K)
 Metaspace       used 90748K, capacity 93618K, committed 93736K, reserved 598016K
  class space    used 11646K, capacity 12780K, committed 12876K, reserved 516096K
}
Event: 509.369 GC heap after
{Heap after GC invocations=85 (full 0):
 garbage-first heap   total 334848K, used 88656K [0x0000000080000000, 0x0000000100000000)
  region size 1024K, 2 young (2048K), 2 survivors (2048K)
 Metaspace       used 90748K, capacity 93618K, committed 93736K, reserved 598016K
  class space    used 11646K, capacity 12780K, committed 12876K, reserved 516096K
}
Event: 521.563 GC heap before
{Heap before GC invocations=85 (full 0):
 garbage-first heap   total 334848K, used 283216K [0x0000000080000000, 0x0000000100000000)
  region size 1024K, 191 young (195584K), 2 survivors (2048K)
 Metaspace       used 90965K, capacity 93816K, committed 93992K, reserved 598016K
  class space    used 11662K, capacity 12780K, committed 12876K, reserved 516096K
}
Event: 521.641 GC heap after
{Heap after GC invocations=86 (full 0):
 garbage-first heap   total 334848K, used 91003K [0x0000000080000000, 0x0000000100000000)
  region size 1024K, 4 young (4096K), 4 survivors (4096K)
 Metaspace       used 90965K, capacity 93816K, committed 93992K, reserved 598016K
  class space    used 11662K, capacity 12780K, committed 12876K, reserved 516096K
}
Event: 528.742 GC heap before
{Heap before GC invocations=86 (full 0):
 garbage-first heap   total 334848K, used 283515K [0x0000000080000000, 0x0000000100000000)
  region size 1024K, 192 young (196608K), 4 survivors (4096K)
 Metaspace       used 90971K, capacity 93816K, committed 93992K, reserved 598016K
  class space    used 11662K, capacity 12780K, committed 12876K, reserved 516096K
}
Event: 529.051 GC heap after
{Heap after GC invocations=87 (full 0):
 garbage-first heap   total 334848K, used 90925K [0x0000000080000000, 0x0000000100000000)
  region size 1024K, 4 young (4096K), 4 survivors (4096K)
 Metaspace       used 90971K, capacity 93816K, committed 93992K, reserved 598016K
  class space    used 11662K, capacity 12780K, committed 12876K, reserved 516096K
}
Event: 529.244 GC heap before
{Heap before GC invocations=87 (full 0):
 garbage-first heap   total 334848K, used 102189K [0x0000000080000000, 0x0000000100000000)
  region size 1024K, 16 young (16384K), 4 survivors (4096K)
 Metaspace       used 90971K, capacity 93816K, committed 93992K, reserved 598016K
  class space    used 11662K, capacity 12780K, committed 12876K, reserved 516096K
}
Event: 529.257 GC heap after
{Heap after GC invocations=88 (full 0):
 garbage-first heap   total 334848K, used 91334K [0x0000000080000000, 0x0000000100000000)
  region size 1024K, 1 young (1024K), 1 survivors (1024K)
 Metaspace       used 90971K, capacity 93816K, committed 93992K, reserved 598016K
  class space    used 11662K, capacity 12780K, committed 12876K, reserved 516096K
}
Event: 529.526 GC heap before
{Heap before GC invocations=88 (full 0):
 garbage-first heap   total 334848K, used 106694K [0x0000000080000000, 0x0000000100000000)
  region size 1024K, 16 young (16384K), 1 survivors (1024K)
 Metaspace       used 90971K, capacity 93816K, committed 93992K, reserved 598016K
  class space    used 11662K, capacity 12780K, committed 12876K, reserved 516096K
}
Event: 529.530 GC heap after
{Heap after GC invocations=89 (full 0):
 garbage-first heap   total 334848K, used 91121K [0x0000000080000000, 0x0000000100000000)
  region size 1024K, 1 young (1024K), 1 survivors (1024K)
 Metaspace       used 90971K, capacity 93816K, committed 93992K, reserved 598016K
  class space    used 11662K, capacity 12780K, committed 12876K, reserved 516096K
}
Event: 530.673 GC heap before
{Heap before GC invocations=89 (full 0):
 garbage-first heap   total 334848K, used 184305K [0x0000000080000000, 0x0000000100000000)
  region size 1024K, 93 young (95232K), 1 survivors (1024K)
 Metaspace       used 90971K, capacity 93816K, committed 93992K, reserved 598016K
  class space    used 11662K, capacity 12780K, committed 12876K, reserved 516096K
}
Event: 530.687 GC heap after
{Heap after GC invocations=90 (full 0):
 garbage-first heap   total 334848K, used 92061K [0x0000000080000000, 0x0000000100000000)
  region size 1024K, 2 young (2048K), 2 survivors (2048K)
 Metaspace       used 90971K, capacity 93816K, committed 93992K, reserved 598016K
  class space    used 11662K, capacity 12780K, committed 12876K, reserved 516096K
}
Event: 533.870 GC heap before
{Heap before GC invocations=90 (full 0):
 garbage-first heap   total 334848K, used 258973K [0x0000000080000000, 0x0000000100000000)
  region size 1024K, 164 young (167936K), 2 survivors (2048K)
 Metaspace       used 90972K, capacity 93816K, committed 93992K, reserved 598016K
  class space    used 11662K, capacity 12780K, committed 12876K, reserved 516096K
}
Event: 533.878 GC heap after
{Heap after GC invocations=91 (full 0):
 garbage-first heap   total 334848K, used 94100K [0x0000000080000000, 0x0000000100000000)
  region size 1024K, 3 young (3072K), 3 survivors (3072K)
 Metaspace       used 90972K, capacity 93816K, committed 93992K, reserved 598016K
  class space    used 11662K, capacity 12780K, committed 12876K, reserved 516096K
}

Deoptimization events (20 events):
Event: 531.059 Thread 0x000001c817808800 Uncommon trap: trap_request=0xffffffde fr.pc=0x000001c807d9f8fc relative=0x00000000000062bc
Event: 531.059 Thread 0x000001c817808800 Uncommon trap: reason=class_check action=maybe_recompile pc=0x000001c807d9f8fc method=org.objectweb.asm.ClassReader.readMethod(Lorg/objectweb/asm/ClassVisitor;Lorg/objectweb/asm/Context;I)I @ 668 c2
Event: 531.059 Thread 0x000001c817808800 DEOPT PACKING pc=0x000001c807d9f8fc sp=0x0000000a518fe4e0
Event: 531.059 Thread 0x000001c817808800 DEOPT UNPACKING pc=0x000001c80004a1af sp=0x0000000a518fe498 mode 2
Event: 531.145 Thread 0x000001c81780b000 DEOPT PACKING pc=0x000001c800cffac6 sp=0x0000000a515fe1a0
Event: 531.145 Thread 0x000001c81780b000 DEOPT UNPACKING pc=0x000001c80004a95e sp=0x0000000a515fd790 mode 0
Event: 531.382 Thread 0x000001c817808800 DEOPT PACKING pc=0x000001c8005c6aaa sp=0x0000000a518fe120
Event: 531.382 Thread 0x000001c817808800 DEOPT UNPACKING pc=0x000001c80004a95e sp=0x0000000a518fd538 mode 0
Event: 531.387 Thread 0x000001c81780c800 Uncommon trap: trap_request=0xffffff7e fr.pc=0x000001c807d9fab4 relative=0x0000000000006474
Event: 531.387 Thread 0x000001c81780c800 Uncommon trap: reason=predicate action=maybe_recompile pc=0x000001c807d9fab4 method=org.objectweb.asm.ClassReader.readMethod(Lorg/objectweb/asm/ClassVisitor;Lorg/objectweb/asm/Context;I)I @ 922 c2
Event: 531.388 Thread 0x000001c81780c800 DEOPT PACKING pc=0x000001c807d9fab4 sp=0x0000000a516fe5c0
Event: 531.388 Thread 0x000001c81780c800 DEOPT UNPACKING pc=0x000001c80004a1af sp=0x0000000a516fe578 mode 2
Event: 533.014 Thread 0x000001c81780b000 DEOPT PACKING pc=0x000001c800cff537 sp=0x0000000a515fe1a0
Event: 533.014 Thread 0x000001c81780b000 DEOPT UNPACKING pc=0x000001c80004a95e sp=0x0000000a515fd790 mode 0
Event: 533.294 Thread 0x000001c81780c800 DEOPT PACKING pc=0x000001c801c4db74 sp=0x0000000a516fe290
Event: 533.299 Thread 0x000001c81780c800 DEOPT UNPACKING pc=0x000001c80004a95e sp=0x0000000a516fd868 mode 0
Event: 533.944 Thread 0x000001c81780c800 DEOPT PACKING pc=0x000001c800cffa38 sp=0x0000000a516fe6d0
Event: 533.945 Thread 0x000001c81780c800 DEOPT UNPACKING pc=0x000001c80004a95e sp=0x0000000a516fdcc0 mode 0
Event: 534.589 Thread 0x000001c81780b000 DEOPT PACKING pc=0x000001c800cffac6 sp=0x0000000a515fe1a0
Event: 534.603 Thread 0x000001c81780b000 DEOPT UNPACKING pc=0x000001c80004a95e sp=0x0000000a515fd790 mode 0

Classes redefined (0 events):
No events

Internal exceptions (20 events):
Event: 530.996 Thread 0x000001c81780c800 Exception <a 'sun/nio/fs/WindowsException'{0x0000000092511ee8}> (0x0000000092511ee8) thrown at [./src/hotspot/share/prims/jni.cpp, line 617]
Event: 531.357 Thread 0x000001c81780b000 Exception <a 'sun/nio/fs/WindowsException'{0x000000008fdd41d0}> (0x000000008fdd41d0) thrown at [./src/hotspot/share/prims/jni.cpp, line 617]
Event: 531.385 Thread 0x000001c81780c800 Exception <a 'sun/nio/fs/WindowsException'{0x000000009251a438}> (0x000000009251a438) thrown at [./src/hotspot/share/prims/jni.cpp, line 617]
Event: 531.435 Thread 0x000001c81780b000 Exception <a 'sun/nio/fs/WindowsException'{0x000000008fdd4378}> (0x000000008fdd4378) thrown at [./src/hotspot/share/prims/jni.cpp, line 617]
Event: 531.437 Thread 0x000001c81780c800 Exception <a 'sun/nio/fs/WindowsException'{0x000000008f939548}> (0x000000008f939548) thrown at [./src/hotspot/share/prims/jni.cpp, line 617]
Event: 531.442 Thread 0x000001c81780c800 Exception <a 'sun/nio/fs/WindowsException'{0x000000008f939728}> (0x000000008f939728) thrown at [./src/hotspot/share/prims/jni.cpp, line 617]
Event: 531.858 Thread 0x000001c81780c800 Exception <a 'sun/nio/fs/WindowsException'{0x000000008f949dd0}> (0x000000008f949dd0) thrown at [./src/hotspot/share/prims/jni.cpp, line 617]
Event: 531.954 Thread 0x000001c81780b000 Exception <a 'sun/nio/fs/WindowsException'{0x000000008fde0a48}> (0x000000008fde0a48) thrown at [./src/hotspot/share/prims/jni.cpp, line 617]
Event: 532.398 Thread 0x000001c81780b000 Exception <a 'sun/nio/fs/WindowsException'{0x000000008d650aa8}> (0x000000008d650aa8) thrown at [./src/hotspot/share/prims/jni.cpp, line 617]
Event: 532.415 Thread 0x000001c81780b000 Exception <a 'sun/nio/fs/WindowsException'{0x000000008d650d00}> (0x000000008d650d00) thrown at [./src/hotspot/share/prims/jni.cpp, line 617]
Event: 532.618 Thread 0x000001c81780c800 Exception <a 'sun/nio/fs/WindowsException'{0x000000008d454838}> (0x000000008d454838) thrown at [./src/hotspot/share/prims/jni.cpp, line 617]
Event: 532.732 Thread 0x000001c81780b000 Exception <a 'sun/nio/fs/WindowsException'{0x000000008d65b970}> (0x000000008d65b970) thrown at [./src/hotspot/share/prims/jni.cpp, line 617]
Event: 532.750 Thread 0x000001c81780c800 Exception <a 'sun/nio/fs/WindowsException'{0x000000008d454a30}> (0x000000008d454a30) thrown at [./src/hotspot/share/prims/jni.cpp, line 617]
Event: 533.067 Thread 0x000001c81780c800 Exception <a 'sun/nio/fs/WindowsException'{0x000000008ce37ac0}> (0x000000008ce37ac0) thrown at [./src/hotspot/share/prims/jni.cpp, line 617]
Event: 533.336 Thread 0x000001c81780b000 Exception <a 'sun/nio/fs/WindowsException'{0x000000008c90a720}> (0x000000008c90a720) thrown at [./src/hotspot/share/prims/jni.cpp, line 617]
Event: 533.341 Thread 0x000001c81780b000 Exception <a 'sun/nio/fs/WindowsException'{0x000000008c90a900}> (0x000000008c90a900) thrown at [./src/hotspot/share/prims/jni.cpp, line 617]
Event: 533.519 Thread 0x000001c81780b000 Exception <a 'sun/nio/fs/WindowsException'{0x000000008c914c08}> (0x000000008c914c08) thrown at [./src/hotspot/share/prims/jni.cpp, line 617]
Event: 533.615 Thread 0x000001c81780b000 Exception <a 'sun/nio/fs/WindowsException'{0x000000008b465960}> (0x000000008b465960) thrown at [./src/hotspot/share/prims/jni.cpp, line 617]
Event: 533.686 Thread 0x000001c81780b000 Exception <a 'sun/nio/fs/WindowsException'{0x000000008b465b40}> (0x000000008b465b40) thrown at [./src/hotspot/share/prims/jni.cpp, line 617]
Event: 534.111 Thread 0x000001c81780b000 Exception <a 'sun/nio/fs/WindowsException'{0x0000000093b946b8}> (0x0000000093b946b8) thrown at [./src/hotspot/share/prims/jni.cpp, line 617]

Events (20 events):
Event: 515.585 Thread 0x000001c87fc31800 flushing nmethod 0x000001c801150590
Event: 515.594 Thread 0x000001c87fc31800 flushing nmethod 0x000001c8011e1410
Event: 515.647 Executing VM operation: ICBufferFull
Event: 515.683 Executing VM operation: ICBufferFull done
Event: 515.934 Executing VM operation: ICBufferFull
Event: 515.964 Executing VM operation: ICBufferFull done
Event: 519.338 Executing VM operation: RevokeBias
Event: 519.345 Executing VM operation: RevokeBias done
Event: 521.562 Executing VM operation: G1CollectForAllocation
Event: 521.641 Executing VM operation: G1CollectForAllocation done
Event: 528.741 Executing VM operation: G1CollectForAllocation
Event: 529.051 Executing VM operation: G1CollectForAllocation done
Event: 529.243 Executing VM operation: G1CollectForAllocation
Event: 529.257 Executing VM operation: G1CollectForAllocation done
Event: 529.525 Executing VM operation: G1CollectForAllocation
Event: 529.530 Executing VM operation: G1CollectForAllocation done
Event: 530.672 Executing VM operation: G1CollectForAllocation
Event: 530.687 Executing VM operation: G1CollectForAllocation done
Event: 533.870 Executing VM operation: G1CollectForAllocation
Event: 533.878 Executing VM operation: G1CollectForAllocation done


Dynamic libraries:
0x00007ff60fd70000 - 0x00007ff60fd7d000 	C:\Program Files\Microsoft\jdk-11.0.18.10-hotspot\bin\java.exe
0x00007ffefda70000 - 0x00007ffefdc68000 	C:\WINDOWS\SYSTEM32\ntdll.dll
0x00007ffefcef0000 - 0x00007ffefcfaf000 	C:\WINDOWS\System32\KERNEL32.DLL
0x00007ffefb520000 - 0x00007ffefb816000 	C:\WINDOWS\System32\KERNELBASE.dll
0x00007ffefb8f0000 - 0x00007ffefb9f0000 	C:\WINDOWS\System32\ucrtbase.dll
0x00007ffee8f60000 - 0x00007ffee8f77000 	C:\Program Files\Microsoft\jdk-11.0.18.10-hotspot\bin\jli.dll
0x00007ffefccc0000 - 0x00007ffefce5d000 	C:\WINDOWS\System32\USER32.dll
0x00007ffefb820000 - 0x00007ffefb842000 	C:\WINDOWS\System32\win32u.dll
0x00007ffefcec0000 - 0x00007ffefceec000 	C:\WINDOWS\System32\GDI32.dll
0x00007ffefb3b0000 - 0x00007ffefb4c5000 	C:\WINDOWS\System32\gdi32full.dll
0x00007ffefb850000 - 0x00007ffefb8ed000 	C:\WINDOWS\System32\msvcp_win.dll
0x00007ffeea150000 - 0x00007ffeea3ea000 	C:\WINDOWS\WinSxS\amd64_microsoft.windows.common-controls_6595b64144ccf1df_6.0.19041.1110_none_60b5254171f9507e\COMCTL32.dll
0x00007ffee8450000 - 0x00007ffee8465000 	C:\Program Files\Microsoft\jdk-11.0.18.10-hotspot\bin\VCRUNTIME140.dll
0x00007ffefcae0000 - 0x00007ffefcb7e000 	C:\WINDOWS\System32\msvcrt.dll
0x00007ffefd050000 - 0x00007ffefd080000 	C:\WINDOWS\System32\IMM32.DLL
0x00007ffed30f0000 - 0x00007ffed318b000 	C:\Program Files\Microsoft\jdk-11.0.18.10-hotspot\bin\msvcp140.dll
0x00007ffea6ca0000 - 0x00007ffea7832000 	C:\Program Files\Microsoft\jdk-11.0.18.10-hotspot\bin\server\jvm.dll
0x00007ffefbdd0000 - 0x00007ffefbe7f000 	C:\WINDOWS\System32\ADVAPI32.dll
0x00007ffefcfb0000 - 0x00007ffefd04c000 	C:\WINDOWS\System32\sechost.dll
0x00007ffefd1b0000 - 0x00007ffefd2d6000 	C:\WINDOWS\System32\RPCRT4.dll
0x00007ffefbcd0000 - 0x00007ffefbcd8000 	C:\WINDOWS\System32\PSAPI.DLL
0x00007ffee9ab0000 - 0x00007ffee9ab9000 	C:\WINDOWS\SYSTEM32\WSOCK32.dll
0x00007ffefbce0000 - 0x00007ffefbd4b000 	C:\WINDOWS\System32\WS2_32.dll
0x00007ffeea4a0000 - 0x00007ffeea4aa000 	C:\WINDOWS\SYSTEM32\VERSION.dll
0x00007ffee9a70000 - 0x00007ffee9a97000 	C:\WINDOWS\SYSTEM32\WINMM.dll
0x00007ffef9a20000 - 0x00007ffef9a32000 	C:\WINDOWS\SYSTEM32\kernel.appcore.dll
0x00007ffef54b0000 - 0x00007ffef54c0000 	C:\Program Files\Microsoft\jdk-11.0.18.10-hotspot\bin\verify.dll
0x00007ffef9730000 - 0x00007ffef9914000 	C:\WINDOWS\SYSTEM32\DBGHELP.DLL
0x00007ffee71e0000 - 0x00007ffee7214000 	C:\WINDOWS\SYSTEM32\dbgcore.DLL
0x00007ffefbaa0000 - 0x00007ffefbb22000 	C:\WINDOWS\System32\bcryptPrimitives.dll
0x00007ffee2e50000 - 0x00007ffee2e78000 	C:\Program Files\Microsoft\jdk-11.0.18.10-hotspot\bin\java.dll
0x00007ffef3cf0000 - 0x00007ffef3cfa000 	C:\Program Files\Microsoft\jdk-11.0.18.10-hotspot\bin\jimage.dll
0x00007ffee8430000 - 0x00007ffee8448000 	C:\Program Files\Microsoft\jdk-11.0.18.10-hotspot\bin\zip.dll
0x00007ffefc2b0000 - 0x00007ffefc9f4000 	C:\WINDOWS\System32\SHELL32.dll
0x00007ffef8ec0000 - 0x00007ffef9653000 	C:\WINDOWS\SYSTEM32\windows.storage.dll
0x00007ffefbf40000 - 0x00007ffefc294000 	C:\WINDOWS\System32\combase.dll
0x00007ffefab50000 - 0x00007ffefab7e000 	C:\WINDOWS\SYSTEM32\Wldp.dll
0x00007ffefbc20000 - 0x00007ffefbccd000 	C:\WINDOWS\System32\SHCORE.dll
0x00007ffefbee0000 - 0x00007ffefbf35000 	C:\WINDOWS\System32\shlwapi.dll
0x00007ffefb120000 - 0x00007ffefb13f000 	C:\WINDOWS\SYSTEM32\profapi.dll
0x00007ffee6c70000 - 0x00007ffee6c89000 	C:\Program Files\Microsoft\jdk-11.0.18.10-hotspot\bin\net.dll
0x00007ffeebdc0000 - 0x00007ffeebeca000 	C:\WINDOWS\SYSTEM32\WINHTTP.dll
0x00007ffefa8b0000 - 0x00007ffefa91a000 	C:\WINDOWS\system32\mswsock.dll
0x00007ffee4180000 - 0x00007ffee4193000 	C:\Program Files\Microsoft\jdk-11.0.18.10-hotspot\bin\nio.dll
0x00007ffee9670000 - 0x00007ffee9697000 	C:\Users\IT Foundation\.gradle\native\68d5fa5c4cc2d200863cafc0d521ce42e7d3e7ee720ec0a83991735586a16f82\windows-amd64\native-platform.dll
0x00007ffecd7f0000 - 0x00007ffecd934000 	C:\Users\IT Foundation\.gradle\native\e376f236ea51e6404a007f0833ffe2c6e607c4080706a723a18a27aeea778392\windows-amd64\native-platform-file-events.dll
0x00007ffef54e0000 - 0x00007ffef54e9000 	C:\Program Files\Microsoft\jdk-11.0.18.10-hotspot\bin\management.dll
0x00007ffee9660000 - 0x00007ffee966b000 	C:\Program Files\Microsoft\jdk-11.0.18.10-hotspot\bin\management_ext.dll
0x00007ffefaab0000 - 0x00007ffefaac8000 	C:\WINDOWS\SYSTEM32\CRYPTSP.dll
0x00007ffefa1d0000 - 0x00007ffefa204000 	C:\WINDOWS\system32\rsaenh.dll
0x00007ffefbb30000 - 0x00007ffefbb57000 	C:\WINDOWS\System32\bcrypt.dll
0x00007ffefb0e0000 - 0x00007ffefb10e000 	C:\WINDOWS\SYSTEM32\USERENV.dll
0x00007ffefaaa0000 - 0x00007ffefaaac000 	C:\WINDOWS\SYSTEM32\CRYPTBASE.dll
0x00007ffefa5a0000 - 0x00007ffefa5dc000 	C:\WINDOWS\SYSTEM32\IPHLPAPI.DLL
0x00007ffefbb60000 - 0x00007ffefbb68000 	C:\WINDOWS\System32\NSI.dll
0x00007ffeec400000 - 0x00007ffeec417000 	C:\WINDOWS\SYSTEM32\dhcpcsvc6.DLL
0x00007ffef04f0000 - 0x00007ffef050d000 	C:\WINDOWS\SYSTEM32\dhcpcsvc.DLL
0x00007ffefa5e0000 - 0x00007ffefa6aa000 	C:\WINDOWS\SYSTEM32\DNSAPI.dll
0x00007ffef8200000 - 0x00007ffef8207000 	C:\Program Files\Microsoft\jdk-11.0.18.10-hotspot\bin\rmi.dll
0x00007ffee9770000 - 0x00007ffee977e000 	C:\Program Files\Microsoft\jdk-11.0.18.10-hotspot\bin\sunmscapi.dll
0x00007ffefb250000 - 0x00007ffefb3ae000 	C:\WINDOWS\System32\CRYPT32.dll
0x00007ffefabc0000 - 0x00007ffefabe8000 	C:\WINDOWS\SYSTEM32\ncrypt.dll
0x00007ffefab80000 - 0x00007ffefabbb000 	C:\WINDOWS\SYSTEM32\NTASN1.dll
0x00007ffee2b40000 - 0x00007ffee2b65000 	C:\Program Files\Microsoft\jdk-11.0.18.10-hotspot\bin\sunec.dll
0x00007ffeeaba0000 - 0x00007ffeeabaa000 	C:\Windows\System32\rasadhlp.dll
0x00007ffeeacd0000 - 0x00007ffeead52000 	C:\WINDOWS\System32\fwpuclnt.dll

dbghelp: loaded successfully - version: 4.0.5 - missing functions: none
symbol engine: initialized successfully - sym options: 0x614 - pdb path: .;C:\Program Files\Microsoft\jdk-11.0.18.10-hotspot\bin;C:\WINDOWS\SYSTEM32;C:\WINDOWS\WinSxS\amd64_microsoft.windows.common-controls_6595b64144ccf1df_6.0.19041.1110_none_60b5254171f9507e;C:\Program Files\Microsoft\jdk-11.0.18.10-hotspot\bin\server;C:\Users\IT Foundation\.gradle\native\68d5fa5c4cc2d200863cafc0d521ce42e7d3e7ee720ec0a83991735586a16f82\windows-amd64;C:\Users\IT Foundation\.gradle\native\e376f236ea51e6404a007f0833ffe2c6e607c4080706a723a18a27aeea778392\windows-amd64

VM Arguments:
jvm_args: -XX:MaxMetaspaceSize=512m --add-opens=java.base/java.util=ALL-UNNAMED --add-opens=java.base/java.lang=ALL-UNNAMED --add-opens=java.base/java.lang.invoke=ALL-UNNAMED --add-opens=java.prefs/java.util.prefs=ALL-UNNAMED --add-opens=java.base/java.nio.charset=ALL-UNNAMED --add-opens=java.base/java.net=ALL-UNNAMED --add-opens=java.base/java.util.concurrent.atomic=ALL-UNNAMED -Xmx2048m -Dfile.encoding=windows-1252 -Duser.country=US -Duser.language=en -Duser.variant 
java_command: org.gradle.launcher.daemon.bootstrap.GradleDaemon 8.0.1
java_class_path (initial): C:\Users\IT Foundation\.gradle\wrapper\dists\gradle-8.0.1-all\aro4hu1c3oeioove7l0i4i14o\gradle-8.0.1\lib\gradle-launcher-8.0.1.jar
Launcher Type: SUN_STANDARD

[Global flags]
     intx CICompilerCount                          = 3                                         {product} {ergonomic}
   size_t CompressedClassSpaceSize                 = 528482304                                 {product} {ergonomic}
     uint ConcGCThreads                            = 1                                         {product} {ergonomic}
     uint G1ConcRefinementThreads                  = 4                                         {product} {ergonomic}
   size_t G1HeapRegionSize                         = 1048576                                   {product} {ergonomic}
    uintx GCDrainStackTargetSize                   = 64                                        {product} {ergonomic}
   size_t InitialHeapSize                          = 65011712                                  {product} {ergonomic}
   size_t MarkStackSize                            = 4194304                                   {product} {ergonomic}
   size_t MaxHeapSize                              = 2147483648                                {product} {command line}
   size_t MaxMetaspaceSize                         = 536870912                                 {product} {command line}
   size_t MaxNewSize                               = 1287651328                                {product} {ergonomic}
   size_t MinHeapDeltaBytes                        = 1048576                                   {product} {ergonomic}
    uintx NonNMethodCodeHeapSize                   = 5830732                                {pd product} {ergonomic}
    uintx NonProfiledCodeHeapSize                  = 122913754                              {pd product} {ergonomic}
    uintx ProfiledCodeHeapSize                     = 122913754                              {pd product} {ergonomic}
    uintx ReservedCodeCacheSize                    = 251658240                              {pd product} {ergonomic}
     bool SegmentedCodeCache                       = true                                      {product} {ergonomic}
     bool UseCompressedClassPointers               = true                                 {lp64_product} {ergonomic}
     bool UseCompressedOops                        = true                                 {lp64_product} {ergonomic}
     bool UseG1GC                                  = true                                      {product} {ergonomic}
     bool UseLargePagesIndividualAllocation        = false                                  {pd product} {ergonomic}

Logging:
Log output configuration:
 #0: stdout all=warning uptime,level,tags
 #1: stderr all=off uptime,level,tags

Environment Variables:
JAVA_HOME=C:\Program Files\Microsoft\jdk-11.0.18.10-hotspot\
CLASSPATH=D:\reactntv\Myapp\android\\gradle\wrapper\gradle-wrapper.jar
PATH=D:\reactntv\Myapp\node_modules\.bin;D:\reactntv\node_modules\.bin;D:\node_modules\.bin;C:\Users\IT Foundation\AppData\Roaming\npm\node_modules\npm\node_modules\@npmcli\run-script\lib\node-gyp-bin;C:\Program Files\Microsoft\jdk-11.0.18.10-hotspot\bin;C:\Python310\Scripts\;C:\Python310\;C:\WINDOWS\system32;C:\WINDOWS;C:\WINDOWS\System32\Wbem;C:\WINDOWS\System32\WindowsPowerShell\v1.0\;C:\WINDOWS\System32\OpenSSH\;C:\Program Files\Git\cmd;C:\ProgramData\chocolatey\bin;C:\Program Files\nodejs\;C:\Users\IT Foundation\AppData\Local\Android\Sdk\platform-tools;C:\Users\IT Foundation\AppData\Local\Programs\Microsoft VS Code\bin;C:\Users\IT Foundation\AppData\Local\Microsoft\WindowsApps;C:\Users\IT Foundation\AppData\Local\GitHubDesktop\bin;C:\Users\IT Foundation\AppData\Roaming\npm;C:\Users\IT Foundation\AppData\Local\Android\Sdk\platform-tools;;D:\reactntv\Myapp\node_modules\.bin
USERNAME=IT Foundation
OS=Windows_NT
PROCESSOR_IDENTIFIER=Intel64 Family 6 Model 78 Stepping 3, GenuineIntel
TMP=C:\Users\ITFOUN~1\AppData\Local\Temp
TEMP=C:\Users\ITFOUN~1\AppData\Local\Temp



---------------  S Y S T E M  ---------------

OS: Windows 10 , 64 bit Build 19041 (10.0.19041.3031)
OS uptime: 23 days 12:46 hours

CPU:total 4 (initial active 4) (2 cores per cpu, 2 threads per core) family 6 model 78 stepping 3 microcode 0xcc, cmov, cx8, fxsr, mmx, sse, sse2, sse3, ssse3, sse4.1, sse4.2, popcnt, avx, avx2, aes, clmul, erms, 3dnowpref, lzcnt, ht, tsc, tscinvbit, bmi1, bmi2, adx, fma

Memory: 4k page, system-wide physical 3879M (83M free)
TotalPageFile size 13856M (AvailPageFile size 8M)
current process WorkingSet (physical memory assigned to process): 192M, peak: 482M
current process commit charge ("private bytes"): 623M, peak: 627M

vm_info: OpenJDK 64-Bit Server VM (11.0.18+10-LTS) for windows-amd64 JRE (11.0.18+10-LTS), built on Jan 18 2023 15:56:47 by "MicrosoftCorporation" with MS VC++ 15.9 (VS2017)

END.
