#
# There is insufficient memory for the Java Runtime Environment to continue.
# Native memory allocation (malloc) failed to allocate 32744 bytes for ChunkPool::allocate
# Possible reasons:
#   The system is out of physical RAM or swap space
#   The process is running with CompressedOops enabled, and the Java Heap may be blocking the growth of the native heap
# Possible solutions:
#   Reduce memory load on the system
#   Increase physical memory or swap space
#   Check if swap backing store is full
#   Decrease Java heap size (-Xmx/-Xms)
#   Decrease number of Java threads
#   Decrease Java thread stack sizes (-Xss)
#   Set larger code cache with -XX:ReservedCodeCacheSize=
#   JVM is running with Unscaled Compressed Oops mode in which the Java heap is
#     placed in the first 4GB address space. The Java Heap base address is the
#     maximum limit for the native heap growth. Please use -XX:HeapBaseMinAddress
#     to set the Java Heap base and to place the Java Heap above 4GB virtual address.
# This output file may be truncated or incomplete.
#
#  Out of Memory Error (./src/hotspot/share/memory/arena.cpp:81), pid=9060, tid=16252
#
# JRE version: OpenJDK Runtime Environment Microsoft-7208460 (11.0.18+10) (build 11.0.18+10-LTS)
# Java VM: OpenJDK 64-Bit Server VM Microsoft-7208460 (11.0.18+10-LTS, mixed mode, tiered, compressed oops, g1 gc, windows-amd64)
# No core dump will be written. Minidumps are not enabled by default on client versions of Windows
#

---------------  S U M M A R Y ------------

Command Line: -XX:MaxMetaspaceSize=512m --add-opens=java.base/java.util=ALL-UNNAMED --add-opens=java.base/java.lang=ALL-UNNAMED --add-opens=java.base/java.lang.invoke=ALL-UNNAMED --add-opens=java.prefs/java.util.prefs=ALL-UNNAMED --add-opens=java.base/java.nio.charset=ALL-UNNAMED --add-opens=java.base/java.net=ALL-UNNAMED --add-opens=java.base/java.util.concurrent.atomic=ALL-UNNAMED -Xmx2048m -Dfile.encoding=windows-1252 -Duser.country=US -Duser.language=en -Duser.variant org.gradle.launcher.daemon.bootstrap.GradleDaemon 8.0.1

Host: Intel(R) Core(TM) i3-6006U CPU @ 2.00GHz, 4 cores, 3G,  Windows 10 , 64 bit Build 19041 (10.0.19041.3636)
Time: Mon Jun  3 02:27:41 2024 Pacific Daylight Time elapsed time: 32.145767 seconds (0d 0h 0m 32s)

---------------  T H R E A D  ---------------

Current thread (0x000001f27fa08800):  JavaThread "C1 CompilerThread0" daemon [_thread_in_native, id=16252, stack(0x000000e503100000,0x000000e503200000)]


Current CompileTask:
C1:  32145 3803       3       java.util.Spliterators$ArraySpliterator::estimateSize (11 bytes)

Stack: [0x000000e503100000,0x000000e503200000]
Native frames: (J=compiled Java code, j=interpreted, Vv=VM code, C=native code)
V  [jvm.dll+0x62bf8a]
V  [jvm.dll+0x7b8fb9]
V  [jvm.dll+0x7ba6a8]
V  [jvm.dll+0x7bad83]
V  [jvm.dll+0x250248]
V  [jvm.dll+0xc286b]
V  [jvm.dll+0xc2bcc]
V  [jvm.dll+0x15a243]
V  [jvm.dll+0x15655e]
V  [jvm.dll+0x142a10]
V  [jvm.dll+0x12ae09]
V  [jvm.dll+0x12a70f]
V  [jvm.dll+0x12a93f]
V  [jvm.dll+0x129be4]
V  [jvm.dll+0x12baf7]
V  [jvm.dll+0x217eec]
V  [jvm.dll+0x21612b]
V  [jvm.dll+0x77bac0]
V  [jvm.dll+0x7749f4]
V  [jvm.dll+0x62adf5]
C  [ucrtbase.dll+0x21bb2]
C  [KERNEL32.DLL+0x17344]
C  [ntdll.dll+0x526b1]


---------------  P R O C E S S  ---------------

Threads class SMR info:
_java_thread_list=0x000001f216c8a380, length=35, elements={
0x000001f275985800, 0x000001f27f991800, 0x000001f27f99a800, 0x000001f27f9f3000,
0x000001f27f9f4000, 0x000001f27f9f7000, 0x000001f27f9fa000, 0x000001f27fa08800,
0x000001f27fa12000, 0x000001f27fc74000, 0x000001f216cf3000, 0x000001f215b22000,
0x000001f216a31800, 0x000001f216582800, 0x000001f216586000, 0x000001f215d69800,
0x000001f216724000, 0x000001f21672a000, 0x000001f2153a5800, 0x000001f216715000,
0x000001f215ab5000, 0x000001f215ab4800, 0x000001f215ab2000, 0x000001f215ab8800,
0x000001f215ab7800, 0x000001f215ab3800, 0x000001f215ab3000, 0x000001f215ab6000,
0x000001f215ab7000, 0x000001f215c86800, 0x000001f215c88000, 0x000001f215c83000,
0x000001f215c87000, 0x000001f215c8b000, 0x000001f215c8e800
}

Java Threads: ( => current thread )
  0x000001f275985800 JavaThread "main" [_thread_blocked, id=18820, stack(0x000000e502400000,0x000000e502500000)]
  0x000001f27f991800 JavaThread "Reference Handler" daemon [_thread_blocked, id=23620, stack(0x000000e502b00000,0x000000e502c00000)]
  0x000001f27f99a800 JavaThread "Finalizer" daemon [_thread_blocked, id=18680, stack(0x000000e502c00000,0x000000e502d00000)]
  0x000001f27f9f3000 JavaThread "Signal Dispatcher" daemon [_thread_blocked, id=5552, stack(0x000000e502d00000,0x000000e502e00000)]
  0x000001f27f9f4000 JavaThread "Attach Listener" daemon [_thread_blocked, id=15876, stack(0x000000e502e00000,0x000000e502f00000)]
  0x000001f27f9f7000 JavaThread "Service Thread" daemon [_thread_blocked, id=27404, stack(0x000000e502f00000,0x000000e503000000)]
  0x000001f27f9fa000 JavaThread "C2 CompilerThread0" daemon [_thread_in_native, id=9660, stack(0x000000e503000000,0x000000e503100000)]
=>0x000001f27fa08800 JavaThread "C1 CompilerThread0" daemon [_thread_in_native, id=16252, stack(0x000000e503100000,0x000000e503200000)]
  0x000001f27fa12000 JavaThread "Sweeper thread" daemon [_thread_blocked, id=15216, stack(0x000000e503200000,0x000000e503300000)]
  0x000001f27fc74000 JavaThread "Common-Cleaner" daemon [_thread_blocked, id=24000, stack(0x000000e503300000,0x000000e503400000)]
  0x000001f216cf3000 JavaThread "Daemon health stats" [_thread_blocked, id=464, stack(0x000000e503600000,0x000000e503700000)]
  0x000001f215b22000 JavaThread "Incoming local TCP Connector on port 5822" [_thread_in_native, id=22696, stack(0x000000e503900000,0x000000e503a00000)]
  0x000001f216a31800 JavaThread "Daemon periodic checks" [_thread_blocked, id=18148, stack(0x000000e503a00000,0x000000e503b00000)]
  0x000001f216582800 JavaThread "Daemon" [_thread_blocked, id=6700, stack(0x000000e503b00000,0x000000e503c00000)]
  0x000001f216586000 JavaThread "Handler for socket connection from /127.0.0.1:5822 to /127.0.0.1:5823" [_thread_in_native, id=4492, stack(0x000000e503c00000,0x000000e503d00000)]
  0x000001f215d69800 JavaThread "Cancel handler" [_thread_blocked, id=13120, stack(0x000000e503d00000,0x000000e503e00000)]
  0x000001f216724000 JavaThread "Daemon worker" [_thread_in_vm, id=19116, stack(0x000000e503e00000,0x000000e503f00000)]
  0x000001f21672a000 JavaThread "Asynchronous log dispatcher for DefaultDaemonConnection: socket connection from /127.0.0.1:5822 to /127.0.0.1:5823" [_thread_blocked, id=20408, stack(0x000000e503f00000,0x000000e504000000)]
  0x000001f2153a5800 JavaThread "Stdin handler" [_thread_blocked, id=14536, stack(0x000000e504000000,0x000000e504100000)]
  0x000001f216715000 JavaThread "Daemon client event forwarder" [_thread_blocked, id=5824, stack(0x000000e504100000,0x000000e504200000)]
  0x000001f215ab5000 JavaThread "Cache worker for journal cache (C:\Users\IT Foundation\.gradle\caches\journal-1)" [_thread_blocked, id=23784, stack(0x000000e504200000,0x000000e504300000)]
  0x000001f215ab4800 JavaThread "File lock request listener" [_thread_in_native, id=26148, stack(0x000000e504300000,0x000000e504400000)]
  0x000001f215ab2000 JavaThread "Cache worker for file hash cache (C:\Users\IT Foundation\.gradle\caches\8.0.1\fileHashes)" [_thread_blocked, id=14232, stack(0x000000e504400000,0x000000e504500000)]
  0x000001f215ab8800 JavaThread "File watcher server" daemon [_thread_in_native, id=856, stack(0x000000e504500000,0x000000e504600000)]
  0x000001f215ab7800 JavaThread "File watcher consumer" daemon [_thread_blocked, id=11868, stack(0x000000e504600000,0x000000e504700000)]
  0x000001f215ab3800 JavaThread "Cache worker for checksums cache (D:\reactntv\Myapp\android\.gradle\8.0.1\checksums)" [_thread_blocked, id=25008, stack(0x000000e504700000,0x000000e504800000)]
  0x000001f215ab3000 JavaThread "Cache worker for cache directory md-rule (C:\Users\IT Foundation\.gradle\caches\8.0.1\md-rule)" [_thread_blocked, id=13148, stack(0x000000e504800000,0x000000e504900000)]
  0x000001f215ab6000 JavaThread "Cache worker for file content cache (C:\Users\IT Foundation\.gradle\caches\8.0.1\fileContent)" [_thread_blocked, id=13172, stack(0x000000e504900000,0x000000e504a00000)]
  0x000001f215ab7000 JavaThread "Cache worker for file hash cache (D:\reactntv\Myapp\android\.gradle\8.0.1\fileHashes)" [_thread_blocked, id=14560, stack(0x000000e504a00000,0x000000e504b00000)]
  0x000001f215c86800 JavaThread "Cache worker for cache directory md-supplier (C:\Users\IT Foundation\.gradle\caches\8.0.1\md-supplier)" [_thread_blocked, id=25424, stack(0x000000e504b00000,0x000000e504c00000)]
  0x000001f215c88000 JavaThread "Cache worker for execution history cache (C:\Users\IT Foundation\.gradle\caches\8.0.1\executionHistory)" [_thread_blocked, id=9496, stack(0x000000e504c00000,0x000000e504d00000)]
  0x000001f215c83000 JavaThread "jar transforms" [_thread_blocked, id=26428, stack(0x000000e504d00000,0x000000e504e00000)]
  0x000001f215c87000 JavaThread "jar transforms Thread 2" [_thread_blocked, id=12276, stack(0x000000e504e00000,0x000000e504f00000)]
  0x000001f215c8b000 JavaThread "jar transforms Thread 3" [_thread_blocked, id=13628, stack(0x000000e504f00000,0x000000e505000000)]
  0x000001f215c8e800 JavaThread "jar transforms Thread 4" [_thread_blocked, id=24900, stack(0x000000e505000000,0x000000e505100000)]

Other Threads:
  0x000001f27f98f800 VMThread "VM Thread" [stack: 0x000000e502a00000,0x000000e502b00000] [id=9956]
  0x000001f27fca1000 WatcherThread [stack: 0x000000e503400000,0x000000e503500000] [id=23260]
  0x000001f27599f000 GCTaskThread "GC Thread#0" [stack: 0x000000e502500000,0x000000e502600000] [id=25004]
  0x000001f2153dd800 GCTaskThread "GC Thread#1" [stack: 0x000000e503500000,0x000000e503600000] [id=17796]
  0x000001f216b11800 GCTaskThread "GC Thread#2" [stack: 0x000000e503700000,0x000000e503800000] [id=14480]
  0x000001f2166fb800 GCTaskThread "GC Thread#3" [stack: 0x000000e503800000,0x000000e503900000] [id=5936]
  0x000001f2759d1000 ConcurrentGCThread "G1 Main Marker" [stack: 0x000000e502600000,0x000000e502700000] [id=11796]
  0x000001f2759d2800 ConcurrentGCThread "G1 Conc#0" [stack: 0x000000e502700000,0x000000e502800000] [id=25524]
  0x000001f275a2d000 ConcurrentGCThread "G1 Refine#0" [stack: 0x000000e502800000,0x000000e502900000] [id=7716]
  0x000001f275a2f000 ConcurrentGCThread "G1 Young RemSet Sampling" [stack: 0x000000e502900000,0x000000e502a00000] [id=5764]

Threads with active compile tasks:
C2 CompilerThread0    32218 3800       4       org.codehaus.groovy.util.LazyReference::get (44 bytes)
C1 CompilerThread0    32218 3803       3       java.util.Spliterators$ArraySpliterator::estimateSize (11 bytes)

VM state:not at safepoint (normal execution)

VM Mutex/Monitor currently owned by a thread:  ([mutex/lock_event])
[0x000001f275981af0] MetaspaceExpand_lock - owner thread: 0x0000000000000000

Heap address: 0x0000000080000000, size: 2048 MB, Compressed Oops mode: 32-bit
Narrow klass base: 0x0000000000000000, Narrow klass shift: 3
Compressed class space size: 528482304 Address: 0x0000000100000000

Heap:
 garbage-first heap   total 63488K, used 33479K [0x0000000080000000, 0x0000000100000000)
  region size 1024K, 6 young (6144K), 2 survivors (2048K)
 Metaspace       used 41491K, capacity 42645K, committed 42908K, reserved 555008K
  class space    used 5218K, capacity 5636K, committed 5708K, reserved 516096K
Heap Regions: E=young(eden), S=young(survivor), O=old, HS=humongous(starts), HC=humongous(continues), CS=collection set, F=free, A=archive, TAMS=top-at-mark-start (previous, next)
|   0|0x0000000080000000, 0x0000000080100000, 0x0000000080100000|100%| O|  |TAMS 0x0000000080100000, 0x0000000080000000| Untracked 
|   1|0x0000000080100000, 0x0000000080200000, 0x0000000080200000|100%| O|  |TAMS 0x0000000080200000, 0x0000000080100000| Untracked 
|   2|0x0000000080200000, 0x0000000080300000, 0x0000000080300000|100%|HS|  |TAMS 0x0000000080300000, 0x0000000080200000| Complete 
|   3|0x0000000080300000, 0x0000000080400000, 0x0000000080400000|100%|HC|  |TAMS 0x0000000080400000, 0x0000000080300000| Complete 
|   4|0x0000000080400000, 0x0000000080500000, 0x0000000080500000|100%|HC|  |TAMS 0x0000000080500000, 0x0000000080400000| Complete 
|   5|0x0000000080500000, 0x0000000080600000, 0x0000000080600000|100%|HC|  |TAMS 0x0000000080600000, 0x0000000080500000| Complete 
|   6|0x0000000080600000, 0x0000000080700000, 0x0000000080700000|100%| O|  |TAMS 0x0000000080700000, 0x0000000080600000| Untracked 
|   7|0x0000000080700000, 0x0000000080800000, 0x0000000080800000|100%| O|  |TAMS 0x0000000080800000, 0x0000000080700000| Untracked 
|   8|0x0000000080800000, 0x0000000080900000, 0x0000000080900000|100%| O|  |TAMS 0x0000000080900000, 0x0000000080800000| Untracked 
|   9|0x0000000080900000, 0x0000000080a00000, 0x0000000080a00000|100%| O|  |TAMS 0x0000000080a00000, 0x0000000080900000| Untracked 
|  10|0x0000000080a00000, 0x0000000080b00000, 0x0000000080b00000|100%| O|  |TAMS 0x0000000080b00000, 0x0000000080a00000| Untracked 
|  11|0x0000000080b00000, 0x0000000080c00000, 0x0000000080c00000|100%| O|  |TAMS 0x0000000080c00000, 0x0000000080b00000| Untracked 
|  12|0x0000000080c00000, 0x0000000080d00000, 0x0000000080d00000|100%| O|  |TAMS 0x0000000080d00000, 0x0000000080c00000| Untracked 
|  13|0x0000000080d00000, 0x0000000080e00000, 0x0000000080e00000|100%| O|  |TAMS 0x0000000080e00000, 0x0000000080d00000| Untracked 
|  14|0x0000000080e00000, 0x0000000080f00000, 0x0000000080f00000|100%| O|  |TAMS 0x0000000080f00000, 0x0000000080e00000| Untracked 
|  15|0x0000000080f00000, 0x0000000081000000, 0x0000000081000000|100%| O|  |TAMS 0x0000000081000000, 0x0000000080f00000| Untracked 
|  16|0x0000000081000000, 0x0000000081100000, 0x0000000081100000|100%| O|  |TAMS 0x0000000081100000, 0x0000000081000000| Untracked 
|  17|0x0000000081100000, 0x0000000081200000, 0x0000000081200000|100%| O|  |TAMS 0x0000000081200000, 0x0000000081100000| Untracked 
|  18|0x0000000081200000, 0x0000000081300000, 0x0000000081300000|100%| O|  |TAMS 0x0000000081300000, 0x0000000081200000| Untracked 
|  19|0x0000000081300000, 0x0000000081400000, 0x0000000081400000|100%| O|  |TAMS 0x0000000081400000, 0x0000000081300000| Untracked 
|  20|0x0000000081400000, 0x0000000081500000, 0x0000000081500000|100%| O|  |TAMS 0x0000000081500000, 0x0000000081400000| Untracked 
|  21|0x0000000081500000, 0x0000000081600000, 0x0000000081600000|100%| O|  |TAMS 0x0000000081600000, 0x0000000081500000| Untracked 
|  22|0x0000000081600000, 0x0000000081700000, 0x0000000081700000|100%| O|  |TAMS 0x0000000081676000, 0x0000000081600000| Untracked 
|  23|0x0000000081700000, 0x0000000081800000, 0x0000000081800000|100%| O|  |TAMS 0x0000000081700000, 0x0000000081700000| Untracked 
|  24|0x0000000081800000, 0x00000000818b9e00, 0x0000000081900000| 72%| O|  |TAMS 0x0000000081800000, 0x0000000081800000| Untracked 
|  25|0x0000000081900000, 0x0000000081900000, 0x0000000081a00000|  0%| F|  |TAMS 0x0000000081900000, 0x0000000081900000| Untracked 
|  26|0x0000000081a00000, 0x0000000081b00000, 0x0000000081b00000|100%| O|  |TAMS 0x0000000081a00000, 0x0000000081a00000| Untracked 
|  27|0x0000000081b00000, 0x0000000081c00000, 0x0000000081c00000|100%| O|  |TAMS 0x0000000081b00000, 0x0000000081b00000| Untracked 
|  28|0x0000000081c00000, 0x0000000081d00000, 0x0000000081d00000|100%| O|  |TAMS 0x0000000081c00000, 0x0000000081c00000| Untracked 
|  29|0x0000000081d00000, 0x0000000081d00000, 0x0000000081e00000|  0%| F|  |TAMS 0x0000000081d00000, 0x0000000081d00000| Untracked 
|  30|0x0000000081e00000, 0x0000000081e00000, 0x0000000081f00000|  0%| F|  |TAMS 0x0000000081e00000, 0x0000000081e00000| Untracked 
|  31|0x0000000081f00000, 0x0000000081f00000, 0x0000000082000000|  0%| F|  |TAMS 0x0000000081f00000, 0x0000000081f00000| Untracked 
|  32|0x0000000082000000, 0x0000000082000000, 0x0000000082100000|  0%| F|  |TAMS 0x0000000082000000, 0x0000000082000000| Untracked 
|  33|0x0000000082100000, 0x0000000082100000, 0x0000000082200000|  0%| F|  |TAMS 0x0000000082100000, 0x0000000082100000| Untracked 
|  34|0x0000000082200000, 0x0000000082200000, 0x0000000082300000|  0%| F|  |TAMS 0x0000000082200000, 0x0000000082200000| Untracked 
|  35|0x0000000082300000, 0x0000000082300000, 0x0000000082400000|  0%| F|  |TAMS 0x0000000082300000, 0x0000000082300000| Untracked 
|  36|0x0000000082400000, 0x0000000082400000, 0x0000000082500000|  0%| F|  |TAMS 0x0000000082400000, 0x0000000082400000| Untracked 
|  37|0x0000000082500000, 0x00000000825f8028, 0x0000000082600000| 96%| S|CS|TAMS 0x0000000082500000, 0x0000000082500000| Complete 
|  38|0x0000000082600000, 0x0000000082600000, 0x0000000082700000|  0%| F|  |TAMS 0x0000000082600000, 0x0000000082600000| Untracked 
|  39|0x0000000082700000, 0x0000000082700000, 0x0000000082800000|  0%| F|  |TAMS 0x0000000082700000, 0x0000000082700000| Untracked 
|  40|0x0000000082800000, 0x0000000082900000, 0x0000000082900000|100%| S|CS|TAMS 0x0000000082800000, 0x0000000082800000| Complete 
|  41|0x0000000082900000, 0x0000000082900000, 0x0000000082a00000|  0%| F|  |TAMS 0x0000000082900000, 0x0000000082900000| Untracked 
|  42|0x0000000082a00000, 0x0000000082a00000, 0x0000000082b00000|  0%| F|  |TAMS 0x0000000082a00000, 0x0000000082a00000| Untracked 
|  43|0x0000000082b00000, 0x0000000082b00000, 0x0000000082c00000|  0%| F|  |TAMS 0x0000000082b00000, 0x0000000082b00000| Untracked 
|  44|0x0000000082c00000, 0x0000000082c00000, 0x0000000082d00000|  0%| F|  |TAMS 0x0000000082c00000, 0x0000000082c00000| Untracked 
|  45|0x0000000082d00000, 0x0000000082d00000, 0x0000000082e00000|  0%| F|  |TAMS 0x0000000082d00000, 0x0000000082d00000| Untracked 
|  46|0x0000000082e00000, 0x0000000082e00000, 0x0000000082f00000|  0%| F|  |TAMS 0x0000000082e00000, 0x0000000082e00000| Untracked 
|  47|0x0000000082f00000, 0x0000000082f00000, 0x0000000083000000|  0%| F|  |TAMS 0x0000000082f00000, 0x0000000082f00000| Untracked 
|  48|0x0000000083000000, 0x0000000083000000, 0x0000000083100000|  0%| F|  |TAMS 0x0000000083000000, 0x0000000083000000| Untracked 
|  49|0x0000000083100000, 0x0000000083100000, 0x0000000083200000|  0%| F|  |TAMS 0x0000000083100000, 0x0000000083100000| Untracked 
|  50|0x0000000083200000, 0x0000000083200000, 0x0000000083300000|  0%| F|  |TAMS 0x0000000083200000, 0x0000000083200000| Untracked 
|  51|0x0000000083300000, 0x0000000083300000, 0x0000000083400000|  0%| F|  |TAMS 0x0000000083300000, 0x0000000083300000| Untracked 
|  52|0x0000000083400000, 0x0000000083400000, 0x0000000083500000|  0%| F|  |TAMS 0x0000000083400000, 0x0000000083400000| Untracked 
|  53|0x0000000083500000, 0x0000000083500000, 0x0000000083600000|  0%| F|  |TAMS 0x0000000083500000, 0x0000000083500000| Untracked 
|  54|0x0000000083600000, 0x0000000083600000, 0x0000000083700000|  0%| F|  |TAMS 0x0000000083600000, 0x0000000083600000| Untracked 
|  55|0x0000000083700000, 0x0000000083700000, 0x0000000083800000|  0%| F|  |TAMS 0x0000000083700000, 0x0000000083700000| Untracked 
|  56|0x0000000083800000, 0x0000000083800000, 0x0000000083900000|  0%| F|  |TAMS 0x0000000083800000, 0x0000000083800000| Untracked 
|  57|0x0000000083900000, 0x0000000083900000, 0x0000000083a00000|  0%| F|  |TAMS 0x0000000083900000, 0x0000000083900000| Untracked 
|  58|0x0000000083a00000, 0x0000000083ac5400, 0x0000000083b00000| 77%| E|  |TAMS 0x0000000083a00000, 0x0000000083a00000| Complete 
|  59|0x0000000083b00000, 0x0000000083c00000, 0x0000000083c00000|100%| E|CS|TAMS 0x0000000083b00000, 0x0000000083b00000| Complete 
|  60|0x0000000083c00000, 0x0000000083d00000, 0x0000000083d00000|100%| E|CS|TAMS 0x0000000083c00000, 0x0000000083c00000| Complete 
|  61|0x0000000083d00000, 0x0000000083e00000, 0x0000000083e00000|100%| E|CS|TAMS 0x0000000083d00000, 0x0000000083d00000| Complete 

Card table byte_map: [0x000001f27e500000,0x000001f27e900000] _byte_map_base: 0x000001f27e100000

Marking Bits (Prev, Next): (CMBitMap*) 0x000001f2759c8370, (CMBitMap*) 0x000001f2759c8338
 Prev Bits: [0x000001f211000000, 0x000001f213000000)
 Next Bits: [0x000001f20f000000, 0x000001f211000000)

Polling page: 0x000001f2737e0000

Metaspace:

Usage:
  Non-class:     36.15 MB capacity,    35.43 MB ( 98%) used,   621.99 KB (  2%) free+waste,   109.06 KB ( <1%) overhead. 
      Class:      5.51 MB capacity,     5.10 MB ( 93%) used,   363.87 KB (  6%) free+waste,    53.06 KB ( <1%) overhead. 
       Both:     41.65 MB capacity,    40.53 MB ( 97%) used,   985.86 KB (  2%) free+waste,   162.13 KB ( <1%) overhead. 

Virtual space:
  Non-class space:       38.00 MB reserved,      36.33 MB ( 96%) committed 
      Class space:      504.00 MB reserved,       5.57 MB (  1%) committed 
             Both:      542.00 MB reserved,      41.90 MB (  8%) committed 

Chunk freelists:
   Non-Class:  57.00 KB
       Class:  0 bytes
        Both:  57.00 KB

MaxMetaspaceSize: 512.00 MB
CompressedClassSpaceSize: 504.00 MB
Initial GC threshold: 20.80 MB
Current GC threshold: 63.59 MB
CDS: off

CodeHeap 'non-profiled nmethods': size=120064Kb used=1917Kb max_used=1917Kb free=118146Kb
 bounds [0x000001f207ac0000, 0x000001f207d30000, 0x000001f20f000000]
CodeHeap 'profiled nmethods': size=120000Kb used=8158Kb max_used=8158Kb free=111842Kb
 bounds [0x000001f200590000, 0x000001f200d90000, 0x000001f207ac0000]
CodeHeap 'non-nmethods': size=5696Kb used=2291Kb max_used=2318Kb free=3404Kb
 bounds [0x000001f200000000, 0x000001f200270000, 0x000001f200590000]
 total_blobs=4532 nmethods=3759 adapters=683
 compilation: enabled
              stopped_count=0, restarted_count=0
 full_count=0

Compilation events (20 events):
Event: 28.061 Thread 0x000001f27fa08800 nmethod 3795 0x000001f200d81c10 code [0x000001f200d81e40, 0x000001f200d828f8]
Event: 28.062 Thread 0x000001f27fa08800 3796       3       java.util.Spliterators$ArraySpliterator::<init> (33 bytes)
Event: 28.063 Thread 0x000001f27fa08800 nmethod 3796 0x000001f200d82c10 code [0x000001f200d82dc0, 0x000001f200d82f98]
Event: 28.069 Thread 0x000001f27f9fa000 nmethod 3790 0x000001f207c9ca90 code [0x000001f207c9cc60, 0x000001f207c9d158]
Event: 28.070 Thread 0x000001f27f9fa000 3792       4       org.codehaus.groovy.reflection.CachedMethod::compareTo (25 bytes)
Event: 28.115 Thread 0x000001f27f9fa000 nmethod 3792 0x000001f207c9d590 code [0x000001f207c9d820, 0x000001f207c9e648]
Event: 28.115 Thread 0x000001f27f9fa000 3791       4       java.util.stream.ReferencePipeline$3$1::accept (23 bytes)
Event: 28.117 Thread 0x000001f27f9fa000 nmethod 3791 0x000001f207c9f190 code [0x000001f207c9f320, 0x000001f207c9f3d8]
Event: 28.650 Thread 0x000001f27fa08800 3797  s    3       java.io.BufferedInputStream::read (113 bytes)
Event: 28.651 Thread 0x000001f27fa08800 nmethod 3797 0x000001f200d83090 code [0x000001f200d832c0, 0x000001f200d83c18]
Event: 30.244 Thread 0x000001f27fa08800 3798       3       org.gradle.internal.time.TimeSource$1::nanoTime (4 bytes)
Event: 30.244 Thread 0x000001f27fa08800 nmethod 3798 0x000001f200d83e90 code [0x000001f200d84040, 0x000001f200d84158]
Event: 31.248 Thread 0x000001f27fa08800 3799       3       sun.management.spi.PlatformMBeanProvider$PlatformComponent::getMBeans (87 bytes)
Event: 31.252 Thread 0x000001f27fa08800 nmethod 3799 0x000001f200d84210 code [0x000001f200d84600, 0x000001f200d86218]
Event: 32.135 Thread 0x000001f27f9fa000 3800       4       org.codehaus.groovy.util.LazyReference::get (44 bytes)
Event: 32.138 Thread 0x000001f27fa08800 3801       3       org.codehaus.groovy.reflection.CachedClass$3$$Lambda$340/0x000000010047f840::test (8 bytes)
Event: 32.138 Thread 0x000001f27fa08800 nmethod 3801 0x000001f200d86a90 code [0x000001f200d86c80, 0x000001f200d87108]
Event: 32.139 Thread 0x000001f27fa08800 3802       3       org.codehaus.groovy.reflection.CachedClass::getMethods (11 bytes)
Event: 32.140 Thread 0x000001f27fa08800 nmethod 3802 0x000001f200d87290 code [0x000001f200d87460, 0x000001f200d87708]
Event: 32.140 Thread 0x000001f27fa08800 3803       3       java.util.Spliterators$ArraySpliterator::estimateSize (11 bytes)

GC Heap History (20 events):
Event: 10.923 GC heap before
{Heap before GC invocations=3 (full 0):
 garbage-first heap   total 63488K, used 43941K [0x0000000080000000, 0x0000000100000000)
  region size 1024K, 32 young (32768K), 5 survivors (5120K)
 Metaspace       used 20079K, capacity 20551K, committed 20736K, reserved 534528K
  class space    used 2376K, capacity 2543K, committed 2560K, reserved 516096K
}
Event: 10.933 GC heap after
{Heap after GC invocations=4 (full 0):
 garbage-first heap   total 63488K, used 18333K [0x0000000080000000, 0x0000000100000000)
  region size 1024K, 2 young (2048K), 2 survivors (2048K)
 Metaspace       used 20079K, capacity 20551K, committed 20736K, reserved 534528K
  class space    used 2376K, capacity 2543K, committed 2560K, reserved 516096K
}
Event: 11.329 GC heap before
{Heap before GC invocations=4 (full 0):
 garbage-first heap   total 63488K, used 26525K [0x0000000080000000, 0x0000000100000000)
  region size 1024K, 11 young (11264K), 2 survivors (2048K)
 Metaspace       used 20793K, capacity 21192K, committed 21296K, reserved 536576K
  class space    used 2489K, capacity 2652K, committed 2688K, reserved 516096K
}
Event: 11.335 GC heap after
{Heap after GC invocations=5 (full 0):
 garbage-first heap   total 63488K, used 18625K [0x0000000080000000, 0x0000000100000000)
  region size 1024K, 2 young (2048K), 2 survivors (2048K)
 Metaspace       used 20793K, capacity 21192K, committed 21296K, reserved 536576K
  class space    used 2489K, capacity 2652K, committed 2688K, reserved 516096K
}
Event: 13.324 GC heap before
{Heap before GC invocations=6 (full 0):
 garbage-first heap   total 63488K, used 43201K [0x0000000080000000, 0x0000000100000000)
  region size 1024K, 26 young (26624K), 2 survivors (2048K)
 Metaspace       used 23464K, capacity 24016K, committed 24368K, reserved 538624K
  class space    used 2910K, capacity 3106K, committed 3200K, reserved 516096K
}
Event: 13.330 GC heap after
{Heap after GC invocations=7 (full 0):
 garbage-first heap   total 63488K, used 19336K [0x0000000080000000, 0x0000000100000000)
  region size 1024K, 3 young (3072K), 3 survivors (3072K)
 Metaspace       used 23464K, capacity 24016K, committed 24368K, reserved 538624K
  class space    used 2910K, capacity 3106K, committed 3200K, reserved 516096K
}
Event: 14.647 GC heap before
{Heap before GC invocations=7 (full 0):
 garbage-first heap   total 63488K, used 43912K [0x0000000080000000, 0x0000000100000000)
  region size 1024K, 27 young (27648K), 3 survivors (3072K)
 Metaspace       used 25256K, capacity 25910K, committed 26160K, reserved 540672K
  class space    used 3202K, capacity 3418K, committed 3456K, reserved 516096K
}
Event: 14.659 GC heap after
{Heap after GC invocations=8 (full 0):
 garbage-first heap   total 63488K, used 20258K [0x0000000080000000, 0x0000000100000000)
  region size 1024K, 3 young (3072K), 3 survivors (3072K)
 Metaspace       used 25256K, capacity 25910K, committed 26160K, reserved 540672K
  class space    used 3202K, capacity 3418K, committed 3456K, reserved 516096K
}
Event: 16.397 GC heap before
{Heap before GC invocations=8 (full 0):
 garbage-first heap   total 63488K, used 44834K [0x0000000080000000, 0x0000000100000000)
  region size 1024K, 28 young (28672K), 3 survivors (3072K)
 Metaspace       used 27857K, capacity 28546K, committed 28720K, reserved 542720K
  class space    used 3601K, capacity 3876K, committed 3968K, reserved 516096K
}
Event: 16.405 GC heap after
{Heap after GC invocations=9 (full 0):
 garbage-first heap   total 63488K, used 21055K [0x0000000080000000, 0x0000000100000000)
  region size 1024K, 3 young (3072K), 3 survivors (3072K)
 Metaspace       used 27857K, capacity 28546K, committed 28720K, reserved 542720K
  class space    used 3601K, capacity 3876K, committed 3968K, reserved 516096K
}
Event: 18.213 GC heap before
{Heap before GC invocations=9 (full 0):
 garbage-first heap   total 63488K, used 46655K [0x0000000080000000, 0x0000000100000000)
  region size 1024K, 28 young (28672K), 3 survivors (3072K)
 Metaspace       used 30155K, capacity 30966K, committed 31152K, reserved 544768K
  class space    used 3957K, capacity 4279K, committed 4352K, reserved 516096K
}
Event: 18.220 GC heap after
{Heap after GC invocations=10 (full 0):
 garbage-first heap   total 63488K, used 21928K [0x0000000080000000, 0x0000000100000000)
  region size 1024K, 3 young (3072K), 3 survivors (3072K)
 Metaspace       used 30155K, capacity 30966K, committed 31152K, reserved 544768K
  class space    used 3957K, capacity 4279K, committed 4352K, reserved 516096K
}
Event: 20.333 GC heap before
{Heap before GC invocations=10 (full 0):
 garbage-first heap   total 63488K, used 45480K [0x0000000080000000, 0x0000000100000000)
  region size 1024K, 28 young (28672K), 3 survivors (3072K)
 Metaspace       used 35017K, capacity 35823K, committed 35920K, reserved 548864K
  class space    used 4474K, capacity 4814K, committed 4864K, reserved 516096K
}
Event: 20.351 GC heap after
{Heap after GC invocations=11 (full 0):
 garbage-first heap   total 63488K, used 24027K [0x0000000080000000, 0x0000000100000000)
  region size 1024K, 4 young (4096K), 4 survivors (4096K)
 Metaspace       used 35017K, capacity 35823K, committed 35920K, reserved 548864K
  class space    used 4474K, capacity 4814K, committed 4864K, reserved 516096K
}
Event: 21.902 GC heap before
{Heap before GC invocations=12 (full 0):
 garbage-first heap   total 63488K, used 47579K [0x0000000080000000, 0x0000000100000000)
  region size 1024K, 28 young (28672K), 4 survivors (4096K)
 Metaspace       used 37942K, capacity 38835K, committed 39068K, reserved 550912K
  class space    used 4808K, capacity 5156K, committed 5196K, reserved 516096K
}
Event: 21.930 GC heap after
{Heap after GC invocations=13 (full 0):
 garbage-first heap   total 63488K, used 27096K [0x0000000080000000, 0x0000000100000000)
  region size 1024K, 4 young (4096K), 4 survivors (4096K)
 Metaspace       used 37942K, capacity 38835K, committed 39068K, reserved 550912K
  class space    used 4808K, capacity 5156K, committed 5196K, reserved 516096K
}
Event: 23.365 GC heap before
{Heap before GC invocations=14 (full 0):
 garbage-first heap   total 63488K, used 51672K [0x0000000080000000, 0x0000000100000000)
  region size 1024K, 26 young (26624K), 4 survivors (4096K)
 Metaspace       used 40554K, capacity 41500K, committed 41756K, reserved 552960K
  class space    used 5076K, capacity 5466K, committed 5580K, reserved 516096K
}
Event: 23.377 GC heap after
{Heap after GC invocations=15 (full 0):
 garbage-first heap   total 63488K, used 28521K [0x0000000080000000, 0x0000000100000000)
  region size 1024K, 2 young (2048K), 2 survivors (2048K)
 Metaspace       used 40554K, capacity 41500K, committed 41756K, reserved 552960K
  class space    used 5076K, capacity 5466K, committed 5580K, reserved 516096K
}
Event: 28.049 GC heap before
{Heap before GC invocations=15 (full 0):
 garbage-first heap   total 63488K, used 50025K [0x0000000080000000, 0x0000000100000000)
  region size 1024K, 23 young (23552K), 2 survivors (2048K)
 Metaspace       used 41357K, capacity 42557K, committed 42652K, reserved 555008K
  class space    used 5200K, capacity 5628K, committed 5708K, reserved 516096K
}
Event: 28.057 GC heap after
{Heap after GC invocations=16 (full 0):
 garbage-first heap   total 63488K, used 30407K [0x0000000080000000, 0x0000000100000000)
  region size 1024K, 2 young (2048K), 2 survivors (2048K)
 Metaspace       used 41357K, capacity 42557K, committed 42652K, reserved 555008K
  class space    used 5200K, capacity 5628K, committed 5708K, reserved 516096K
}

Deoptimization events (20 events):
Event: 24.058 Thread 0x000001f216724000 Uncommon trap: trap_request=0xffffff4d fr.pc=0x000001f207c73620 relative=0x00000000000009c0
Event: 24.058 Thread 0x000001f216724000 Uncommon trap: reason=unstable_if action=reinterpret pc=0x000001f207c73620 method=java.util.WeakHashMap.eq(Ljava/lang/Object;Ljava/lang/Object;)Z @ 2 c2
Event: 24.058 Thread 0x000001f216724000 DEOPT PACKING pc=0x000001f207c73620 sp=0x000000e503ef5f10
Event: 24.058 Thread 0x000001f216724000 DEOPT UNPACKING pc=0x000001f20004a1af sp=0x000000e503ef5e80 mode 2
Event: 24.110 Thread 0x000001f216724000 Uncommon trap: trap_request=0xffffff4d fr.pc=0x000001f207b6c41c relative=0x00000000000013dc
Event: 24.110 Thread 0x000001f216724000 Uncommon trap: reason=unstable_if action=reinterpret pc=0x000001f207b6c41c method=java.util.concurrent.ConcurrentHashMap.putVal(Ljava/lang/Object;Ljava/lang/Object;Z)Ljava/lang/Object; @ 231 c2
Event: 24.110 Thread 0x000001f216724000 DEOPT PACKING pc=0x000001f207b6c41c sp=0x000000e503ef6ec0
Event: 24.110 Thread 0x000001f216724000 DEOPT UNPACKING pc=0x000001f20004a1af sp=0x000000e503ef6e40 mode 2
Event: 28.039 Thread 0x000001f216724000 Uncommon trap: trap_request=0xffffff4d fr.pc=0x000001f207c7b020 relative=0x0000000000000920
Event: 28.041 Thread 0x000001f216724000 Uncommon trap: reason=unstable_if action=reinterpret pc=0x000001f207c7b020 method=java.io.BufferedInputStream.read([BII)I @ 56 c2
Event: 28.042 Thread 0x000001f216724000 DEOPT PACKING pc=0x000001f207c7b020 sp=0x000000e503ef7fb0
Event: 28.042 Thread 0x000001f216724000 DEOPT UNPACKING pc=0x000001f20004a1af sp=0x000000e503ef7f88 mode 2
Event: 28.061 Thread 0x000001f216724000 Uncommon trap: trap_request=0xffffffde fr.pc=0x000001f207c52ab8 relative=0x0000000000000398
Event: 28.061 Thread 0x000001f216724000 Uncommon trap: reason=class_check action=maybe_recompile pc=0x000001f207c52ab8 method=java.util.regex.Pattern$Start.match(Ljava/util/regex/Matcher;ILjava/lang/CharSequence;)Z @ 44 c2
Event: 28.061 Thread 0x000001f216724000 DEOPT PACKING pc=0x000001f207c52ab8 sp=0x000000e503ef5ef0
Event: 28.061 Thread 0x000001f216724000 DEOPT UNPACKING pc=0x000001f20004a1af sp=0x000000e503ef5db8 mode 2
Event: 28.061 Thread 0x000001f216724000 Uncommon trap: trap_request=0xffffffde fr.pc=0x000001f207c49224 relative=0x0000000000000424
Event: 28.061 Thread 0x000001f216724000 Uncommon trap: reason=class_check action=maybe_recompile pc=0x000001f207c49224 method=java.util.regex.Pattern$Start.match(Ljava/util/regex/Matcher;ILjava/lang/CharSequence;)Z @ 44 c2
Event: 28.061 Thread 0x000001f216724000 DEOPT PACKING pc=0x000001f207c49224 sp=0x000000e503ef5e80
Event: 28.061 Thread 0x000001f216724000 DEOPT UNPACKING pc=0x000001f20004a1af sp=0x000000e503ef5dc0 mode 2

Classes redefined (0 events):
No events

Internal exceptions (20 events):
Event: 24.167 Thread 0x000001f216724000 Exception <a 'java/lang/NoSuchMethodError'{0x0000000082d9bb40}: 'java.lang.Object java.lang.invoke.DirectMethodHandle$Holder.invokeStatic(java.lang.Object, long)'> (0x0000000082d9bb40) thrown at [./src/hotspot/share/interpreter/linkResolver.cpp, line 773]
Event: 24.168 Thread 0x000001f216724000 Exception <a 'java/lang/NoSuchMethodError'{0x0000000082d9fe58}: 'java.lang.Object java.lang.invoke.DirectMethodHandle$Holder.invokeSpecial(java.lang.Object, java.lang.Object, long)'> (0x0000000082d9fe58) thrown at [./src/hotspot/share/interpreter/linkResolver.cpp, line 773]
Event: 24.171 Thread 0x000001f216724000 Exception <a 'java/lang/NoSuchMethodError'{0x0000000082da8980}: 'java.lang.Object java.lang.invoke.DirectMethodHandle$Holder.invokeStatic(java.lang.Object, java.lang.Object, long, java.lang.Object)'> (0x0000000082da8980) thrown at [./src/hotspot/share/interpreter/linkResolver.cpp, line 773]
Event: 24.173 Thread 0x000001f216724000 Exception <a 'java/lang/NoSuchMethodError'{0x0000000082daca58}: 'java.lang.Object java.lang.invoke.DirectMethodHandle$Holder.invokeStaticInit(java.lang.Object, java.lang.Object, long, java.lang.Object)'> (0x0000000082daca58) thrown at [./src/hotspot/share/interpreter/linkResolver.cpp, line 773]
Event: 24.182 Thread 0x000001f216724000 Exception <a 'java/lang/ClassNotFoundException'{0x0000000082dd22d0}: java/lang/ProcessImplBeanInfo> (0x0000000082dd22d0) thrown at [./src/hotspot/share/classfile/systemDictionary.cpp, line 230]
Event: 24.182 Thread 0x000001f216724000 Exception <a 'java/lang/ClassNotFoundException'{0x0000000082dd7cc0}: java/lang/ProcessBeanInfo> (0x0000000082dd7cc0) thrown at [./src/hotspot/share/classfile/systemDictionary.cpp, line 230]
Event: 24.183 Thread 0x000001f216724000 Exception <a 'java/lang/ClassNotFoundException'{0x0000000082ddd678}: java/lang/ProcessCustomizer> (0x0000000082ddd678) thrown at [./src/hotspot/share/classfile/systemDictionary.cpp, line 230]
Event: 24.184 Thread 0x000001f216724000 Exception <a 'java/lang/ClassNotFoundException'{0x0000000082dedce8}: java/lang/ProcessImplCustomizer> (0x0000000082dedce8) thrown at [./src/hotspot/share/classfile/systemDictionary.cpp, line 230]
Event: 24.203 Thread 0x000001f216724000 Exception <a 'java/lang/ClassNotFoundException'{0x0000000082c41370}: java/io/InputStreamReaderBeanInfo> (0x0000000082c41370) thrown at [./src/hotspot/share/classfile/systemDictionary.cpp, line 230]
Event: 24.203 Thread 0x000001f216724000 Exception <a 'java/lang/ClassNotFoundException'{0x0000000082c46cd8}: java/io/ReaderBeanInfo> (0x0000000082c46cd8) thrown at [./src/hotspot/share/classfile/systemDictionary.cpp, line 230]
Event: 24.204 Thread 0x000001f216724000 Exception <a 'java/lang/ClassNotFoundException'{0x0000000082c4c658}: java/io/ReaderCustomizer> (0x0000000082c4c658) thrown at [./src/hotspot/share/classfile/systemDictionary.cpp, line 230]
Event: 24.205 Thread 0x000001f216724000 Exception <a 'java/lang/ClassNotFoundException'{0x0000000082c57410}: java/io/InputStreamReaderCustomizer> (0x0000000082c57410) thrown at [./src/hotspot/share/classfile/systemDictionary.cpp, line 230]
Event: 24.209 Thread 0x000001f216724000 Exception <a 'java/lang/ClassNotFoundException'{0x0000000082c7b6d8}: java/io/BufferedReaderBeanInfo> (0x0000000082c7b6d8) thrown at [./src/hotspot/share/classfile/systemDictionary.cpp, line 230]
Event: 24.219 Thread 0x000001f216724000 Exception <a 'java/lang/ClassNotFoundException'{0x0000000082c81098}: java/io/BufferedReaderCustomizer> (0x0000000082c81098) thrown at [./src/hotspot/share/classfile/systemDictionary.cpp, line 230]
Event: 24.261 Thread 0x000001f216724000 Exception <a 'java/lang/ClassNotFoundException'{0x0000000082bb8668}: java/lang/StringBufferBeanInfo> (0x0000000082bb8668) thrown at [./src/hotspot/share/classfile/systemDictionary.cpp, line 230]
Event: 24.261 Thread 0x000001f216724000 Exception <a 'java/lang/ClassNotFoundException'{0x0000000082bbe0a0}: java/lang/AbstractStringBuilderBeanInfo> (0x0000000082bbe0a0) thrown at [./src/hotspot/share/classfile/systemDictionary.cpp, line 230]
Event: 24.262 Thread 0x000001f216724000 Exception <a 'java/lang/ClassNotFoundException'{0x0000000082bc3c10}: java/lang/AbstractStringBuilderCustomizer> (0x0000000082bc3c10) thrown at [./src/hotspot/share/classfile/systemDictionary.cpp, line 230]
Event: 24.273 Thread 0x000001f216724000 Exception <a 'java/lang/ClassNotFoundException'{0x0000000082aa7900}: java/lang/StringBufferCustomizer> (0x0000000082aa7900) thrown at [./src/hotspot/share/classfile/systemDictionary.cpp, line 230]
Event: 28.060 Thread 0x000001f216724000 Exception <a 'java/lang/ClassNotFoundException'{0x0000000083dda4f8}: java/lang/StringBeanInfo> (0x0000000083dda4f8) thrown at [./src/hotspot/share/classfile/systemDictionary.cpp, line 230]
Event: 28.060 Thread 0x000001f216724000 Exception <a 'java/lang/ClassNotFoundException'{0x0000000083ddfeb0}: java/lang/StringCustomizer> (0x0000000083ddfeb0) thrown at [./src/hotspot/share/classfile/systemDictionary.cpp, line 230]

Events (20 events):
Event: 28.045 loading class org/codehaus/groovy/runtime/typehandling/DefaultTypeTransformation
Event: 28.045 loading class org/codehaus/groovy/runtime/typehandling/DefaultTypeTransformation done
Event: 28.045 loading class groovy/runtime/metaclass/java/lang/StringMetaClass
Event: 28.045 loading class groovy/runtime/metaclass/java/lang/StringMetaClass done
Event: 28.048 Executing VM operation: G1CollectForAllocation
Event: 28.057 Executing VM operation: G1CollectForAllocation done
Event: 28.059 loading class java/lang/StringBeanInfo
Event: 28.059 loading class java/lang/StringBeanInfo done
Event: 28.060 loading class java/lang/StringBeanInfo
Event: 28.060 loading class java/lang/StringBeanInfo done
Event: 28.060 loading class java/lang/StringCustomizer
Event: 28.060 loading class java/lang/StringCustomizer done
Event: 28.060 loading class java/lang/StringCustomizer
Event: 28.060 loading class java/lang/StringCustomizer done
Event: 28.063 loading class org/codehaus/groovy/runtime/dgm$1154
Event: 28.063 loading class org/codehaus/groovy/runtime/dgm$1154 done
Event: 32.134 loading class groovy/runtime/metaclass/org/gradle/internal/logging/slf4j/OutputEventListenerBackedLoggerMetaClass
Event: 32.134 loading class groovy/runtime/metaclass/org/gradle/internal/logging/slf4j/OutputEventListenerBackedLoggerMetaClass done
Event: 32.141 loading class org/gradle/internal/logging/slf4j/OutputEventListenerBackedLoggerBeanInfo
Event: 32.141 loading class org/gradle/internal/logging/slf4j/OutputEventListenerBackedLoggerBeanInfo done


Dynamic libraries:
0x00007ff6b4290000 - 0x00007ff6b429d000 	C:\Program Files\Microsoft\jdk-11.0.18.10-hotspot\bin\java.exe
0x00007ffeb97f0000 - 0x00007ffeb99e8000 	C:\WINDOWS\SYSTEM32\ntdll.dll
0x00007ffeb7e20000 - 0x00007ffeb7edd000 	C:\WINDOWS\System32\KERNEL32.DLL
0x00007ffeb6f30000 - 0x00007ffeb7226000 	C:\WINDOWS\System32\KERNELBASE.dll
0x00007ffeb7510000 - 0x00007ffeb7610000 	C:\WINDOWS\System32\ucrtbase.dll
0x00007ffeb04b0000 - 0x00007ffeb04c7000 	C:\Program Files\Microsoft\jdk-11.0.18.10-hotspot\bin\jli.dll
0x00007ffea5500000 - 0x00007ffea5515000 	C:\Program Files\Microsoft\jdk-11.0.18.10-hotspot\bin\VCRUNTIME140.dll
0x00007ffeb8dd0000 - 0x00007ffeb8f6f000 	C:\WINDOWS\System32\USER32.dll
0x00007ffea5b10000 - 0x00007ffea5daa000 	C:\WINDOWS\WinSxS\amd64_microsoft.windows.common-controls_6595b64144ccf1df_6.0.19041.3636_none_60b6a03d71f818d5\COMCTL32.dll
0x00007ffeb7260000 - 0x00007ffeb7282000 	C:\WINDOWS\System32\win32u.dll
0x00007ffeb80f0000 - 0x00007ffeb811b000 	C:\WINDOWS\System32\GDI32.dll
0x00007ffeb7990000 - 0x00007ffeb7a2e000 	C:\WINDOWS\System32\msvcrt.dll
0x00007ffeb7790000 - 0x00007ffeb78a7000 	C:\WINDOWS\System32\gdi32full.dll
0x00007ffeb76f0000 - 0x00007ffeb778d000 	C:\WINDOWS\System32\msvcp_win.dll
0x00007ffeb7d00000 - 0x00007ffeb7d32000 	C:\WINDOWS\System32\IMM32.DLL
0x00007ffe8b020000 - 0x00007ffe8b0bb000 	C:\Program Files\Microsoft\jdk-11.0.18.10-hotspot\bin\msvcp140.dll
0x00007ffe4d1e0000 - 0x00007ffe4dd72000 	C:\Program Files\Microsoft\jdk-11.0.18.10-hotspot\bin\server\jvm.dll
0x00007ffeb7c50000 - 0x00007ffeb7d00000 	C:\WINDOWS\System32\ADVAPI32.dll
0x00007ffeb9120000 - 0x00007ffeb91c0000 	C:\WINDOWS\System32\sechost.dll
0x00007ffeb7b20000 - 0x00007ffeb7c43000 	C:\WINDOWS\System32\RPCRT4.dll
0x00007ffeb7230000 - 0x00007ffeb7257000 	C:\WINDOWS\System32\bcrypt.dll
0x00007ffeb7fa0000 - 0x00007ffeb7fa8000 	C:\WINDOWS\System32\PSAPI.DLL
0x00007ffea4c50000 - 0x00007ffea4c59000 	C:\WINDOWS\SYSTEM32\WSOCK32.dll
0x00007ffea4980000 - 0x00007ffea49a7000 	C:\WINDOWS\SYSTEM32\WINMM.dll
0x00007ffea5dc0000 - 0x00007ffea5dca000 	C:\WINDOWS\SYSTEM32\VERSION.dll
0x00007ffeb7a30000 - 0x00007ffeb7a9b000 	C:\WINDOWS\System32\WS2_32.dll
0x00007ffeb5750000 - 0x00007ffeb5762000 	C:\WINDOWS\SYSTEM32\kernel.appcore.dll
0x00007ffeae800000 - 0x00007ffeae810000 	C:\Program Files\Microsoft\jdk-11.0.18.10-hotspot\bin\verify.dll
0x00007ffeb5450000 - 0x00007ffeb5634000 	C:\WINDOWS\SYSTEM32\DBGHELP.DLL
0x00007ffe9af60000 - 0x00007ffe9af94000 	C:\WINDOWS\SYSTEM32\dbgcore.DLL
0x00007ffeb7660000 - 0x00007ffeb76e2000 	C:\WINDOWS\System32\bcryptPrimitives.dll
0x00007ffea14d0000 - 0x00007ffea14f8000 	C:\Program Files\Microsoft\jdk-11.0.18.10-hotspot\bin\java.dll
0x00007ffeae6d0000 - 0x00007ffeae6da000 	C:\Program Files\Microsoft\jdk-11.0.18.10-hotspot\bin\jimage.dll
0x00007ffea54e0000 - 0x00007ffea54f8000 	C:\Program Files\Microsoft\jdk-11.0.18.10-hotspot\bin\zip.dll
0x00007ffeb81d0000 - 0x00007ffeb893b000 	C:\WINDOWS\System32\SHELL32.dll
0x00007ffeb4cb0000 - 0x00007ffeb544e000 	C:\WINDOWS\SYSTEM32\windows.storage.dll
0x00007ffeb8940000 - 0x00007ffeb8c93000 	C:\WINDOWS\System32\combase.dll
0x00007ffeb6890000 - 0x00007ffeb68be000 	C:\WINDOWS\SYSTEM32\Wldp.dll
0x00007ffeb8ca0000 - 0x00007ffeb8d6d000 	C:\WINDOWS\System32\OLEAUT32.dll
0x00007ffeb78e0000 - 0x00007ffeb798d000 	C:\WINDOWS\System32\SHCORE.dll
0x00007ffeb7f40000 - 0x00007ffeb7f95000 	C:\WINDOWS\System32\shlwapi.dll
0x00007ffeb6e60000 - 0x00007ffeb6e83000 	C:\WINDOWS\SYSTEM32\profapi.dll
0x00007ffea4140000 - 0x00007ffea4159000 	C:\Program Files\Microsoft\jdk-11.0.18.10-hotspot\bin\net.dll
0x00007ffea9050000 - 0x00007ffea915a000 	C:\WINDOWS\SYSTEM32\WINHTTP.dll
0x00007ffeb65f0000 - 0x00007ffeb665a000 	C:\WINDOWS\system32\mswsock.dll
0x00007ffea3b00000 - 0x00007ffea3b13000 	C:\Program Files\Microsoft\jdk-11.0.18.10-hotspot\bin\nio.dll
0x00007ffea14a0000 - 0x00007ffea14c7000 	C:\Users\IT Foundation\.gradle\native\68d5fa5c4cc2d200863cafc0d521ce42e7d3e7ee720ec0a83991735586a16f82\windows-amd64\native-platform.dll
0x00007ffe87930000 - 0x00007ffe87a74000 	C:\Users\IT Foundation\.gradle\native\e376f236ea51e6404a007f0833ffe2c6e607c4080706a723a18a27aeea778392\windows-amd64\native-platform-file-events.dll
0x00007ffea99b0000 - 0x00007ffea99b9000 	C:\Program Files\Microsoft\jdk-11.0.18.10-hotspot\bin\management.dll
0x00007ffea38e0000 - 0x00007ffea38eb000 	C:\Program Files\Microsoft\jdk-11.0.18.10-hotspot\bin\management_ext.dll
0x00007ffeb67f0000 - 0x00007ffeb6808000 	C:\WINDOWS\SYSTEM32\CRYPTSP.dll
0x00007ffeb5f10000 - 0x00007ffeb5f44000 	C:\WINDOWS\system32\rsaenh.dll
0x00007ffeb6de0000 - 0x00007ffeb6e0e000 	C:\WINDOWS\SYSTEM32\USERENV.dll
0x00007ffeb67e0000 - 0x00007ffeb67ec000 	C:\WINDOWS\SYSTEM32\CRYPTBASE.dll
0x00007ffeb62d0000 - 0x00007ffeb630b000 	C:\WINDOWS\SYSTEM32\IPHLPAPI.DLL
0x00007ffeb7fb0000 - 0x00007ffeb7fb8000 	C:\WINDOWS\System32\NSI.dll
0x00007ffea9b70000 - 0x00007ffea9b87000 	C:\WINDOWS\SYSTEM32\dhcpcsvc6.DLL
0x00007ffea9d60000 - 0x00007ffea9d7d000 	C:\WINDOWS\SYSTEM32\dhcpcsvc.DLL
0x00007ffeb6310000 - 0x00007ffeb63db000 	C:\WINDOWS\SYSTEM32\DNSAPI.dll

dbghelp: loaded successfully - version: 4.0.5 - missing functions: none
symbol engine: initialized successfully - sym options: 0x614 - pdb path: .;C:\Program Files\Microsoft\jdk-11.0.18.10-hotspot\bin;C:\WINDOWS\SYSTEM32;C:\WINDOWS\WinSxS\amd64_microsoft.windows.common-controls_6595b64144ccf1df_6.0.19041.3636_none_60b6a03d71f818d5;C:\Program Files\Microsoft\jdk-11.0.18.10-hotspot\bin\server;C:\Users\IT Foundation\.gradle\native\68d5fa5c4cc2d200863cafc0d521ce42e7d3e7ee720ec0a83991735586a16f82\windows-amd64;C:\Users\IT Foundation\.gradle\native\e376f236ea51e6404a007f0833ffe2c6e607c4080706a723a18a27aeea778392\windows-amd64

VM Arguments:
jvm_args: -XX:MaxMetaspaceSize=512m --add-opens=java.base/java.util=ALL-UNNAMED --add-opens=java.base/java.lang=ALL-UNNAMED --add-opens=java.base/java.lang.invoke=ALL-UNNAMED --add-opens=java.prefs/java.util.prefs=ALL-UNNAMED --add-opens=java.base/java.nio.charset=ALL-UNNAMED --add-opens=java.base/java.net=ALL-UNNAMED --add-opens=java.base/java.util.concurrent.atomic=ALL-UNNAMED -Xmx2048m -Dfile.encoding=windows-1252 -Duser.country=US -Duser.language=en -Duser.variant 
java_command: org.gradle.launcher.daemon.bootstrap.GradleDaemon 8.0.1
java_class_path (initial): C:\Users\IT Foundation\.gradle\wrapper\dists\gradle-8.0.1-all\aro4hu1c3oeioove7l0i4i14o\gradle-8.0.1\lib\gradle-launcher-8.0.1.jar
Launcher Type: SUN_STANDARD

[Global flags]
     intx CICompilerCount                          = 3                                         {product} {ergonomic}
   size_t CompressedClassSpaceSize                 = 528482304                                 {product} {ergonomic}
     uint ConcGCThreads                            = 1                                         {product} {ergonomic}
     uint G1ConcRefinementThreads                  = 4                                         {product} {ergonomic}
   size_t G1HeapRegionSize                         = 1048576                                   {product} {ergonomic}
    uintx GCDrainStackTargetSize                   = 64                                        {product} {ergonomic}
   size_t InitialHeapSize                          = 65011712                                  {product} {ergonomic}
   size_t MarkStackSize                            = 4194304                                   {product} {ergonomic}
   size_t MaxHeapSize                              = 2147483648                                {product} {command line}
   size_t MaxMetaspaceSize                         = 536870912                                 {product} {command line}
   size_t MaxNewSize                               = 1287651328                                {product} {ergonomic}
   size_t MinHeapDeltaBytes                        = 1048576                                   {product} {ergonomic}
    uintx NonNMethodCodeHeapSize                   = 5830732                                {pd product} {ergonomic}
    uintx NonProfiledCodeHeapSize                  = 122913754                              {pd product} {ergonomic}
    uintx ProfiledCodeHeapSize                     = 122913754                              {pd product} {ergonomic}
    uintx ReservedCodeCacheSize                    = 251658240                              {pd product} {ergonomic}
     bool SegmentedCodeCache                       = true                                      {product} {ergonomic}
     bool UseCompressedClassPointers               = true                                 {lp64_product} {ergonomic}
     bool UseCompressedOops                        = true                                 {lp64_product} {ergonomic}
     bool UseG1GC                                  = true                                      {product} {ergonomic}
     bool UseLargePagesIndividualAllocation        = false                                  {pd product} {ergonomic}

Logging:
Log output configuration:
 #0: stdout all=warning uptime,level,tags
 #1: stderr all=off uptime,level,tags

Environment Variables:
JAVA_HOME=C:\Program Files\Microsoft\jdk-11.0.18.10-hotspot\
CLASSPATH=D:\reactntv\Myapp\android\\gradle\wrapper\gradle-wrapper.jar
PATH=D:\reactntv\Myapp\node_modules\.bin;D:\reactntv\node_modules\.bin;D:\node_modules\.bin;C:\Users\IT Foundation\AppData\Roaming\npm\node_modules\npm\node_modules\@npmcli\run-script\lib\node-gyp-bin;C:\Program Files\Microsoft\jdk-11.0.18.10-hotspot\bin;C:\Python310\Scripts\;C:\Python310\;C:\WINDOWS\system32;C:\WINDOWS;C:\WINDOWS\System32\Wbem;C:\WINDOWS\System32\WindowsPowerShell\v1.0\;C:\WINDOWS\System32\OpenSSH\;C:\ProgramData\chocolatey\bin;C:\Users\IT Foundation\AppData\Local\Android\Sdk\platform-tools;C:\Program Files\dotnet\;C:\Program Files\MongoDB\Server\7.0\bin;D:\node\;C:\Users\IT Foundation\AppData\Local\Programs\Microsoft VS Code\bin;C:\Users\IT Foundation\AppData\Local\Microsoft\WindowsApps;C:\Users\IT Foundation\AppData\Local\GitHubDesktop\bin;C:\Users\IT Foundation\AppData\Local\Android\Sdk\platform-tools;C:\MinGW\bin;C:\Program Files\MongoDB\Server\7.0\bin;C:\Users\IT Foundation\AppData\Roaming\npm
USERNAME=IT Foundation
LANG=en_US.UTF-8
OS=Windows_NT
PROCESSOR_IDENTIFIER=Intel64 Family 6 Model 78 Stepping 3, GenuineIntel
TMP=C:\Users\ITFOUN~1\AppData\Local\Temp
TEMP=C:\Users\ITFOUN~1\AppData\Local\Temp



---------------  S Y S T E M  ---------------

OS: Windows 10 , 64 bit Build 19041 (10.0.19041.3636)
OS uptime: 39 days 2:59 hours

CPU:total 4 (initial active 4) (2 cores per cpu, 2 threads per core) family 6 model 78 stepping 3 microcode 0xcc, cmov, cx8, fxsr, mmx, sse, sse2, sse3, ssse3, sse4.1, sse4.2, popcnt, avx, avx2, aes, clmul, erms, 3dnowpref, lzcnt, ht, tsc, tscinvbit, bmi1, bmi2, adx, fma

Memory: 4k page, system-wide physical 3879M (116M free)
TotalPageFile size 13856M (AvailPageFile size 60M)
current process WorkingSet (physical memory assigned to process): 176M, peak: 192M
current process commit charge ("private bytes"): 209M, peak: 226M

vm_info: OpenJDK 64-Bit Server VM (11.0.18+10-LTS) for windows-amd64 JRE (11.0.18+10-LTS), built on Jan 18 2023 15:56:47 by "MicrosoftCorporation" with MS VC++ 15.9 (VS2017)

END.
