#
# There is insufficient memory for the Java Runtime Environment to continue.
# Native memory allocation (malloc) failed to allocate 32744 bytes for ChunkPool::allocate
# Possible reasons:
#   The system is out of physical RAM or swap space
#   The process is running with CompressedOops enabled, and the Java Heap may be blocking the growth of the native heap
# Possible solutions:
#   Reduce memory load on the system
#   Increase physical memory or swap space
#   Check if swap backing store is full
#   Decrease Java heap size (-Xmx/-Xms)
#   Decrease number of Java threads
#   Decrease Java thread stack sizes (-Xss)
#   Set larger code cache with -XX:ReservedCodeCacheSize=
#   JVM is running with Unscaled Compressed Oops mode in which the Java heap is
#     placed in the first 4GB address space. The Java Heap base address is the
#     maximum limit for the native heap growth. Please use -XX:HeapBaseMinAddress
#     to set the Java Heap base and to place the Java Heap above 4GB virtual address.
# This output file may be truncated or incomplete.
#
#  Out of Memory Error (./src/hotspot/share/memory/arena.cpp:81), pid=20508, tid=15468
#
# JRE version: OpenJDK Runtime Environment Microsoft-7208460 (11.0.18+10) (build 11.0.18+10-LTS)
# Java VM: OpenJDK 64-Bit Server VM Microsoft-7208460 (11.0.18+10-LTS, mixed mode, tiered, compressed oops, g1 gc, windows-amd64)
# No core dump will be written. Minidumps are not enabled by default on client versions of Windows
#

---------------  S U M M A R Y ------------

Command Line: -XX:MaxMetaspaceSize=512m --add-opens=java.base/java.util=ALL-UNNAMED --add-opens=java.base/java.lang=ALL-UNNAMED --add-opens=java.base/java.lang.invoke=ALL-UNNAMED --add-opens=java.prefs/java.util.prefs=ALL-UNNAMED --add-opens=java.base/java.nio.charset=ALL-UNNAMED --add-opens=java.base/java.net=ALL-UNNAMED --add-opens=java.base/java.util.concurrent.atomic=ALL-UNNAMED -Xmx2048m -Dfile.encoding=windows-1252 -Duser.country=US -Duser.language=en -Duser.variant org.gradle.launcher.daemon.bootstrap.GradleDaemon 8.0.1

Host: Intel(R) Core(TM) i3-6006U CPU @ 2.00GHz, 4 cores, 3G,  Windows 10 , 64 bit Build 19041 (10.0.19041.3636)
Time: Mon Jun 10 00:14:21 2024 Pacific Daylight Time elapsed time: 36.113732 seconds (0d 0h 0m 36s)

---------------  T H R E A D  ---------------

Current thread (0x000002387f118800):  JavaThread "C2 CompilerThread0" daemon [_thread_in_native, id=15468, stack(0x0000008014200000,0x0000008014300000)]


Current CompileTask:
C2:  36113 3823   !   4       java.io.BufferedReader::readLine (304 bytes)

Stack: [0x0000008014200000,0x0000008014300000]
Native frames: (J=compiled Java code, j=interpreted, Vv=VM code, C=native code)
V  [jvm.dll+0x62bf8a]
V  [jvm.dll+0x7b8fb9]
V  [jvm.dll+0x7ba6a8]
V  [jvm.dll+0x7bad83]
V  [jvm.dll+0x250248]
V  [jvm.dll+0xc286b]
V  [jvm.dll+0xc2bcc]
V  [jvm.dll+0xc271b]
V  [jvm.dll+0x689adc]
V  [jvm.dll+0x53b61c]
V  [jvm.dll+0x5390a6]
V  [jvm.dll+0x5363be]
V  [jvm.dll+0x536434]
V  [jvm.dll+0x536434]
V  [jvm.dll+0x5340a1]
V  [jvm.dll+0x208c26]
V  [jvm.dll+0x20aab6]
V  [jvm.dll+0x2083eb]
V  [jvm.dll+0x18a4b1]
V  [jvm.dll+0x217eec]
V  [jvm.dll+0x21612b]
V  [jvm.dll+0x77bac0]
V  [jvm.dll+0x7749f4]
V  [jvm.dll+0x62adf5]
C  [ucrtbase.dll+0x21bb2]
C  [KERNEL32.DLL+0x17344]
C  [ntdll.dll+0x526b1]


---------------  P R O C E S S  ---------------

Threads class SMR info:
_java_thread_list=0x00000238040edba0, length=35, elements={
0x00000238620aa800, 0x000002387f0c1800, 0x000002387f0c3000, 0x000002387f113800,
0x000002387f114800, 0x000002387f115800, 0x000002387f118800, 0x000002387f11c800,
0x000002387f280800, 0x000002387f37e000, 0x0000023802f8f800, 0x00000238028b4800,
0x000002387f5f3000, 0x0000023802077800, 0x0000023803343800, 0x0000023802bcb000,
0x0000023802bcb800, 0x000002380209a000, 0x000002380209b000, 0x0000023802322800,
0x000002387f5a0000, 0x000002387f59a800, 0x000002387f5a1000, 0x000002387f59b800,
0x000002387f59d800, 0x000002387f59c000, 0x000002387f59e800, 0x000002387f59f800,
0x000002387f59d000, 0x000002380412f800, 0x0000023804130000, 0x0000023804131000,
0x000002380412b000, 0x000002380412e800, 0x000002380412c000
}

Java Threads: ( => current thread )
  0x00000238620aa800 JavaThread "main" [_thread_blocked, id=21312, stack(0x0000008013600000,0x0000008013700000)]
  0x000002387f0c1800 JavaThread "Reference Handler" daemon [_thread_blocked, id=11148, stack(0x0000008013d00000,0x0000008013e00000)]
  0x000002387f0c3000 JavaThread "Finalizer" daemon [_thread_blocked, id=22568, stack(0x0000008013e00000,0x0000008013f00000)]
  0x000002387f113800 JavaThread "Signal Dispatcher" daemon [_thread_blocked, id=16552, stack(0x0000008013f00000,0x0000008014000000)]
  0x000002387f114800 JavaThread "Attach Listener" daemon [_thread_blocked, id=17288, stack(0x0000008014000000,0x0000008014100000)]
  0x000002387f115800 JavaThread "Service Thread" daemon [_thread_blocked, id=24164, stack(0x0000008014100000,0x0000008014200000)]
=>0x000002387f118800 JavaThread "C2 CompilerThread0" daemon [_thread_in_native, id=15468, stack(0x0000008014200000,0x0000008014300000)]
  0x000002387f11c800 JavaThread "C1 CompilerThread0" daemon [_thread_blocked, id=23152, stack(0x0000008014300000,0x0000008014400000)]
  0x000002387f280800 JavaThread "Sweeper thread" daemon [_thread_blocked, id=22152, stack(0x0000008014400000,0x0000008014500000)]
  0x000002387f37e000 JavaThread "Common-Cleaner" daemon [_thread_blocked, id=20892, stack(0x0000008014500000,0x0000008014600000)]
  0x0000023802f8f800 JavaThread "Daemon health stats" [_thread_blocked, id=24296, stack(0x0000008014800000,0x0000008014900000)]
  0x00000238028b4800 JavaThread "Incoming local TCP Connector on port 9118" [_thread_in_native, id=12348, stack(0x0000008014900000,0x0000008014a00000)]
  0x000002387f5f3000 JavaThread "Daemon periodic checks" [_thread_blocked, id=11000, stack(0x0000008014a00000,0x0000008014b00000)]
  0x0000023802077800 JavaThread "Daemon" [_thread_blocked, id=9388, stack(0x0000008014d00000,0x0000008014e00000)]
  0x0000023803343800 JavaThread "Handler for socket connection from /127.0.0.1:9118 to /127.0.0.1:9119" [_thread_in_native, id=21056, stack(0x0000008014e00000,0x0000008014f00000)]
  0x0000023802bcb000 JavaThread "Cancel handler" [_thread_blocked, id=14052, stack(0x0000008014f00000,0x0000008015000000)]
  0x0000023802bcb800 JavaThread "Daemon worker" [_thread_in_vm, id=4256, stack(0x0000008015000000,0x0000008015100000)]
  0x000002380209a000 JavaThread "Asynchronous log dispatcher for DefaultDaemonConnection: socket connection from /127.0.0.1:9118 to /127.0.0.1:9119" [_thread_blocked, id=8732, stack(0x0000008015100000,0x0000008015200000)]
  0x000002380209b000 JavaThread "Stdin handler" [_thread_blocked, id=240, stack(0x0000008015200000,0x0000008015300000)]
  0x0000023802322800 JavaThread "Daemon client event forwarder" [_thread_blocked, id=15256, stack(0x0000008015300000,0x0000008015400000)]
  0x000002387f5a0000 JavaThread "Cache worker for journal cache (C:\Users\IT Foundation\.gradle\caches\journal-1)" [_thread_blocked, id=23096, stack(0x0000008015400000,0x0000008015500000)]
  0x000002387f59a800 JavaThread "File lock request listener" [_thread_in_native, id=20848, stack(0x0000008015500000,0x0000008015600000)]
  0x000002387f5a1000 JavaThread "Cache worker for file hash cache (C:\Users\IT Foundation\.gradle\caches\8.0.1\fileHashes)" [_thread_blocked, id=14904, stack(0x0000008015600000,0x0000008015700000)]
  0x000002387f59b800 JavaThread "File watcher server" daemon [_thread_in_native, id=4564, stack(0x0000008015700000,0x0000008015800000)]
  0x000002387f59d800 JavaThread "File watcher consumer" daemon [_thread_blocked, id=20732, stack(0x0000008015800000,0x0000008015900000)]
  0x000002387f59c000 JavaThread "Cache worker for checksums cache (D:\reactntv\Myapp\android\.gradle\8.0.1\checksums)" [_thread_blocked, id=23876, stack(0x0000008015900000,0x0000008015a00000)]
  0x000002387f59e800 JavaThread "Cache worker for cache directory md-rule (C:\Users\IT Foundation\.gradle\caches\8.0.1\md-rule)" [_thread_blocked, id=11856, stack(0x0000008015a00000,0x0000008015b00000)]
  0x000002387f59f800 JavaThread "Cache worker for file content cache (C:\Users\IT Foundation\.gradle\caches\8.0.1\fileContent)" [_thread_blocked, id=8676, stack(0x0000008015b00000,0x0000008015c00000)]
  0x000002387f59d000 JavaThread "Cache worker for file hash cache (D:\reactntv\Myapp\android\.gradle\8.0.1\fileHashes)" [_thread_blocked, id=12360, stack(0x0000008015c00000,0x0000008015d00000)]
  0x000002380412f800 JavaThread "Cache worker for cache directory md-supplier (C:\Users\IT Foundation\.gradle\caches\8.0.1\md-supplier)" [_thread_blocked, id=15876, stack(0x0000008015d00000,0x0000008015e00000)]
  0x0000023804130000 JavaThread "Cache worker for execution history cache (C:\Users\IT Foundation\.gradle\caches\8.0.1\executionHistory)" [_thread_blocked, id=15160, stack(0x0000008015e00000,0x0000008015f00000)]
  0x0000023804131000 JavaThread "jar transforms" [_thread_blocked, id=13216, stack(0x0000008015f00000,0x0000008016000000)]
  0x000002380412b000 JavaThread "jar transforms Thread 2" [_thread_blocked, id=22632, stack(0x0000008016000000,0x0000008016100000)]
  0x000002380412e800 JavaThread "jar transforms Thread 3" [_thread_blocked, id=16132, stack(0x0000008016100000,0x0000008016200000)]
  0x000002380412c000 JavaThread "jar transforms Thread 4" [_thread_blocked, id=17964, stack(0x0000008016200000,0x0000008016300000)]

Other Threads:
  0x000002387f0ac000 VMThread "VM Thread" [stack: 0x0000008013c00000,0x0000008013d00000] [id=21024]
  0x000002387f39f000 WatcherThread [stack: 0x0000008014600000,0x0000008014700000] [id=20544]
  0x00000238620be800 GCTaskThread "GC Thread#0" [stack: 0x0000008013700000,0x0000008013800000] [id=23960]
  0x000002387f71a000 GCTaskThread "GC Thread#1" [stack: 0x0000008014700000,0x0000008014800000] [id=18680]
  0x0000023803353800 GCTaskThread "GC Thread#2" [stack: 0x0000008014b00000,0x0000008014c00000] [id=23852]
  0x0000023802e1e800 GCTaskThread "GC Thread#3" [stack: 0x0000008014c00000,0x0000008014d00000] [id=20956]
  0x00000238620f0800 ConcurrentGCThread "G1 Main Marker" [stack: 0x0000008013800000,0x0000008013900000] [id=7904]
  0x00000238620f2000 ConcurrentGCThread "G1 Conc#0" [stack: 0x0000008013900000,0x0000008013a00000] [id=10308]
  0x0000023862149000 ConcurrentGCThread "G1 Refine#0" [stack: 0x0000008013a00000,0x0000008013b00000] [id=12848]
  0x000002386214b000 ConcurrentGCThread "G1 Young RemSet Sampling" [stack: 0x0000008013b00000,0x0000008013c00000] [id=21528]

Threads with active compile tasks:
C2 CompilerThread0    36203 3823   !   4       java.io.BufferedReader::readLine (304 bytes)

VM state:not at safepoint (normal execution)

VM Mutex/Monitor currently owned by a thread: None

Heap address: 0x0000000080000000, size: 2048 MB, Compressed Oops mode: 32-bit
Narrow klass base: 0x0000000000000000, Narrow klass shift: 3
Compressed class space size: 528482304 Address: 0x0000000100000000

Heap:
 garbage-first heap   total 63488K, used 40487K [0x0000000080000000, 0x0000000100000000)
  region size 1024K, 14 young (14336K), 1 survivors (1024K)
 Metaspace       used 41452K, capacity 42627K, committed 42832K, reserved 555008K
  class space    used 5212K, capacity 5629K, committed 5632K, reserved 516096K
Heap Regions: E=young(eden), S=young(survivor), O=old, HS=humongous(starts), HC=humongous(continues), CS=collection set, F=free, A=archive, TAMS=top-at-mark-start (previous, next)
|   0|0x0000000080000000, 0x0000000080100000, 0x0000000080100000|100%| O|  |TAMS 0x0000000080100000, 0x0000000080000000| Untracked 
|   1|0x0000000080100000, 0x0000000080200000, 0x0000000080200000|100%| O|  |TAMS 0x0000000080200000, 0x0000000080100000| Untracked 
|   2|0x0000000080200000, 0x0000000080300000, 0x0000000080300000|100%|HS|  |TAMS 0x0000000080300000, 0x0000000080200000| Complete 
|   3|0x0000000080300000, 0x0000000080400000, 0x0000000080400000|100%|HC|  |TAMS 0x0000000080400000, 0x0000000080300000| Complete 
|   4|0x0000000080400000, 0x0000000080500000, 0x0000000080500000|100%|HC|  |TAMS 0x0000000080500000, 0x0000000080400000| Complete 
|   5|0x0000000080500000, 0x0000000080600000, 0x0000000080600000|100%|HC|  |TAMS 0x0000000080600000, 0x0000000080500000| Complete 
|   6|0x0000000080600000, 0x0000000080700000, 0x0000000080700000|100%| O|  |TAMS 0x0000000080700000, 0x0000000080600000| Untracked 
|   7|0x0000000080700000, 0x0000000080800000, 0x0000000080800000|100%| O|  |TAMS 0x0000000080800000, 0x0000000080700000| Untracked 
|   8|0x0000000080800000, 0x0000000080900000, 0x0000000080900000|100%| O|  |TAMS 0x0000000080900000, 0x0000000080800000| Untracked 
|   9|0x0000000080900000, 0x0000000080a00000, 0x0000000080a00000|100%| O|  |TAMS 0x0000000080a00000, 0x0000000080900000| Untracked 
|  10|0x0000000080a00000, 0x0000000080b00000, 0x0000000080b00000|100%| O|  |TAMS 0x0000000080b00000, 0x0000000080a00000| Untracked 
|  11|0x0000000080b00000, 0x0000000080c00000, 0x0000000080c00000|100%| O|  |TAMS 0x0000000080c00000, 0x0000000080b00000| Untracked 
|  12|0x0000000080c00000, 0x0000000080d00000, 0x0000000080d00000|100%| O|  |TAMS 0x0000000080d00000, 0x0000000080c00000| Untracked 
|  13|0x0000000080d00000, 0x0000000080e00000, 0x0000000080e00000|100%| O|  |TAMS 0x0000000080e00000, 0x0000000080d00000| Untracked 
|  14|0x0000000080e00000, 0x0000000080f00000, 0x0000000080f00000|100%| O|  |TAMS 0x0000000080f00000, 0x0000000080e00000| Untracked 
|  15|0x0000000080f00000, 0x0000000081000000, 0x0000000081000000|100%| O|  |TAMS 0x0000000081000000, 0x0000000080f00000| Untracked 
|  16|0x0000000081000000, 0x0000000081100000, 0x0000000081100000|100%| O|  |TAMS 0x0000000081100000, 0x0000000081000000| Untracked 
|  17|0x0000000081100000, 0x0000000081200000, 0x0000000081200000|100%| O|  |TAMS 0x0000000081200000, 0x0000000081100000| Untracked 
|  18|0x0000000081200000, 0x0000000081300000, 0x0000000081300000|100%| O|  |TAMS 0x0000000081300000, 0x0000000081200000| Untracked 
|  19|0x0000000081300000, 0x0000000081400000, 0x0000000081400000|100%| O|  |TAMS 0x0000000081400000, 0x0000000081300000| Untracked 
|  20|0x0000000081400000, 0x0000000081500000, 0x0000000081500000|100%| O|  |TAMS 0x0000000081500000, 0x0000000081400000| Untracked 
|  21|0x0000000081500000, 0x0000000081600000, 0x0000000081600000|100%| O|  |TAMS 0x0000000081600000, 0x0000000081500000| Untracked 
|  22|0x0000000081600000, 0x0000000081700000, 0x0000000081700000|100%| O|  |TAMS 0x0000000081700000, 0x0000000081600000| Untracked 
|  23|0x0000000081700000, 0x0000000081800000, 0x0000000081800000|100%| O|  |TAMS 0x0000000081800000, 0x0000000081700000| Untracked 
|  24|0x0000000081800000, 0x0000000081900000, 0x0000000081900000|100%| O|  |TAMS 0x0000000081900000, 0x0000000081800000| Untracked 
|  25|0x0000000081900000, 0x0000000081a00000, 0x0000000081a00000|100%| O|  |TAMS 0x0000000081a00000, 0x0000000081900000| Untracked 
|  26|0x0000000081a00000, 0x0000000081a00000, 0x0000000081b00000|  0%| F|  |TAMS 0x0000000081a00000, 0x0000000081a00000| Untracked 
|  27|0x0000000081b00000, 0x0000000081c00000, 0x0000000081c00000|100%| O|  |TAMS 0x0000000081c00000, 0x0000000081b00000| Untracked 
|  28|0x0000000081c00000, 0x0000000081c89e00, 0x0000000081d00000| 53%| O|  |TAMS 0x0000000081c89e00, 0x0000000081c00000| Untracked 
|  29|0x0000000081d00000, 0x0000000081d00000, 0x0000000081e00000|  0%| F|  |TAMS 0x0000000081d00000, 0x0000000081d00000| Untracked 
|  30|0x0000000081e00000, 0x0000000081e00000, 0x0000000081f00000|  0%| F|  |TAMS 0x0000000081e00000, 0x0000000081e00000| Untracked 
|  31|0x0000000081f00000, 0x0000000081f00000, 0x0000000082000000|  0%| F|  |TAMS 0x0000000081f00000, 0x0000000081f00000| Untracked 
|  32|0x0000000082000000, 0x0000000082000000, 0x0000000082100000|  0%| F|  |TAMS 0x0000000082000000, 0x0000000082000000| Untracked 
|  33|0x0000000082100000, 0x0000000082100000, 0x0000000082200000|  0%| F|  |TAMS 0x0000000082100000, 0x0000000082100000| Untracked 
|  34|0x0000000082200000, 0x0000000082200000, 0x0000000082300000|  0%| F|  |TAMS 0x0000000082200000, 0x0000000082200000| Untracked 
|  35|0x0000000082300000, 0x0000000082300000, 0x0000000082400000|  0%| F|  |TAMS 0x0000000082300000, 0x0000000082300000| Untracked 
|  36|0x0000000082400000, 0x0000000082400000, 0x0000000082500000|  0%| F|  |TAMS 0x0000000082400000, 0x0000000082400000| Untracked 
|  37|0x0000000082500000, 0x0000000082500000, 0x0000000082600000|  0%| F|  |TAMS 0x0000000082500000, 0x0000000082500000| Untracked 
|  38|0x0000000082600000, 0x0000000082600000, 0x0000000082700000|  0%| F|  |TAMS 0x0000000082600000, 0x0000000082600000| Untracked 
|  39|0x0000000082700000, 0x0000000082700000, 0x0000000082800000|  0%| F|  |TAMS 0x0000000082700000, 0x0000000082700000| Untracked 
|  40|0x0000000082800000, 0x0000000082800000, 0x0000000082900000|  0%| F|  |TAMS 0x0000000082800000, 0x0000000082800000| Untracked 
|  41|0x0000000082900000, 0x0000000082900000, 0x0000000082a00000|  0%| F|  |TAMS 0x0000000082900000, 0x0000000082900000| Untracked 
|  42|0x0000000082a00000, 0x0000000082a00000, 0x0000000082b00000|  0%| F|  |TAMS 0x0000000082a00000, 0x0000000082a00000| Untracked 
|  43|0x0000000082b00000, 0x0000000082b00000, 0x0000000082c00000|  0%| F|  |TAMS 0x0000000082b00000, 0x0000000082b00000| Untracked 
|  44|0x0000000082c00000, 0x0000000082c00000, 0x0000000082d00000|  0%| F|  |TAMS 0x0000000082c00000, 0x0000000082c00000| Untracked 
|  45|0x0000000082d00000, 0x0000000082d00000, 0x0000000082e00000|  0%| F|  |TAMS 0x0000000082d00000, 0x0000000082d00000| Untracked 
|  46|0x0000000082e00000, 0x0000000082f00000, 0x0000000082f00000|100%| S|CS|TAMS 0x0000000082e00000, 0x0000000082e00000| Complete 
|  47|0x0000000082f00000, 0x0000000082f00000, 0x0000000083000000|  0%| F|  |TAMS 0x0000000082f00000, 0x0000000082f00000| Untracked 
|  48|0x0000000083000000, 0x0000000083000000, 0x0000000083100000|  0%| F|  |TAMS 0x0000000083000000, 0x0000000083000000| Untracked 
|  49|0x0000000083100000, 0x00000000831a2e78, 0x0000000083200000| 63%| E|  |TAMS 0x0000000083100000, 0x0000000083100000| Complete 
|  50|0x0000000083200000, 0x0000000083300000, 0x0000000083300000|100%| E|CS|TAMS 0x0000000083200000, 0x0000000083200000| Complete 
|  51|0x0000000083300000, 0x0000000083400000, 0x0000000083400000|100%| E|CS|TAMS 0x0000000083300000, 0x0000000083300000| Complete 
|  52|0x0000000083400000, 0x0000000083500000, 0x0000000083500000|100%| E|CS|TAMS 0x0000000083400000, 0x0000000083400000| Complete 
|  53|0x0000000083500000, 0x0000000083600000, 0x0000000083600000|100%| E|  |TAMS 0x0000000083500000, 0x0000000083500000| Complete 
|  54|0x0000000083600000, 0x0000000083700000, 0x0000000083700000|100%| E|CS|TAMS 0x0000000083600000, 0x0000000083600000| Complete 
|  55|0x0000000083700000, 0x0000000083800000, 0x0000000083800000|100%| E|CS|TAMS 0x0000000083700000, 0x0000000083700000| Complete 
|  56|0x0000000083800000, 0x0000000083900000, 0x0000000083900000|100%| E|CS|TAMS 0x0000000083800000, 0x0000000083800000| Complete 
|  57|0x0000000083900000, 0x0000000083a00000, 0x0000000083a00000|100%| E|CS|TAMS 0x0000000083900000, 0x0000000083900000| Complete 
|  58|0x0000000083a00000, 0x0000000083b00000, 0x0000000083b00000|100%| E|CS|TAMS 0x0000000083a00000, 0x0000000083a00000| Complete 
|  59|0x0000000083b00000, 0x0000000083c00000, 0x0000000083c00000|100%| E|CS|TAMS 0x0000000083b00000, 0x0000000083b00000| Complete 
|  60|0x0000000083c00000, 0x0000000083d00000, 0x0000000083d00000|100%| E|CS|TAMS 0x0000000083c00000, 0x0000000083c00000| Complete 
|  61|0x0000000083d00000, 0x0000000083e00000, 0x0000000083e00000|100%| E|CS|TAMS 0x0000000083d00000, 0x0000000083d00000| Complete 

Card table byte_map: [0x0000023879c20000,0x000002387a020000] _byte_map_base: 0x0000023879820000

Marking Bits (Prev, Next): (CMBitMap*) 0x00000238620e7e18, (CMBitMap*) 0x00000238620e7e50
 Prev Bits: [0x000002387a420000, 0x000002387c420000)
 Next Bits: [0x000002387c420000, 0x000002387e420000)

Polling page: 0x000002385fe00000

Metaspace:

Usage:
  Non-class:     36.13 MB capacity,    35.40 MB ( 98%) used,   641.03 KB (  2%) free+waste,   107.94 KB ( <1%) overhead. 
      Class:      5.50 MB capacity,     5.09 MB ( 93%) used,   362.81 KB (  6%) free+waste,    52.44 KB ( <1%) overhead. 
       Both:     41.63 MB capacity,    40.49 MB ( 97%) used,  1003.84 KB (  2%) free+waste,   160.38 KB ( <1%) overhead. 

Virtual space:
  Non-class space:       38.00 MB reserved,      36.33 MB ( 96%) committed 
      Class space:      504.00 MB reserved,       5.50 MB (  1%) committed 
             Both:      542.00 MB reserved,      41.83 MB (  8%) committed 

Chunk freelists:
   Non-Class:  10.00 KB
       Class:  3.00 KB
        Both:  13.00 KB

MaxMetaspaceSize: 512.00 MB
CompressedClassSpaceSize: 504.00 MB
Initial GC threshold: 20.80 MB
Current GC threshold: 67.42 MB
CDS: off

CodeHeap 'non-profiled nmethods': size=120064Kb used=1878Kb max_used=1878Kb free=118185Kb
 bounds [0x00000238722e0000, 0x0000023872550000, 0x0000023879820000]
CodeHeap 'profiled nmethods': size=120000Kb used=8070Kb max_used=8070Kb free=111929Kb
 bounds [0x000002386adb0000, 0x000002386b5a0000, 0x00000238722e0000]
CodeHeap 'non-nmethods': size=5696Kb used=2272Kb max_used=2316Kb free=3424Kb
 bounds [0x000002386a820000, 0x000002386aa90000, 0x000002386adb0000]
 total_blobs=4554 nmethods=3783 adapters=683
 compilation: enabled
              stopped_count=0, restarted_count=0
 full_count=0

Compilation events (20 events):
Event: 36.093 Thread 0x000002387f11c800 nmethod 3822 0x00000238724b5790 code [0x00000238724b5940, 0x00000238724b59f8]
Event: 36.093 Thread 0x000002387f118800 3823   !   4       java.io.BufferedReader::readLine (304 bytes)
Event: 36.093 Thread 0x000002387f11c800 3824       3       groovy.lang.MetaClassImpl::getVersion (11 bytes)
Event: 36.093 Thread 0x000002387f11c800 nmethod 3824 0x000002386b58aa10 code [0x000002386b58abc0, 0x000002386b58ad58]
Event: 36.093 Thread 0x000002387f11c800 3825       3       org.codehaus.groovy.reflection.ClassInfo::getVersion (8 bytes)
Event: 36.094 Thread 0x000002387f11c800 nmethod 3825 0x000002386b58ae90 code [0x000002386b58b040, 0x000002386b58b158]
Event: 36.094 Thread 0x000002387f11c800 3826       3       org.codehaus.groovy.runtime.callsite.PojoMetaMethodSite::checkPojoMetaClass (29 bytes)
Event: 36.095 Thread 0x000002387f11c800 nmethod 3826 0x000002386b58b210 code [0x000002386b58b440, 0x000002386b58be18]
Event: 36.095 Thread 0x000002387f11c800 3827       3       org.codehaus.groovy.runtime.GroovyCategorySupport::hasCategoryInCurrentThread (32 bytes)
Event: 36.095 Thread 0x000002387f11c800 nmethod 3827 0x000002386b58c110 code [0x000002386b58c320, 0x000002386b58c978]
Event: 36.095 Thread 0x000002387f11c800 3828       3       org.codehaus.groovy.runtime.MetaClassHelper::getClassWithNullAndWrapper (28 bytes)
Event: 36.096 Thread 0x000002387f11c800 nmethod 3828 0x000002386b58cb10 code [0x000002386b58cce0, 0x000002386b58d108]
Event: 36.096 Thread 0x000002387f11c800 3829       3       org.codehaus.groovy.runtime.ScriptBytecodeAdapter::compareNotEqual (14 bytes)
Event: 36.096 Thread 0x000002387f11c800 nmethod 3829 0x000002386b58d210 code [0x000002386b58d3c0, 0x000002386b58d528]
Event: 36.096 Thread 0x000002387f11c800 3830       3       org.codehaus.groovy.runtime.ScriptBytecodeAdapter::compareEqual (99 bytes)
Event: 36.097 Thread 0x000002387f11c800 nmethod 3830 0x000002386b58d610 code [0x000002386b58d840, 0x000002386b58de98]
Event: 36.097 Thread 0x000002387f11c800 3831       3       org.codehaus.groovy.runtime.MetaClassHelper::sameClasses (11 bytes)
Event: 36.097 Thread 0x000002387f11c800 nmethod 3831 0x000002386b58e010 code [0x000002386b58e1c0, 0x000002386b58e2f8]
Event: 36.098 Thread 0x000002387f11c800 3832   !   3       java_io_BufferedReader$readLine::call (29 bytes)
Event: 36.098 Thread 0x000002387f11c800 nmethod 3832 0x000002386b58e390 code [0x000002386b58e5a0, 0x000002386b58e948]

GC Heap History (20 events):
Event: 15.986 GC heap before
{Heap before GC invocations=7 (full 0):
 garbage-first heap   total 63488K, used 39924K [0x0000000080000000, 0x0000000100000000)
  region size 1024K, 23 young (23552K), 2 survivors (2048K)
 Metaspace       used 23303K, capacity 23892K, committed 24112K, reserved 538624K
  class space    used 2882K, capacity 3106K, committed 3200K, reserved 516096K
}
Event: 15.991 GC heap after
{Heap after GC invocations=8 (full 0):
 garbage-first heap   total 63488K, used 19080K [0x0000000080000000, 0x0000000100000000)
  region size 1024K, 3 young (3072K), 3 survivors (3072K)
 Metaspace       used 23303K, capacity 23892K, committed 24112K, reserved 538624K
  class space    used 2882K, capacity 3106K, committed 3200K, reserved 516096K
}
Event: 16.523 GC heap before
{Heap before GC invocations=8 (full 0):
 garbage-first heap   total 63488K, used 40584K [0x0000000080000000, 0x0000000100000000)
  region size 1024K, 25 young (25600K), 3 survivors (3072K)
 Metaspace       used 24629K, capacity 25163K, committed 25264K, reserved 538624K
  class space    used 3110K, capacity 3316K, committed 3328K, reserved 516096K
}
Event: 16.529 GC heap after
{Heap after GC invocations=9 (full 0):
 garbage-first heap   total 63488K, used 19870K [0x0000000080000000, 0x0000000100000000)
  region size 1024K, 3 young (3072K), 3 survivors (3072K)
 Metaspace       used 24629K, capacity 25163K, committed 25264K, reserved 538624K
  class space    used 3110K, capacity 3316K, committed 3328K, reserved 516096K
}
Event: 17.554 GC heap before
{Heap before GC invocations=9 (full 0):
 garbage-first heap   total 63488K, used 43422K [0x0000000080000000, 0x0000000100000000)
  region size 1024K, 26 young (26624K), 3 survivors (3072K)
 Metaspace       used 27393K, capacity 28053K, committed 28336K, reserved 540672K
  class space    used 3532K, capacity 3774K, committed 3840K, reserved 516096K
}
Event: 17.562 GC heap after
{Heap after GC invocations=10 (full 0):
 garbage-first heap   total 63488K, used 20876K [0x0000000080000000, 0x0000000100000000)
  region size 1024K, 3 young (3072K), 3 survivors (3072K)
 Metaspace       used 27393K, capacity 28053K, committed 28336K, reserved 540672K
  class space    used 3532K, capacity 3774K, committed 3840K, reserved 516096K
}
Event: 19.381 GC heap before
{Heap before GC invocations=10 (full 0):
 garbage-first heap   total 63488K, used 44428K [0x0000000080000000, 0x0000000100000000)
  region size 1024K, 26 young (26624K), 3 survivors (3072K)
 Metaspace       used 29330K, capacity 30043K, committed 30256K, reserved 542720K
  class space    used 3838K, capacity 4141K, committed 4224K, reserved 516096K
}
Event: 19.393 GC heap after
{Heap after GC invocations=11 (full 0):
 garbage-first heap   total 63488K, used 21502K [0x0000000080000000, 0x0000000100000000)
  region size 1024K, 3 young (3072K), 3 survivors (3072K)
 Metaspace       used 29330K, capacity 30043K, committed 30256K, reserved 542720K
  class space    used 3838K, capacity 4141K, committed 4224K, reserved 516096K
}
Event: 20.598 GC heap before
{Heap before GC invocations=11 (full 0):
 garbage-first heap   total 63488K, used 46078K [0x0000000080000000, 0x0000000100000000)
  region size 1024K, 27 young (27648K), 3 survivors (3072K)
 Metaspace       used 32041K, capacity 32846K, committed 32944K, reserved 544768K
  class space    used 4221K, capacity 4543K, committed 4608K, reserved 516096K
}
Event: 20.606 GC heap after
{Heap after GC invocations=12 (full 0):
 garbage-first heap   total 63488K, used 22251K [0x0000000080000000, 0x0000000100000000)
  region size 1024K, 3 young (3072K), 3 survivors (3072K)
 Metaspace       used 32041K, capacity 32846K, committed 32944K, reserved 544768K
  class space    used 4221K, capacity 4543K, committed 4608K, reserved 516096K
}
Event: 21.478 GC heap before
{Heap before GC invocations=12 (full 0):
 garbage-first heap   total 63488K, used 30443K [0x0000000080000000, 0x0000000100000000)
  region size 1024K, 13 young (13312K), 3 survivors (3072K)
 Metaspace       used 34981K, capacity 35827K, committed 35920K, reserved 548864K
  class space    used 4478K, capacity 4814K, committed 4864K, reserved 516096K
}
Event: 21.495 GC heap after
{Heap after GC invocations=13 (full 0):
 garbage-first heap   total 63488K, used 23704K [0x0000000080000000, 0x0000000100000000)
  region size 1024K, 3 young (3072K), 3 survivors (3072K)
 Metaspace       used 34981K, capacity 35827K, committed 35920K, reserved 548864K
  class space    used 4478K, capacity 4814K, committed 4864K, reserved 516096K
}
Event: 22.455 GC heap before
{Heap before GC invocations=14 (full 0):
 garbage-first heap   total 63488K, used 45208K [0x0000000080000000, 0x0000000100000000)
  region size 1024K, 25 young (25600K), 3 survivors (3072K)
 Metaspace       used 37866K, capacity 38840K, committed 39120K, reserved 550912K
  class space    used 4801K, capacity 5156K, committed 5248K, reserved 516096K
}
Event: 22.474 GC heap after
{Heap after GC invocations=15 (full 0):
 garbage-first heap   total 63488K, used 27096K [0x0000000080000000, 0x0000000100000000)
  region size 1024K, 4 young (4096K), 4 survivors (4096K)
 Metaspace       used 37866K, capacity 38840K, committed 39120K, reserved 550912K
  class space    used 4801K, capacity 5156K, committed 5248K, reserved 516096K
}
Event: 23.382 GC heap before
{Heap before GC invocations=16 (full 0):
 garbage-first heap   total 63488K, used 47576K [0x0000000080000000, 0x0000000100000000)
  region size 1024K, 24 young (24576K), 4 survivors (4096K)
 Metaspace       used 39447K, capacity 40440K, committed 40656K, reserved 552960K
  class space    used 5023K, capacity 5390K, committed 5504K, reserved 516096K
}
Event: 23.394 GC heap after
{Heap after GC invocations=17 (full 0):
 garbage-first heap   total 63488K, used 28363K [0x0000000080000000, 0x0000000100000000)
  region size 1024K, 2 young (2048K), 2 survivors (2048K)
 Metaspace       used 39447K, capacity 40440K, committed 40656K, reserved 552960K
  class space    used 5023K, capacity 5390K, committed 5504K, reserved 516096K
}
Event: 23.408 GC heap before
{Heap before GC invocations=17 (full 0):
 garbage-first heap   total 63488K, used 29387K [0x0000000080000000, 0x0000000100000000)
  region size 1024K, 4 young (4096K), 2 survivors (2048K)
 Metaspace       used 39488K, capacity 40504K, committed 40656K, reserved 552960K
  class space    used 5024K, capacity 5390K, committed 5504K, reserved 516096K
}
Event: 23.413 GC heap after
{Heap after GC invocations=18 (full 0):
 garbage-first heap   total 63488K, used 29645K [0x0000000080000000, 0x0000000100000000)
  region size 1024K, 1 young (1024K), 1 survivors (1024K)
 Metaspace       used 39488K, capacity 40504K, committed 40656K, reserved 552960K
  class space    used 5024K, capacity 5390K, committed 5504K, reserved 516096K
}
Event: 24.076 GC heap before
{Heap before GC invocations=19 (full 0):
 garbage-first heap   total 63488K, used 46029K [0x0000000080000000, 0x0000000100000000)
  region size 1024K, 15 young (15360K), 1 survivors (1024K)
 Metaspace       used 40781K, capacity 41832K, committed 42064K, reserved 552960K
  class space    used 5123K, capacity 5532K, committed 5632K, reserved 516096K
}
Event: 24.080 GC heap after
{Heap after GC invocations=20 (full 0):
 garbage-first heap   total 63488K, used 29223K [0x0000000080000000, 0x0000000100000000)
  region size 1024K, 1 young (1024K), 1 survivors (1024K)
 Metaspace       used 40781K, capacity 41832K, committed 42064K, reserved 552960K
  class space    used 5123K, capacity 5532K, committed 5632K, reserved 516096K
}

Deoptimization events (20 events):
Event: 23.966 Thread 0x0000023802bcb800 DEOPT PACKING pc=0x000002387247e9ec sp=0x00000080150f7e20
Event: 23.966 Thread 0x0000023802bcb800 DEOPT UNPACKING pc=0x000002386a86a1af sp=0x00000080150f7de8 mode 2
Event: 23.966 Thread 0x0000023802bcb800 DEOPT PACKING pc=0x000002386ae9e3fa sp=0x00000080150f77c0
Event: 23.966 Thread 0x0000023802bcb800 DEOPT UNPACKING pc=0x000002386a86a95e sp=0x00000080150f6db0 mode 0
Event: 24.220 Thread 0x0000023802bcb800 Uncommon trap: trap_request=0xffffff4d fr.pc=0x0000023872393094 relative=0x00000000000013d4
Event: 24.220 Thread 0x0000023802bcb800 Uncommon trap: reason=unstable_if action=reinterpret pc=0x0000023872393094 method=java.util.concurrent.ConcurrentHashMap.putVal(Ljava/lang/Object;Ljava/lang/Object;Z)Ljava/lang/Object; @ 231 c2
Event: 24.220 Thread 0x0000023802bcb800 DEOPT PACKING pc=0x0000023872393094 sp=0x00000080150f70a0
Event: 24.220 Thread 0x0000023802bcb800 DEOPT UNPACKING pc=0x000002386a86a1af sp=0x00000080150f7020 mode 2
Event: 28.293 Thread 0x0000023802bcb800 Uncommon trap: trap_request=0xffffff4d fr.pc=0x000002387249072c relative=0x000000000000092c
Event: 28.296 Thread 0x0000023802bcb800 Uncommon trap: reason=unstable_if action=reinterpret pc=0x000002387249072c method=java.io.BufferedInputStream.read([BII)I @ 56 c2
Event: 28.296 Thread 0x0000023802bcb800 DEOPT PACKING pc=0x000002387249072c sp=0x00000080150f8190
Event: 28.296 Thread 0x0000023802bcb800 DEOPT UNPACKING pc=0x000002386a86a1af sp=0x00000080150f8168 mode 2
Event: 28.306 Thread 0x0000023802bcb800 Uncommon trap: trap_request=0xffffffde fr.pc=0x0000023872463d84 relative=0x0000000000000384
Event: 28.306 Thread 0x0000023802bcb800 Uncommon trap: reason=class_check action=maybe_recompile pc=0x0000023872463d84 method=java.util.regex.Pattern$Start.match(Ljava/util/regex/Matcher;ILjava/lang/CharSequence;)Z @ 44 c2
Event: 28.306 Thread 0x0000023802bcb800 DEOPT PACKING pc=0x0000023872463d84 sp=0x00000080150f6090
Event: 28.306 Thread 0x0000023802bcb800 DEOPT UNPACKING pc=0x000002386a86a1af sp=0x00000080150f5fc0 mode 2
Event: 28.306 Thread 0x0000023802bcb800 Uncommon trap: trap_request=0xffffffde fr.pc=0x00000238724661c4 relative=0x0000000000000264
Event: 28.306 Thread 0x0000023802bcb800 Uncommon trap: reason=class_check action=maybe_recompile pc=0x00000238724661c4 method=java.util.regex.Pattern$Start.match(Ljava/util/regex/Matcher;ILjava/lang/CharSequence;)Z @ 44 c2
Event: 28.306 Thread 0x0000023802bcb800 DEOPT PACKING pc=0x00000238724661c4 sp=0x00000080150f5ff0
Event: 28.306 Thread 0x0000023802bcb800 DEOPT UNPACKING pc=0x000002386a86a1af sp=0x00000080150f5fb0 mode 2

Classes redefined (0 events):
No events

Internal exceptions (20 events):
Event: 24.278 Thread 0x0000023802bcb800 Exception <a 'java/lang/NoSuchMethodError'{0x0000000083896790}: 'java.lang.Object java.lang.invoke.DirectMethodHandle$Holder.invokeStatic(java.lang.Object, long)'> (0x0000000083896790) thrown at [./src/hotspot/share/interpreter/linkResolver.cpp, line 773]
Event: 24.279 Thread 0x0000023802bcb800 Exception <a 'java/lang/NoSuchMethodError'{0x000000008389aaa8}: 'java.lang.Object java.lang.invoke.DirectMethodHandle$Holder.invokeSpecial(java.lang.Object, java.lang.Object, long)'> (0x000000008389aaa8) thrown at [./src/hotspot/share/interpreter/linkResolver.cpp, line 773]
Event: 24.282 Thread 0x0000023802bcb800 Exception <a 'java/lang/NoSuchMethodError'{0x00000000838a3860}: 'java.lang.Object java.lang.invoke.DirectMethodHandle$Holder.invokeStatic(java.lang.Object, java.lang.Object, long, java.lang.Object)'> (0x00000000838a3860) thrown at [./src/hotspot/share/interpreter/linkResolver.cpp, line 773]
Event: 24.283 Thread 0x0000023802bcb800 Exception <a 'java/lang/NoSuchMethodError'{0x00000000838a7938}: 'java.lang.Object java.lang.invoke.DirectMethodHandle$Holder.invokeStaticInit(java.lang.Object, java.lang.Object, long, java.lang.Object)'> (0x00000000838a7938) thrown at [./src/hotspot/share/interpreter/linkResolver.cpp, line 773]
Event: 24.296 Thread 0x0000023802bcb800 Exception <a 'java/lang/ClassNotFoundException'{0x00000000838ccf20}: java/lang/ProcessImplBeanInfo> (0x00000000838ccf20) thrown at [./src/hotspot/share/classfile/systemDictionary.cpp, line 230]
Event: 24.296 Thread 0x0000023802bcb800 Exception <a 'java/lang/ClassNotFoundException'{0x00000000838d2910}: java/lang/ProcessBeanInfo> (0x00000000838d2910) thrown at [./src/hotspot/share/classfile/systemDictionary.cpp, line 230]
Event: 24.297 Thread 0x0000023802bcb800 Exception <a 'java/lang/ClassNotFoundException'{0x00000000838d82c8}: java/lang/ProcessCustomizer> (0x00000000838d82c8) thrown at [./src/hotspot/share/classfile/systemDictionary.cpp, line 230]
Event: 24.300 Thread 0x0000023802bcb800 Exception <a 'java/lang/ClassNotFoundException'{0x00000000838e8958}: java/lang/ProcessImplCustomizer> (0x00000000838e8958) thrown at [./src/hotspot/share/classfile/systemDictionary.cpp, line 230]
Event: 24.320 Thread 0x0000023802bcb800 Exception <a 'java/lang/ClassNotFoundException'{0x000000008373b580}: java/io/InputStreamReaderBeanInfo> (0x000000008373b580) thrown at [./src/hotspot/share/classfile/systemDictionary.cpp, line 230]
Event: 24.322 Thread 0x0000023802bcb800 Exception <a 'java/lang/ClassNotFoundException'{0x0000000083740ee8}: java/io/ReaderBeanInfo> (0x0000000083740ee8) thrown at [./src/hotspot/share/classfile/systemDictionary.cpp, line 230]
Event: 24.323 Thread 0x0000023802bcb800 Exception <a 'java/lang/ClassNotFoundException'{0x0000000083746868}: java/io/ReaderCustomizer> (0x0000000083746868) thrown at [./src/hotspot/share/classfile/systemDictionary.cpp, line 230]
Event: 24.324 Thread 0x0000023802bcb800 Exception <a 'java/lang/ClassNotFoundException'{0x0000000083751918}: java/io/InputStreamReaderCustomizer> (0x0000000083751918) thrown at [./src/hotspot/share/classfile/systemDictionary.cpp, line 230]
Event: 24.337 Thread 0x0000023802bcb800 Exception <a 'java/lang/ClassNotFoundException'{0x00000000837759a0}: java/io/BufferedReaderBeanInfo> (0x00000000837759a0) thrown at [./src/hotspot/share/classfile/systemDictionary.cpp, line 230]
Event: 24.338 Thread 0x0000023802bcb800 Exception <a 'java/lang/ClassNotFoundException'{0x000000008377b360}: java/io/BufferedReaderCustomizer> (0x000000008377b360) thrown at [./src/hotspot/share/classfile/systemDictionary.cpp, line 230]
Event: 24.359 Thread 0x0000023802bcb800 Exception <a 'java/lang/ClassNotFoundException'{0x00000000836b2da0}: java/lang/StringBufferBeanInfo> (0x00000000836b2da0) thrown at [./src/hotspot/share/classfile/systemDictionary.cpp, line 230]
Event: 24.359 Thread 0x0000023802bcb800 Exception <a 'java/lang/ClassNotFoundException'{0x00000000836b87d8}: java/lang/AbstractStringBuilderBeanInfo> (0x00000000836b87d8) thrown at [./src/hotspot/share/classfile/systemDictionary.cpp, line 230]
Event: 24.360 Thread 0x0000023802bcb800 Exception <a 'java/lang/ClassNotFoundException'{0x00000000836be348}: java/lang/AbstractStringBuilderCustomizer> (0x00000000836be348) thrown at [./src/hotspot/share/classfile/systemDictionary.cpp, line 230]
Event: 24.373 Thread 0x0000023802bcb800 Exception <a 'java/lang/ClassNotFoundException'{0x00000000835a22f8}: java/lang/StringBufferCustomizer> (0x00000000835a22f8) thrown at [./src/hotspot/share/classfile/systemDictionary.cpp, line 230]
Event: 28.305 Thread 0x0000023802bcb800 Exception <a 'java/lang/ClassNotFoundException'{0x00000000833d5be0}: java/lang/StringBeanInfo> (0x00000000833d5be0) thrown at [./src/hotspot/share/classfile/systemDictionary.cpp, line 230]
Event: 28.305 Thread 0x0000023802bcb800 Exception <a 'java/lang/ClassNotFoundException'{0x00000000833db598}: java/lang/StringCustomizer> (0x00000000833db598) thrown at [./src/hotspot/share/classfile/systemDictionary.cpp, line 230]

Events (20 events):
Event: 28.293 loading class groovy/lang/GroovyRuntimeException
Event: 28.293 loading class groovy/lang/GroovyRuntimeException done
Event: 28.294 Executing VM operation: RevokeBias
Event: 28.295 Executing VM operation: RevokeBias done
Event: 28.297 loading class groovy/lang/GroovyRuntimeException
Event: 28.297 loading class groovy/lang/GroovyRuntimeException done
Event: 28.297 loading class org/codehaus/groovy/runtime/typehandling/DefaultTypeTransformation
Event: 28.297 loading class org/codehaus/groovy/runtime/typehandling/DefaultTypeTransformation done
Event: 28.298 loading class groovy/runtime/metaclass/java/lang/StringMetaClass
Event: 28.298 loading class groovy/runtime/metaclass/java/lang/StringMetaClass done
Event: 28.304 loading class java/lang/StringBeanInfo
Event: 28.304 loading class java/lang/StringBeanInfo done
Event: 28.305 loading class java/lang/StringBeanInfo
Event: 28.305 loading class java/lang/StringBeanInfo done
Event: 28.305 loading class java/lang/StringCustomizer
Event: 28.305 loading class java/lang/StringCustomizer done
Event: 28.305 loading class java/lang/StringCustomizer
Event: 28.305 loading class java/lang/StringCustomizer done
Event: 28.309 loading class org/codehaus/groovy/runtime/dgm$1154
Event: 28.309 loading class org/codehaus/groovy/runtime/dgm$1154 done


Dynamic libraries:
0x00007ff7eee10000 - 0x00007ff7eee1d000 	C:\Program Files\Microsoft\jdk-11.0.18.10-hotspot\bin\java.exe
0x00007ffd47790000 - 0x00007ffd47988000 	C:\WINDOWS\SYSTEM32\ntdll.dll
0x00007ffd466e0000 - 0x00007ffd4679d000 	C:\WINDOWS\System32\KERNEL32.DLL
0x00007ffd44ee0000 - 0x00007ffd451d6000 	C:\WINDOWS\System32\KERNELBASE.dll
0x00007ffd454f0000 - 0x00007ffd455f0000 	C:\WINDOWS\System32\ucrtbase.dll
0x00007ffd37300000 - 0x00007ffd37317000 	C:\Program Files\Microsoft\jdk-11.0.18.10-hotspot\bin\jli.dll
0x00007ffd457c0000 - 0x00007ffd4595f000 	C:\WINDOWS\System32\USER32.dll
0x00007ffd45270000 - 0x00007ffd45292000 	C:\WINDOWS\System32\win32u.dll
0x00007ffd45960000 - 0x00007ffd4598b000 	C:\WINDOWS\System32\GDI32.dll
0x00007ffd452a0000 - 0x00007ffd453b7000 	C:\WINDOWS\System32\gdi32full.dll
0x00007ffd44e40000 - 0x00007ffd44edd000 	C:\WINDOWS\System32\msvcp_win.dll
0x00007ffd31ed0000 - 0x00007ffd31ee5000 	C:\Program Files\Microsoft\jdk-11.0.18.10-hotspot\bin\VCRUNTIME140.dll
0x00007ffd3a710000 - 0x00007ffd3a9aa000 	C:\WINDOWS\WinSxS\amd64_microsoft.windows.common-controls_6595b64144ccf1df_6.0.19041.4355_none_60b8b9eb71f62e16\COMCTL32.dll
0x00007ffd460f0000 - 0x00007ffd4618e000 	C:\WINDOWS\System32\msvcrt.dll
0x00007ffd45d00000 - 0x00007ffd45d32000 	C:\WINDOWS\System32\IMM32.DLL
0x00007ffd25340000 - 0x00007ffd253db000 	C:\Program Files\Microsoft\jdk-11.0.18.10-hotspot\bin\msvcp140.dll
0x00007ffcf8f80000 - 0x00007ffcf9b12000 	C:\Program Files\Microsoft\jdk-11.0.18.10-hotspot\bin\server\jvm.dll
0x00007ffd465a0000 - 0x00007ffd46650000 	C:\WINDOWS\System32\ADVAPI32.dll
0x00007ffd46190000 - 0x00007ffd46230000 	C:\WINDOWS\System32\sechost.dll
0x00007ffd45fa0000 - 0x00007ffd460c3000 	C:\WINDOWS\System32\RPCRT4.dll
0x00007ffd45410000 - 0x00007ffd45437000 	C:\WINDOWS\System32\bcrypt.dll
0x00007ffd47430000 - 0x00007ffd47438000 	C:\WINDOWS\System32\PSAPI.DLL
0x00007ffd38d60000 - 0x00007ffd38d69000 	C:\WINDOWS\SYSTEM32\WSOCK32.dll
0x00007ffd47660000 - 0x00007ffd476cb000 	C:\WINDOWS\System32\WS2_32.dll
0x00007ffd2a340000 - 0x00007ffd2a367000 	C:\WINDOWS\SYSTEM32\WINMM.dll
0x00007ffd3a9c0000 - 0x00007ffd3a9ca000 	C:\WINDOWS\SYSTEM32\VERSION.dll
0x00007ffd43650000 - 0x00007ffd43662000 	C:\WINDOWS\SYSTEM32\kernel.appcore.dll
0x00007ffd3eee0000 - 0x00007ffd3eef0000 	C:\Program Files\Microsoft\jdk-11.0.18.10-hotspot\bin\verify.dll
0x00007ffd42bb0000 - 0x00007ffd42d94000 	C:\WINDOWS\SYSTEM32\DBGHELP.DLL
0x00007ffd3d410000 - 0x00007ffd3d444000 	C:\WINDOWS\SYSTEM32\dbgcore.DLL
0x00007ffd451e0000 - 0x00007ffd45262000 	C:\WINDOWS\System32\bcryptPrimitives.dll
0x00007ffd27fd0000 - 0x00007ffd27ff8000 	C:\Program Files\Microsoft\jdk-11.0.18.10-hotspot\bin\java.dll
0x00007ffd3ec40000 - 0x00007ffd3ec4a000 	C:\Program Files\Microsoft\jdk-11.0.18.10-hotspot\bin\jimage.dll
0x00007ffd2a1f0000 - 0x00007ffd2a208000 	C:\Program Files\Microsoft\jdk-11.0.18.10-hotspot\bin\zip.dll
0x00007ffd46cc0000 - 0x00007ffd4742b000 	C:\WINDOWS\System32\SHELL32.dll
0x00007ffd42da0000 - 0x00007ffd4353d000 	C:\WINDOWS\SYSTEM32\windows.storage.dll
0x00007ffd459a0000 - 0x00007ffd45cf3000 	C:\WINDOWS\System32\combase.dll
0x00007ffd44790000 - 0x00007ffd447be000 	C:\WINDOWS\SYSTEM32\Wldp.dll
0x00007ffd45ed0000 - 0x00007ffd45f9d000 	C:\WINDOWS\System32\OLEAUT32.dll
0x00007ffd46c10000 - 0x00007ffd46cbd000 	C:\WINDOWS\System32\SHCORE.dll
0x00007ffd46350000 - 0x00007ffd463a5000 	C:\WINDOWS\System32\shlwapi.dll
0x00007ffd44d70000 - 0x00007ffd44d94000 	C:\WINDOWS\SYSTEM32\profapi.dll
0x00007ffd3bce0000 - 0x00007ffd3bcf9000 	C:\Program Files\Microsoft\jdk-11.0.18.10-hotspot\bin\net.dll
0x00007ffd3b740000 - 0x00007ffd3b84a000 	C:\WINDOWS\SYSTEM32\WINHTTP.dll
0x00007ffd444f0000 - 0x00007ffd4455a000 	C:\WINDOWS\system32\mswsock.dll
0x00007ffd37320000 - 0x00007ffd37333000 	C:\Program Files\Microsoft\jdk-11.0.18.10-hotspot\bin\nio.dll
0x00007ffd33310000 - 0x00007ffd33337000 	C:\Users\IT Foundation\.gradle\native\68d5fa5c4cc2d200863cafc0d521ce42e7d3e7ee720ec0a83991735586a16f82\windows-amd64\native-platform.dll
0x00007ffd13d80000 - 0x00007ffd13ec4000 	C:\Users\IT Foundation\.gradle\native\e376f236ea51e6404a007f0833ffe2c6e607c4080706a723a18a27aeea778392\windows-amd64\native-platform-file-events.dll
0x00007ffd3eed0000 - 0x00007ffd3eed9000 	C:\Program Files\Microsoft\jdk-11.0.18.10-hotspot\bin\management.dll
0x00007ffd3edd0000 - 0x00007ffd3eddb000 	C:\Program Files\Microsoft\jdk-11.0.18.10-hotspot\bin\management_ext.dll
0x00007ffd446e0000 - 0x00007ffd446f8000 	C:\WINDOWS\SYSTEM32\CRYPTSP.dll
0x00007ffd43e10000 - 0x00007ffd43e44000 	C:\WINDOWS\system32\rsaenh.dll
0x00007ffd44d20000 - 0x00007ffd44d4e000 	C:\WINDOWS\SYSTEM32\USERENV.dll
0x00007ffd44700000 - 0x00007ffd4470c000 	C:\WINDOWS\SYSTEM32\CRYPTBASE.dll
0x00007ffd441d0000 - 0x00007ffd4420b000 	C:\WINDOWS\SYSTEM32\IPHLPAPI.DLL
0x00007ffd45990000 - 0x00007ffd45998000 	C:\WINDOWS\System32\NSI.dll
0x00007ffd3ba10000 - 0x00007ffd3ba27000 	C:\WINDOWS\SYSTEM32\dhcpcsvc6.DLL
0x00007ffd3c960000 - 0x00007ffd3c97d000 	C:\WINDOWS\SYSTEM32\dhcpcsvc.DLL
0x00007ffd44210000 - 0x00007ffd442db000 	C:\WINDOWS\SYSTEM32\DNSAPI.dll

dbghelp: loaded successfully - version: 4.0.5 - missing functions: none
symbol engine: initialized successfully - sym options: 0x614 - pdb path: .;C:\Program Files\Microsoft\jdk-11.0.18.10-hotspot\bin;C:\WINDOWS\SYSTEM32;C:\WINDOWS\WinSxS\amd64_microsoft.windows.common-controls_6595b64144ccf1df_6.0.19041.4355_none_60b8b9eb71f62e16;C:\Program Files\Microsoft\jdk-11.0.18.10-hotspot\bin\server;C:\Users\IT Foundation\.gradle\native\68d5fa5c4cc2d200863cafc0d521ce42e7d3e7ee720ec0a83991735586a16f82\windows-amd64;C:\Users\IT Foundation\.gradle\native\e376f236ea51e6404a007f0833ffe2c6e607c4080706a723a18a27aeea778392\windows-amd64

VM Arguments:
jvm_args: -XX:MaxMetaspaceSize=512m --add-opens=java.base/java.util=ALL-UNNAMED --add-opens=java.base/java.lang=ALL-UNNAMED --add-opens=java.base/java.lang.invoke=ALL-UNNAMED --add-opens=java.prefs/java.util.prefs=ALL-UNNAMED --add-opens=java.base/java.nio.charset=ALL-UNNAMED --add-opens=java.base/java.net=ALL-UNNAMED --add-opens=java.base/java.util.concurrent.atomic=ALL-UNNAMED -Xmx2048m -Dfile.encoding=windows-1252 -Duser.country=US -Duser.language=en -Duser.variant 
java_command: org.gradle.launcher.daemon.bootstrap.GradleDaemon 8.0.1
java_class_path (initial): C:\Users\IT Foundation\.gradle\wrapper\dists\gradle-8.0.1-all\aro4hu1c3oeioove7l0i4i14o\gradle-8.0.1\lib\gradle-launcher-8.0.1.jar
Launcher Type: SUN_STANDARD

[Global flags]
     intx CICompilerCount                          = 3                                         {product} {ergonomic}
   size_t CompressedClassSpaceSize                 = 528482304                                 {product} {ergonomic}
     uint ConcGCThreads                            = 1                                         {product} {ergonomic}
     uint G1ConcRefinementThreads                  = 4                                         {product} {ergonomic}
   size_t G1HeapRegionSize                         = 1048576                                   {product} {ergonomic}
    uintx GCDrainStackTargetSize                   = 64                                        {product} {ergonomic}
   size_t InitialHeapSize                          = 65011712                                  {product} {ergonomic}
   size_t MarkStackSize                            = 4194304                                   {product} {ergonomic}
   size_t MaxHeapSize                              = 2147483648                                {product} {command line}
   size_t MaxMetaspaceSize                         = 536870912                                 {product} {command line}
   size_t MaxNewSize                               = 1287651328                                {product} {ergonomic}
   size_t MinHeapDeltaBytes                        = 1048576                                   {product} {ergonomic}
    uintx NonNMethodCodeHeapSize                   = 5830732                                {pd product} {ergonomic}
    uintx NonProfiledCodeHeapSize                  = 122913754                              {pd product} {ergonomic}
    uintx ProfiledCodeHeapSize                     = 122913754                              {pd product} {ergonomic}
    uintx ReservedCodeCacheSize                    = 251658240                              {pd product} {ergonomic}
     bool SegmentedCodeCache                       = true                                      {product} {ergonomic}
     bool UseCompressedClassPointers               = true                                 {lp64_product} {ergonomic}
     bool UseCompressedOops                        = true                                 {lp64_product} {ergonomic}
     bool UseG1GC                                  = true                                      {product} {ergonomic}
     bool UseLargePagesIndividualAllocation        = false                                  {pd product} {ergonomic}

Logging:
Log output configuration:
 #0: stdout all=warning uptime,level,tags
 #1: stderr all=off uptime,level,tags

Environment Variables:
JAVA_HOME=C:\Program Files\Microsoft\jdk-11.0.18.10-hotspot\
CLASSPATH=D:\reactntv\Myapp\android\\gradle\wrapper\gradle-wrapper.jar
PATH=D:\reactntv\Myapp\node_modules\.bin;D:\reactntv\node_modules\.bin;D:\node_modules\.bin;C:\Users\IT Foundation\AppData\Roaming\npm\node_modules\npm\node_modules\@npmcli\run-script\lib\node-gyp-bin;C:\Program Files\Microsoft\jdk-11.0.18.10-hotspot\bin;C:\Python310\Scripts\;C:\Python310\;C:\WINDOWS\system32;C:\WINDOWS;C:\WINDOWS\System32\Wbem;C:\WINDOWS\System32\WindowsPowerShell\v1.0\;C:\WINDOWS\System32\OpenSSH\;C:\ProgramData\chocolatey\bin;C:\Users\IT Foundation\AppData\Local\Android\Sdk\platform-tools;C:\Program Files\dotnet\;D:\node\;C:\Program Files\MongoDB\Server\7.0\bin;C:\Users\IT Foundation\AppData\Local\Programs\Microsoft VS Code\bin;C:\Users\IT Foundation\AppData\Local\Microsoft\WindowsApps;C:\Users\IT Foundation\AppData\Local\GitHubDesktop\bin;C:\Users\IT Foundation\AppData\Local\Android\Sdk\platform-tools;C:\MinGW\bin;C:\Program Files\MongoDB\Server\7.0\bin;C:\Users\IT Foundation\AppData\Roaming\npm
USERNAME=IT Foundation
LANG=en_US.UTF-8
OS=Windows_NT
PROCESSOR_IDENTIFIER=Intel64 Family 6 Model 78 Stepping 3, GenuineIntel
TMP=C:\Users\ITFOUN~1\AppData\Local\Temp
TEMP=C:\Users\ITFOUN~1\AppData\Local\Temp



---------------  S Y S T E M  ---------------

OS: Windows 10 , 64 bit Build 19041 (10.0.19041.3636)
OS uptime: 5 days 20:39 hours

CPU:total 4 (initial active 4) (2 cores per cpu, 2 threads per core) family 6 model 78 stepping 3 microcode 0xcc, cmov, cx8, fxsr, mmx, sse, sse2, sse3, ssse3, sse4.1, sse4.2, popcnt, avx, avx2, aes, clmul, erms, 3dnowpref, lzcnt, ht, tsc, tscinvbit, bmi1, bmi2, adx, fma

Memory: 4k page, system-wide physical 3879M (101M free)
TotalPageFile size 13856M (AvailPageFile size 65M)
current process WorkingSet (physical memory assigned to process): 166M, peak: 196M
current process commit charge ("private bytes"): 208M, peak: 231M

vm_info: OpenJDK 64-Bit Server VM (11.0.18+10-LTS) for windows-amd64 JRE (11.0.18+10-LTS), built on Jan 18 2023 15:56:47 by "MicrosoftCorporation" with MS VC++ 15.9 (VS2017)

END.
